2026-03-29 00:05:41 [INFO]: ✅ Connected to MongoDB 
2026-03-29 00:05:41 [INFO]: 🔥  Forced seeding of Exam Database enabled. 
2026-03-29 00:05:41 [INFO]: ⚠ Clearing old Questions... 
2026-03-29 00:05:42 [INFO]: ⚠ Clearing old Topics... 
2026-03-29 00:05:42 [INFO]: ⚠ Clearing old Units... 
2026-03-29 00:05:42 [INFO]: ⚠ Clearing old Subjects... 
2026-03-29 00:05:42 [INFO]: ⚠ Clearing old Exams... 
2026-03-29 00:05:42 [INFO]: ⚠ Clearing old Payments... 
2026-03-29 00:05:42 [INFO]: ⚡ Seeding Exam database... 
2026-03-29 00:05:42 [INFO]: 🔥 Exam seeded: 4 successfully! 
2026-03-29 00:05:42 [INFO]: 🔥 Subject seeded: 4 successfully! 
2026-03-29 00:05:42 [INFO]: 🔥 Unit seeded: 11 successfully! 
2026-03-29 00:05:42 [INFO]: 🔥 Topics seeded: 49 successfully! 
2026-03-29 00:05:42 [INFO]: 📂 Seeding Questions From questiontable_E1_S1_U1.json... 
2026-03-29 00:05:44 [INFO]: ✅ Inserted 460 from questiontable_E1_S1_U1.json 
2026-03-29 00:05:44 [INFO]: 📂 Seeding Questions From questiontable_E1_S1_U2.json... 
2026-03-29 00:05:44 [INFO]: ✅ Inserted 40 from questiontable_E1_S1_U2.json 
2026-03-29 00:05:44 [INFO]: 🔥 Total Questions seeded: 500 
2026-03-29 00:05:44 [INFO]: ✅ All Exam database seeded successfully! 
2026-03-29 00:05:44 [INFO]: 🔥  Forced seeding of UserRoles Database enabled. 
2026-03-29 00:05:44 [INFO]: ⚠ Clearing old Users... 
2026-03-29 00:05:44 [INFO]: ⚠ Clearing old Roles... 
2026-03-29 00:05:44 [INFO]: ⚡ Seeding UserRoles Database ... 
2026-03-29 00:05:44 [INFO]: 🔥 Roles seeded: 5 successfully! 
2026-03-29 00:05:44 [INFO]: 🔥 Users seeded: 2 successfully! 
2026-03-29 00:05:44 [INFO]: ✅ All UserRole Database seeded successfully! 
2026-03-29 00:07:13 [INFO]: ✅ Connected to MongoDB 
2026-03-29 00:07:13 [INFO]: 🔥  Forced seeding of Exam Database enabled. 
2026-03-29 00:07:13 [INFO]: ⚠ Clearing old Questions... 
2026-03-29 00:07:13 [INFO]: ⚠ Clearing old Topics... 
2026-03-29 00:07:13 [INFO]: ⚠ Clearing old Units... 
2026-03-29 00:07:13 [INFO]: ⚠ Clearing old Subjects... 
2026-03-29 00:07:13 [INFO]: ⚠ Clearing old Exams... 
2026-03-29 00:07:13 [INFO]: ⚠ Clearing old Payments... 
2026-03-29 00:07:13 [INFO]: ⚡ Seeding Exam database... 
2026-03-29 00:07:13 [INFO]: 🔥 Exam seeded: 4 successfully! 
2026-03-29 00:07:13 [INFO]: 🔥 Subject seeded: 4 successfully! 
2026-03-29 00:07:14 [INFO]: 🔥 Unit seeded: 11 successfully! 
2026-03-29 00:07:14 [INFO]: 🔥 Topics seeded: 49 successfully! 
2026-03-29 00:07:14 [INFO]: 📂 Seeding Questions From questiontable_E1_S1_U1.json... 
2026-03-29 00:07:15 [INFO]: ✅ Inserted 460 from questiontable_E1_S1_U1.json 
2026-03-29 00:07:15 [INFO]: 📂 Seeding Questions From questiontable_E1_S1_U2.json... 
2026-03-29 00:07:15 [INFO]: ✅ Inserted 40 from questiontable_E1_S1_U2.json 
2026-03-29 00:07:15 [INFO]: 🔥 Total Questions seeded: 500 
2026-03-29 00:07:15 [INFO]: ✅ All Exam database seeded successfully! 
2026-03-29 00:07:15 [INFO]: 🔥  Forced seeding of UserRoles Database enabled. 
2026-03-29 00:07:15 [INFO]: ⚠ Clearing old Users... 
2026-03-29 00:07:15 [INFO]: ⚠ Clearing old Roles... 
2026-03-29 00:07:15 [INFO]: ⚡ Seeding UserRoles Database ... 
2026-03-29 00:07:15 [INFO]: 🔥 Roles seeded: 5 successfully! 
2026-03-29 00:07:15 [INFO]: 🔥 Users seeded: 2 successfully! 
2026-03-29 00:07:15 [INFO]: ✅ All UserRole Database seeded successfully! 
2026-03-29 00:08:08 [INFO]: ✅ Connected to MongoDB 
2026-03-29 00:08:08 [INFO]: 🔥  Forced seeding of Exam Database enabled. 
2026-03-29 00:08:08 [INFO]: ⚠ Clearing old Questions... 
2026-03-29 00:08:08 [INFO]: ⚠ Clearing old Topics... 
2026-03-29 00:08:08 [INFO]: ⚠ Clearing old Units... 
2026-03-29 00:08:08 [INFO]: ⚠ Clearing old Subjects... 
2026-03-29 00:08:08 [INFO]: ⚠ Clearing old Exams... 
2026-03-29 00:08:08 [INFO]: ⚠ Clearing old Payments... 
2026-03-29 00:08:09 [INFO]: ⚡ Seeding Exam database... 
2026-03-29 00:08:09 [INFO]: 🔥 Exam seeded: 4 successfully! 
2026-03-29 00:08:10 [INFO]: 🔥 Subject seeded: 4 successfully! 
2026-03-29 00:08:10 [INFO]: 🔥 Unit seeded: 11 successfully! 
2026-03-29 00:08:10 [INFO]: 🔥 Topics seeded: 49 successfully! 
2026-03-29 00:08:10 [INFO]: 📂 Seeding Questions From questiontable_E1_S1_U1.json... 
2026-03-29 00:08:10 [INFO]: ✅ Inserted 460 from questiontable_E1_S1_U1.json 
2026-03-29 00:08:10 [INFO]: 📂 Seeding Questions From questiontable_E1_S1_U2.json... 
2026-03-29 00:08:10 [INFO]: ✅ Inserted 40 from questiontable_E1_S1_U2.json 
2026-03-29 00:08:10 [INFO]: 🔥 Total Questions seeded: 500 
2026-03-29 00:08:10 [INFO]: ✅ All Exam database seeded successfully! 
2026-03-29 00:08:10 [INFO]: 🔥  Forced seeding of UserRoles Database enabled. 
2026-03-29 00:08:10 [INFO]: ⚠ Clearing old Users... 
2026-03-29 00:08:10 [INFO]: ⚠ Clearing old Roles... 
2026-03-29 00:08:10 [INFO]: ⚡ Seeding UserRoles Database ... 
2026-03-29 00:08:10 [INFO]: 🔥 Roles seeded: 5 successfully! 
2026-03-29 00:08:10 [INFO]: 🔥 Users seeded: 2 successfully! 
2026-03-29 00:08:10 [INFO]: ✅ All UserRole Database seeded successfully! 
2026-03-29 00:09:00 [INFO]: ✅ Connected to MongoDB 
2026-03-29 00:09:00 [INFO]: 🔥  Forced seeding of Exam Database enabled. 
2026-03-29 00:09:00 [INFO]: ⚠ Clearing old Questions... 
2026-03-29 00:09:00 [INFO]: ⚠ Clearing old Topics... 
2026-03-29 00:09:00 [INFO]: ⚠ Clearing old Units... 
2026-03-29 00:09:00 [INFO]: ⚠ Clearing old Subjects... 
2026-03-29 00:09:00 [INFO]: ⚠ Clearing old Exams... 
2026-03-29 00:09:00 [INFO]: ⚠ Clearing old Payments... 
2026-03-29 00:09:00 [INFO]: ⚡ Seeding Exam database... 
2026-03-29 00:09:01 [INFO]: 🔥 Exam seeded: 4 successfully! 
2026-03-29 00:09:02 [INFO]: 🔥 Subject seeded: 4 successfully! 
2026-03-29 00:09:02 [INFO]: 🔥 Unit seeded: 11 successfully! 
2026-03-29 00:09:02 [INFO]: 🔥 Topics seeded: 49 successfully! 
2026-03-29 00:09:02 [INFO]: 📂 Seeding Questions From questiontable_E1_S1_U1.json... 
2026-03-29 00:09:02 [INFO]: ✅ Inserted 460 from questiontable_E1_S1_U1.json 
2026-03-29 00:09:02 [INFO]: 📂 Seeding Questions From questiontable_E1_S1_U2.json... 
2026-03-29 00:09:02 [INFO]: ✅ Inserted 40 from questiontable_E1_S1_U2.json 
2026-03-29 00:09:02 [INFO]: 🔥 Total Questions seeded: 500 
2026-03-29 00:09:02 [INFO]: ✅ All Exam database seeded successfully! 
2026-03-29 00:09:02 [INFO]: 🔥  Forced seeding of UserRoles Database enabled. 
2026-03-29 00:09:02 [INFO]: ⚠ Clearing old Users... 
2026-03-29 00:09:02 [INFO]: ⚠ Clearing old Roles... 
2026-03-29 00:09:03 [INFO]: ⚡ Seeding UserRoles Database ... 
2026-03-29 00:09:03 [INFO]: 🔥 Roles seeded: 5 successfully! 
2026-03-29 00:09:03 [INFO]: 🔥 Users seeded: 2 successfully! 
2026-03-29 00:09:03 [INFO]: ✅ All UserRole Database seeded successfully! 
2026-03-29 00:12:12 [INFO]: ✅ Connected to MongoDB 
2026-03-29 00:12:12 [INFO]: 🔥  Forced seeding of Exam Database enabled. 
2026-03-29 00:12:12 [INFO]: ⚠ Clearing old Questions... 
2026-03-29 00:12:13 [INFO]: ⚠ Clearing old Topics... 
2026-03-29 00:12:13 [INFO]: ⚠ Clearing old Units... 
2026-03-29 00:12:14 [INFO]: ⚠ Clearing old Subjects... 
2026-03-29 00:12:14 [INFO]: ⚠ Clearing old Exams... 
2026-03-29 00:12:14 [INFO]: ⚠ Clearing old Payments... 
2026-03-29 00:12:14 [INFO]: ⚡ Seeding Exam database... 
2026-03-29 00:12:14 [INFO]: 🔥 Exam seeded: 4 successfully! 
2026-03-29 00:12:14 [INFO]: 🔥 Subject seeded: 4 successfully! 
2026-03-29 00:12:14 [INFO]: 🔥 Unit seeded: 11 successfully! 
2026-03-29 00:12:14 [INFO]: 🔥 Topics seeded: 49 successfully! 
2026-03-29 00:12:14 [INFO]: 📂 Seeding Questions From questiontable_E1_S1_U1.json... 
2026-03-29 00:12:15 [INFO]: ✅ Inserted 460 from questiontable_E1_S1_U1.json 
2026-03-29 00:12:15 [INFO]: 📂 Seeding Questions From questiontable_E1_S1_U2.json... 
2026-03-29 00:12:15 [INFO]: ✅ Inserted 40 from questiontable_E1_S1_U2.json 
2026-03-29 00:12:15 [INFO]: 🔥 Total Questions seeded: 500 
2026-03-29 00:12:15 [INFO]: ✅ All Exam database seeded successfully! 
2026-03-29 00:12:15 [INFO]: 🔥  Forced seeding of UserRoles Database enabled. 
2026-03-29 00:12:15 [INFO]: ⚠ Clearing old Users... 
2026-03-29 00:12:15 [INFO]: ⚠ Clearing old Roles... 
2026-03-29 00:12:16 [INFO]: ⚡ Seeding UserRoles Database ... 
2026-03-29 00:12:16 [INFO]: 🔥 Roles seeded: 5 successfully! 
2026-03-29 00:12:16 [INFO]: 🔥 Users seeded: 2 successfully! 
2026-03-29 00:12:16 [INFO]: ✅ All UserRole Database seeded successfully! 
2026-03-29 00:14:14 [INFO]: 🚀 Server running on port 3000 
2026-03-29 00:14:14 [INFO]: ✅ Connected to MongoDB 
2026-03-29 00:14:14 [INFO]: 🔥  Forced seeding of Exam Database enabled. 
2026-03-29 00:14:14 [INFO]: ⚠ Clearing old Questions... 
2026-03-29 00:14:15 [INFO]: ⚠ Clearing old Topics... 
2026-03-29 00:14:15 [INFO]: ⚠ Clearing old Units... 
2026-03-29 00:14:15 [INFO]: ⚠ Clearing old Subjects... 
2026-03-29 00:14:15 [INFO]: ⚠ Clearing old Exams... 
2026-03-29 00:14:15 [INFO]: ⚠ Clearing old Payments... 
2026-03-29 00:14:15 [INFO]: ⚡ Seeding Exam database... 
2026-03-29 00:14:15 [INFO]: 🔥 Exam seeded: 4 successfully! 
2026-03-29 00:14:16 [INFO]: 🔥 Subject seeded: 4 successfully! 
2026-03-29 00:14:16 [INFO]: 🔥 Unit seeded: 11 successfully! 
2026-03-29 00:14:16 [INFO]: 🔥 Topics seeded: 49 successfully! 
2026-03-29 00:14:16 [INFO]: 📂 Seeding Questions From questiontable_E1_S1_U1.json... 
2026-03-29 00:14:17 [INFO]: ✅ Inserted 460 from questiontable_E1_S1_U1.json 
2026-03-29 00:14:17 [INFO]: 📂 Seeding Questions From questiontable_E1_S1_U2.json... 
2026-03-29 00:14:17 [INFO]: ✅ Inserted 40 from questiontable_E1_S1_U2.json 
2026-03-29 00:14:17 [INFO]: 🔥 Total Questions seeded: 500 
2026-03-29 00:14:17 [INFO]: ✅ All Exam database seeded successfully! 
2026-03-29 00:14:17 [INFO]: 🔥  Forced seeding of UserRoles Database enabled. 
2026-03-29 00:14:17 [INFO]: ⚠ Clearing old Users... 
2026-03-29 00:14:17 [INFO]: ⚠ Clearing old Roles... 
2026-03-29 00:14:17 [INFO]: ⚡ Seeding UserRoles Database ... 
2026-03-29 00:14:17 [INFO]: 🔥 Roles seeded: 5 successfully! 
2026-03-29 00:14:17 [INFO]: 🔥 Users seeded: 2 successfully! 
2026-03-29 00:14:17 [INFO]: ✅ All UserRole Database seeded successfully! 
2026-03-29 00:14:17 [INFO]: GET / 127.0.0.1 
2026-03-29 00:14:17 [INFO]: GET /css/desktopStyle.css 127.0.0.1 
2026-03-29 00:14:17 [INFO]: GET /images/biobrain-logo.png 127.0.0.1 
2026-03-29 00:14:18 [INFO]: GET /images/dna-pattern.png 127.0.0.1 
2026-03-29 00:14:18 [INFO]: GET /images/molucule-structure.png 127.0.0.1 
2026-03-29 00:14:21 [INFO]: GET /mocktest/init/E4/S1 127.0.0.1 
2026-03-29 00:14:21 [INFO]: GET /authentication/login 127.0.0.1 
2026-03-29 00:14:21 [INFO]: GET /css/desktopStyle.css 127.0.0.1 
2026-03-29 00:14:21 [INFO]: GET /images/biobrain-logo.png 127.0.0.1 
2026-03-29 00:14:31 [INFO]: POST /authentication/login 127.0.0.1 
2026-03-29 00:14:31 [INFO]: GET /mocktest/init/E4/S1 127.0.0.1 
2026-03-29 00:14:32 [INFO]: GET /css/desktopStyle.css 127.0.0.1 
2026-03-29 00:14:32 [INFO]: GET /images/biobrain-logo.png 127.0.0.1 
2026-03-29 00:14:32 [INFO]: GET /units/E4/S1 127.0.0.1 
2026-03-29 00:14:38 [INFO]: GET /mocktest/result/pdf/69c80e03778718ecdb84df68 127.0.0.1 
2026-03-29 00:14:47 [INFO]: GET /mocktest/result/email/69c80e03778718ecdb84df68 127.0.0.1 
