2026-03-25 15:27:35 [INFO]: 🚀 Server running on port 3000 
2026-03-25 15:27:36 [INFO]: ✅ Connected to MongoDB 
2026-03-25 15:27:36 [INFO]: 🔥  Forced seeding of Exam Database enabled. 
2026-03-25 15:27:36 [INFO]: ⚠ Clearing old Questions... 
2026-03-25 15:27:37 [INFO]: ⚠ Clearing old Topics... 
2026-03-25 15:27:37 [INFO]: ⚠ Clearing old Units... 
2026-03-25 15:27:37 [INFO]: ⚠ Clearing old Subjects... 
2026-03-25 15:27:37 [INFO]: ⚠ Clearing old Exams... 
2026-03-25 15:27:37 [INFO]: ⚠ Clearing old Payments... 
2026-03-25 15:27:37 [INFO]: ⚡ Seeding Exam database... 
2026-03-25 15:27:38 [INFO]: 🔥 Exam seeded: 4 successfully! 
2026-03-25 15:27:38 [INFO]: 🔥 Subject seeded: 4 successfully! 
2026-03-25 15:27:38 [INFO]: 🔥 Unit seeded: 11 successfully! 
2026-03-25 15:27:38 [INFO]: 🔥 Topics seeded: 49 successfully! 
2026-03-25 15:27:38 [INFO]: 📂 Seeding Questions From questiontable_E1_S1_U1.json... 
2026-03-25 15:27:39 [INFO]: ✅ Inserted 460 from questiontable_E1_S1_U1.json 
2026-03-25 15:27:39 [INFO]: 📂 Seeding Questions From questiontable_E1_S1_U2.json... 
2026-03-25 15:27:39 [ERROR]: TypeError: Cannot read properties of undefined (reading '_id')
    at D:\Projects\BioBrainMdb\utils\autoSeeder.js:169:92
    at Array.find (<anonymous>)
    at D:\Projects\BioBrainMdb\utils\autoSeeder.js:169:32
    at Array.map (<anonymous>)
    at autoSeedExamDb (D:\Projects\BioBrainMdb\utils\autoSeeder.js:164:47)
    at process.processTicksAndRejections (node:internal/process/task_queues:103:5)
    at async autoSeed (D:\Projects\BioBrainMdb\utils\autoSeeder.js:34:7)
    at async D:\Projects\BioBrainMdb\server.js:74:5 
2026-03-25 15:27:39 [INFO]: 🔥  Forced seeding of UserRoles Database enabled. 
2026-03-25 15:27:39 [INFO]: ⚠ Clearing old Users... 
2026-03-25 15:27:39 [INFO]: ⚠ Clearing old Roles... 
2026-03-25 15:27:39 [INFO]: ⚡ Seeding UserRoles Database ... 
2026-03-25 15:27:39 [INFO]: 🔥 Roles seeded: 5 successfully! 
2026-03-25 15:27:39 [INFO]: 🔥 Users seeded: 2 successfully! 
2026-03-25 15:27:39 [INFO]: ✅ All UserRole Database seeded successfully! 
2026-03-25 15:28:46 [INFO]: 🚀 Server running on port 3000 
2026-03-25 15:28:47 [INFO]: ✅ Connected to MongoDB 
2026-03-25 15:28:47 [INFO]: 🔥  Forced seeding of Exam Database enabled. 
2026-03-25 15:28:48 [INFO]: ⚠ Clearing old Questions... 
2026-03-25 15:28:48 [INFO]: ⚠ Clearing old Topics... 
2026-03-25 15:28:48 [INFO]: ⚠ Clearing old Units... 
2026-03-25 15:28:48 [INFO]: ⚠ Clearing old Subjects... 
2026-03-25 15:28:48 [INFO]: ⚠ Clearing old Exams... 
2026-03-25 15:28:48 [INFO]: ⚠ Clearing old Payments... 
2026-03-25 15:28:48 [INFO]: ⚡ Seeding Exam database... 
2026-03-25 15:28:49 [INFO]: 🔥 Exam seeded: 4 successfully! 
2026-03-25 15:28:49 [INFO]: 🔥 Subject seeded: 4 successfully! 
2026-03-25 15:28:50 [INFO]: 🔥 Unit seeded: 11 successfully! 
2026-03-25 15:28:50 [INFO]: 🔥 Topics seeded: 49 successfully! 
2026-03-25 15:28:50 [INFO]: 📂 Seeding Questions From questiontable_E1_S1_U1.json... 
2026-03-25 15:28:50 [INFO]: ✅ Inserted 460 from questiontable_E1_S1_U1.json 
2026-03-25 15:28:50 [INFO]: 📂 Seeding Questions From questiontable_E1_S1_U2.json... 
2026-03-25 15:28:50 [ERROR]: TypeError: Cannot read properties of undefined (reading '_id')
    at D:\Projects\BioBrainMdb\utils\autoSeeder.js:169:92
    at Array.find (<anonymous>)
    at D:\Projects\BioBrainMdb\utils\autoSeeder.js:169:32
    at Array.map (<anonymous>)
    at autoSeedExamDb (D:\Projects\BioBrainMdb\utils\autoSeeder.js:164:47)
    at process.processTicksAndRejections (node:internal/process/task_queues:103:5)
    at async autoSeed (D:\Projects\BioBrainMdb\utils\autoSeeder.js:34:7)
    at async D:\Projects\BioBrainMdb\server.js:74:5 
2026-03-25 15:28:50 [INFO]: 🔥  Forced seeding of UserRoles Database enabled. 
2026-03-25 15:28:50 [INFO]: ⚠ Clearing old Users... 
2026-03-25 15:28:50 [INFO]: ⚠ Clearing old Roles... 
2026-03-25 15:28:50 [INFO]: ⚡ Seeding UserRoles Database ... 
2026-03-25 15:28:50 [INFO]: 🔥 Roles seeded: 5 successfully! 
2026-03-25 15:28:50 [INFO]: 🔥 Users seeded: 2 successfully! 
2026-03-25 15:28:50 [INFO]: ✅ All UserRole Database seeded successfully! 
2026-03-25 15:30:15 [INFO]: GET / ::1 
2026-03-25 15:30:15 [INFO]: GET /images/biobrain-logo.png ::1 
2026-03-25 15:30:15 [INFO]: GET /css/desktopStyle.css ::1 
2026-03-25 15:30:15 [INFO]: GET /js/navibar.js ::1 
2026-03-25 15:30:15 [INFO]: GET /images/dna-pattern.png ::1 
2026-03-25 15:30:15 [INFO]: GET /images/molucule-structure.png ::1 
2026-03-25 15:30:16 [INFO]: GET /favicon.ico ::1 
2026-03-25 15:30:17 [INFO]: GET /admin ::1 
2026-03-25 15:30:17 [INFO]: GET /login ::1 
2026-03-25 15:30:17 [INFO]: GET /css/desktopStyle.css ::1 
2026-03-25 15:30:17 [INFO]: GET /images/biobrain-logo.png ::1 
2026-03-25 15:30:17 [INFO]: GET /js/navibar.js ::1 
2026-03-25 15:30:26 [INFO]: POST /login ::1 
2026-03-25 15:30:30 [INFO]: POST /login ::1 
2026-03-25 15:30:30 [INFO]: GET /admin ::1 
2026-03-25 15:30:31 [INFO]: GET /css/adminStyle.css ::1 
2026-03-25 15:30:31 [INFO]: GET /js/admin.js ::1 
2026-03-25 15:30:35 [INFO]: GET /admin/exams ::1 
2026-03-25 15:30:36 [INFO]: GET /css/adminStyle.css ::1 
2026-03-25 15:30:37 [INFO]: GET /admin/subjects ::1 
2026-03-25 15:30:37 [INFO]: GET /css/adminStyle.css ::1 
2026-03-25 15:30:48 [INFO]: GET /admin/units ::1 
2026-03-25 15:30:48 [INFO]: GET /css/adminStyle.css ::1 
2026-03-25 15:31:05 [INFO]: GET /admin/exams ::1 
2026-03-25 15:31:05 [INFO]: GET /css/adminStyle.css ::1 
2026-03-25 15:31:08 [INFO]: GET /admin/subjects ::1 
2026-03-25 15:31:09 [INFO]: GET /css/adminStyle.css ::1 
2026-03-25 15:31:14 [INFO]: GET /admin/units ::1 
2026-03-25 15:31:15 [INFO]: GET /css/adminStyle.css ::1 
2026-03-25 15:31:44 [INFO]: 🚀 Server running on port 3000 
2026-03-25 15:31:45 [INFO]: ✅ Connected to MongoDB 
2026-03-25 15:31:45 [INFO]: 🔥  Forced seeding of Exam Database enabled. 
2026-03-25 15:31:45 [INFO]: ⚠ Clearing old Questions... 
2026-03-25 15:31:46 [INFO]: ⚠ Clearing old Topics... 
2026-03-25 15:31:46 [INFO]: ⚠ Clearing old Units... 
2026-03-25 15:31:46 [INFO]: ⚠ Clearing old Subjects... 
2026-03-25 15:31:46 [INFO]: ⚠ Clearing old Exams... 
2026-03-25 15:31:46 [INFO]: ⚠ Clearing old Payments... 
2026-03-25 15:31:46 [INFO]: ⚡ Seeding Exam database... 
2026-03-25 15:31:46 [INFO]: 🔥 Exam seeded: 4 successfully! 
2026-03-25 15:31:47 [INFO]: 🔥 Subject seeded: 4 successfully! 
2026-03-25 15:31:47 [INFO]: 🔥 Unit seeded: 11 successfully! 
2026-03-25 15:31:47 [INFO]: 🔥 Topics seeded: 49 successfully! 
2026-03-25 15:31:47 [INFO]: 📂 Seeding Questions From questiontable_E1_S1_U1.json... 
2026-03-25 15:31:48 [INFO]: ✅ Inserted 460 from questiontable_E1_S1_U1.json 
2026-03-25 15:31:48 [INFO]: 📂 Seeding Questions From questiontable_E1_S1_U2.json... 
2026-03-25 15:31:48 [INFO]: ✅ Inserted 40 from questiontable_E1_S1_U2.json 
2026-03-25 15:31:48 [INFO]: 🔥 Total Questions seeded: 500 
2026-03-25 15:31:48 [INFO]: ✅ All Exam database seeded successfully! 
2026-03-25 15:31:48 [INFO]: 🔥  Forced seeding of UserRoles Database enabled. 
2026-03-25 15:31:48 [INFO]: ⚠ Clearing old Users... 
2026-03-25 15:31:48 [INFO]: ⚠ Clearing old Roles... 
2026-03-25 15:31:48 [INFO]: ⚡ Seeding UserRoles Database ... 
2026-03-25 15:31:48 [INFO]: 🔥 Roles seeded: 5 successfully! 
2026-03-25 15:31:48 [INFO]: 🔥 Users seeded: 2 successfully! 
2026-03-25 15:31:48 [INFO]: ✅ All UserRole Database seeded successfully! 
2026-03-25 15:32:11 [INFO]: GET / ::1 
2026-03-25 15:32:12 [INFO]: GET /css/desktopStyle.css ::1 
2026-03-25 15:32:12 [INFO]: GET /images/biobrain-logo.png ::1 
2026-03-25 15:32:12 [INFO]: GET /js/navibar.js ::1 
2026-03-25 15:32:12 [INFO]: GET /images/dna-pattern.png ::1 
2026-03-25 15:32:12 [INFO]: GET /images/molucule-structure.png ::1 
2026-03-25 15:32:13 [INFO]: GET /admin ::1 
2026-03-25 15:32:13 [INFO]: GET /login ::1 
2026-03-25 15:32:13 [INFO]: GET /css/desktopStyle.css ::1 
2026-03-25 15:32:13 [INFO]: GET /images/biobrain-logo.png ::1 
2026-03-25 15:32:13 [INFO]: GET /js/navibar.js ::1 
2026-03-25 15:32:24 [INFO]: POST /login ::1 
2026-03-25 15:32:24 [INFO]: GET / ::1 
2026-03-25 15:32:24 [INFO]: GET /css/desktopStyle.css ::1 
2026-03-25 15:32:24 [INFO]: GET /images/biobrain-logo.png ::1 
2026-03-25 15:32:24 [INFO]: GET /js/navibar.js ::1 
2026-03-25 15:32:24 [INFO]: GET /images/dna-pattern.png ::1 
2026-03-25 15:32:24 [INFO]: GET /images/molucule-structure.png ::1 
2026-03-25 15:32:30 [INFO]: GET /admin ::1 
2026-03-25 15:32:30 [INFO]: GET /css/adminStyle.css ::1 
2026-03-25 15:32:30 [INFO]: GET /js/admin.js ::1 
2026-03-25 15:32:34 [INFO]: POST /admin/backup ::1 
2026-03-25 15:32:34 [INFO]: ✅ Database exported successfully with grouped question files 
2026-03-25 15:33:33 [INFO]: GET / ::1 
2026-03-25 15:33:33 [INFO]: GET /css/desktopStyle.css ::1 
2026-03-25 15:33:33 [INFO]: GET /images/biobrain-logo.png ::1 
2026-03-25 15:33:33 [INFO]: GET /js/navibar.js ::1 
2026-03-25 15:33:35 [INFO]: GET /admin ::1 
2026-03-25 15:33:36 [INFO]: GET /css/adminStyle.css ::1 
2026-03-25 15:33:36 [INFO]: GET /js/admin.js ::1 
2026-03-25 15:34:13 [INFO]: GET /admin/exams ::1 
2026-03-25 15:34:14 [INFO]: GET /css/adminStyle.css ::1 
2026-03-25 15:35:31 [INFO]: 🚀 Server running on port 3000 
2026-03-25 15:35:31 [INFO]: ✅ Connected to MongoDB 
2026-03-25 15:35:31 [INFO]: 🔥  Forced seeding of Exam Database enabled. 
2026-03-25 15:35:31 [INFO]: ⚠ Clearing old Questions... 
2026-03-25 15:35:32 [INFO]: ⚠ Clearing old Topics... 
2026-03-25 15:35:32 [INFO]: ⚠ Clearing old Units... 
2026-03-25 15:35:32 [INFO]: ⚠ Clearing old Subjects... 
2026-03-25 15:35:32 [INFO]: ⚠ Clearing old Exams... 
2026-03-25 15:35:32 [INFO]: ⚠ Clearing old Payments... 
2026-03-25 15:35:32 [INFO]: ⚡ Seeding Exam database... 
2026-03-25 15:35:32 [INFO]: 🔥 Exam seeded: 4 successfully! 
2026-03-25 15:35:32 [INFO]: 🔥 Subject seeded: 4 successfully! 
2026-03-25 15:35:32 [INFO]: 🔥 Unit seeded: 11 successfully! 
2026-03-25 15:35:33 [INFO]: 🔥 Topics seeded: 49 successfully! 
2026-03-25 15:35:33 [INFO]: 📂 Seeding Questions From questiontable_E1_S1_U1.json... 
2026-03-25 15:35:34 [INFO]: ✅ Inserted 460 from questiontable_E1_S1_U1.json 
2026-03-25 15:35:34 [INFO]: 📂 Seeding Questions From questiontable_E1_S1_U2.json... 
2026-03-25 15:35:34 [INFO]: ✅ Inserted 40 from questiontable_E1_S1_U2.json 
2026-03-25 15:35:34 [INFO]: 🔥 Total Questions seeded: 500 
2026-03-25 15:35:34 [INFO]: ✅ All Exam database seeded successfully! 
2026-03-25 15:35:34 [INFO]: 🔥  Forced seeding of UserRoles Database enabled. 
2026-03-25 15:35:34 [INFO]: ⚠ Clearing old Users... 
2026-03-25 15:35:34 [INFO]: ⚠ Clearing old Roles... 
2026-03-25 15:35:34 [INFO]: ⚡ Seeding UserRoles Database ... 
2026-03-25 15:35:34 [INFO]: 🔥 Roles seeded: 5 successfully! 
2026-03-25 15:35:34 [INFO]: 🔥 Users seeded: 2 successfully! 
2026-03-25 15:35:34 [INFO]: ✅ All UserRole Database seeded successfully! 
2026-03-25 15:36:48 [INFO]: GET /admin ::1 
2026-03-25 15:36:48 [INFO]: GET /login ::1 
2026-03-25 15:36:48 [INFO]: GET /css/desktopStyle.css ::1 
2026-03-25 15:36:48 [INFO]: GET /images/biobrain-logo.png ::1 
2026-03-25 15:36:48 [INFO]: GET /js/navibar.js ::1 
2026-03-25 15:37:15 [INFO]: POST /login ::1 
2026-03-25 15:37:15 [INFO]: GET / ::1 
2026-03-25 15:37:15 [INFO]: GET /css/desktopStyle.css ::1 
2026-03-25 15:37:15 [INFO]: GET /images/biobrain-logo.png ::1 
2026-03-25 15:37:15 [INFO]: GET /js/navibar.js ::1 
2026-03-25 15:37:15 [INFO]: GET /images/dna-pattern.png ::1 
2026-03-25 15:37:15 [INFO]: GET /images/molucule-structure.png ::1 
2026-03-25 15:37:18 [INFO]: GET /mocktest/init/E4/S1 ::1 
2026-03-25 15:37:19 [INFO]: GET /css/desktopStyle.css ::1 
2026-03-25 15:37:19 [INFO]: GET /js/navibar.js ::1 
2026-03-25 15:37:19 [INFO]: GET /images/biobrain-logo.png ::1 
2026-03-25 15:37:19 [INFO]: GET /units/E4/S1 ::1 
2026-03-25 15:37:22 [INFO]: GET /topics/E4/S1/U1 ::1 
2026-03-25 15:37:25 [INFO]: POST /mocktest/createorder ::1 
2026-03-25 15:37:25 [INFO]: GET /css/desktopStyle.css ::1 
2026-03-25 15:37:30 [INFO]: GET /mocktest/init/E4/S1 ::1 
2026-03-25 15:37:30 [INFO]: GET /units/E4/S1 ::1 
2026-03-25 15:37:34 [INFO]: GET /topics/E4/S1/U1 ::1 
2026-03-25 15:38:34 [INFO]: GET /topics/E4/S1/U10 ::1 
2026-03-25 15:38:39 [INFO]: POST /mocktest/createorder ::1 
2026-03-25 15:38:40 [INFO]: GET /css/desktopStyle.css ::1 
2026-03-25 15:38:55 [INFO]: GET /mocktest/init/E4/S1 ::1 
2026-03-25 15:38:56 [INFO]: GET /units/E4/S1 ::1 
2026-03-25 15:38:59 [INFO]: GET /topics/E4/S1/U1 ::1 
2026-03-25 15:39:02 [INFO]: GET /topics/E4/S1/U10 ::1 
2026-03-25 15:39:30 [INFO]: GET /topics/E4/S1/U2 ::1 
2026-03-25 15:39:32 [INFO]: POST /mocktest/createorder ::1 
2026-03-25 15:39:32 [INFO]: GET /css/desktopStyle.css ::1 
2026-03-25 15:39:38 [INFO]: POST /mocktest/submit ::1 
2026-03-25 15:39:42 [INFO]: POST /mocktest/result/aiassistat ::1 
2026-03-25 15:39:45 [INFO]: POST /mocktest/result/aiassistat ::1 
2026-03-25 15:40:10 [INFO]: POST /mocktest/result/aiassistat ::1 
2026-03-25 15:40:12 [INFO]: POST /mocktest/result/aiassistat ::1 
2026-03-25 15:44:33 [INFO]: GET /keep-session-alive ::1 
2026-03-25 15:49:33 [INFO]: GET /keep-session-alive ::1 
2026-03-25 15:54:33 [INFO]: GET /keep-session-alive ::1 
2026-03-25 15:59:33 [INFO]: GET /keep-session-alive ::1 
2026-03-25 16:03:57 [INFO]: 🚀 Server running on port 3000 
2026-03-25 16:04:01 [INFO]: ✅ Connected to MongoDB 
2026-03-25 16:04:01 [INFO]: 🔥  Forced seeding of Exam Database enabled. 
2026-03-25 16:04:01 [INFO]: ⚠ Clearing old Questions... 
2026-03-25 16:04:01 [INFO]: ⚠ Clearing old Topics... 
2026-03-25 16:04:02 [INFO]: ⚠ Clearing old Units... 
2026-03-25 16:04:02 [INFO]: ⚠ Clearing old Subjects... 
2026-03-25 16:04:02 [INFO]: ⚠ Clearing old Exams... 
2026-03-25 16:04:02 [INFO]: ⚠ Clearing old Payments... 
2026-03-25 16:04:02 [INFO]: ⚡ Seeding Exam database... 
2026-03-25 16:04:02 [INFO]: 🔥 Exam seeded: 4 successfully! 
2026-03-25 16:04:03 [INFO]: 🔥 Subject seeded: 4 successfully! 
2026-03-25 16:04:04 [INFO]: 🔥 Unit seeded: 11 successfully! 
2026-03-25 16:04:04 [INFO]: 🔥 Topics seeded: 49 successfully! 
2026-03-25 16:04:04 [INFO]: 📂 Seeding Questions From questiontable_E1_S1_U1.json... 
2026-03-25 16:04:05 [INFO]: ✅ Inserted 460 from questiontable_E1_S1_U1.json 
2026-03-25 16:04:05 [INFO]: 📂 Seeding Questions From questiontable_E1_S1_U2.json... 
2026-03-25 16:04:05 [INFO]: ✅ Inserted 40 from questiontable_E1_S1_U2.json 
2026-03-25 16:04:05 [INFO]: 🔥 Total Questions seeded: 500 
2026-03-25 16:04:05 [INFO]: ✅ All Exam database seeded successfully! 
2026-03-25 16:04:05 [INFO]: 🔥  Forced seeding of UserRoles Database enabled. 
2026-03-25 16:04:05 [INFO]: ⚠ Clearing old Users... 
2026-03-25 16:04:05 [INFO]: ⚠ Clearing old Roles... 
2026-03-25 16:04:05 [INFO]: ⚡ Seeding UserRoles Database ... 
2026-03-25 16:04:05 [INFO]: 🔥 Roles seeded: 5 successfully! 
2026-03-25 16:04:05 [INFO]: 🔥 Users seeded: 2 successfully! 
2026-03-25 16:04:05 [INFO]: ✅ All UserRole Database seeded successfully! 
2026-03-25 16:56:55 [INFO]: ✅ Connected to MongoDB 
2026-03-25 16:56:55 [INFO]: 🔥  Forced seeding of Exam Database enabled. 
2026-03-25 16:56:55 [INFO]: ⚠ Clearing old Questions... 
2026-03-25 16:56:55 [INFO]: ⚠ Clearing old Topics... 
2026-03-25 16:56:55 [INFO]: ⚠ Clearing old Units... 
2026-03-25 16:56:55 [INFO]: ⚠ Clearing old Subjects... 
2026-03-25 16:56:56 [INFO]: ⚠ Clearing old Exams... 
2026-03-25 16:56:56 [INFO]: ⚠ Clearing old Payments... 
2026-03-25 16:56:56 [INFO]: ⚡ Seeding Exam database... 
2026-03-25 16:56:56 [INFO]: 🔥 Exam seeded: 4 successfully! 
2026-03-25 16:56:57 [INFO]: 🔥 Subject seeded: 4 successfully! 
2026-03-25 16:56:57 [INFO]: 🔥 Unit seeded: 11 successfully! 
2026-03-25 16:56:57 [INFO]: 🔥 Topics seeded: 49 successfully! 
2026-03-25 16:56:57 [INFO]: 📂 Seeding Questions From questiontable_E1_S1_U1.json... 
2026-03-25 16:56:57 [INFO]: ✅ Inserted 460 from questiontable_E1_S1_U1.json 
2026-03-25 16:56:57 [INFO]: 📂 Seeding Questions From questiontable_E1_S1_U2.json... 
2026-03-25 16:56:57 [INFO]: ✅ Inserted 40 from questiontable_E1_S1_U2.json 
2026-03-25 16:56:57 [INFO]: 🔥 Total Questions seeded: 500 
2026-03-25 16:56:57 [INFO]: ✅ All Exam database seeded successfully! 
2026-03-25 16:56:57 [INFO]: 🔥  Forced seeding of UserRoles Database enabled. 
2026-03-25 16:56:57 [INFO]: ⚠ Clearing old Users... 
2026-03-25 16:56:57 [INFO]: ⚠ Clearing old Roles... 
2026-03-25 16:56:58 [INFO]: ⚡ Seeding UserRoles Database ... 
2026-03-25 16:56:58 [INFO]: 🔥 Roles seeded: 5 successfully! 
2026-03-25 16:56:58 [INFO]: 🔥 Users seeded: 2 successfully! 
2026-03-25 16:56:58 [INFO]: ✅ All UserRole Database seeded successfully! 
2026-03-25 17:42:54 [INFO]: ✅ Connected to MongoDB 
2026-03-25 17:42:54 [INFO]: 🔥  Forced seeding of Exam Database enabled. 
2026-03-25 17:42:54 [INFO]: ⚠ Clearing old Questions... 
2026-03-25 17:42:55 [INFO]: ⚠ Clearing old Topics... 
2026-03-25 17:42:56 [INFO]: ⚠ Clearing old Units... 
2026-03-25 17:42:56 [INFO]: ⚠ Clearing old Subjects... 
2026-03-25 17:42:56 [INFO]: ⚠ Clearing old Exams... 
2026-03-25 17:42:56 [INFO]: ⚠ Clearing old Payments... 
2026-03-25 17:42:56 [INFO]: ⚡ Seeding Exam database... 
2026-03-25 17:42:56 [INFO]: 🔥 Exam seeded: 4 successfully! 
2026-03-25 17:42:56 [INFO]: 🔥 Subject seeded: 4 successfully! 
2026-03-25 17:42:56 [INFO]: 🔥 Unit seeded: 11 successfully! 
2026-03-25 17:42:57 [INFO]: 🔥 Topics seeded: 49 successfully! 
2026-03-25 17:42:57 [INFO]: 📂 Seeding Questions From questiontable_E1_S1_U1.json... 
2026-03-25 17:42:57 [INFO]: ✅ Inserted 460 from questiontable_E1_S1_U1.json 
2026-03-25 17:42:57 [INFO]: 📂 Seeding Questions From questiontable_E1_S1_U2.json... 
2026-03-25 17:42:57 [INFO]: ✅ Inserted 40 from questiontable_E1_S1_U2.json 
2026-03-25 17:42:57 [INFO]: 🔥 Total Questions seeded: 500 
2026-03-25 17:42:57 [INFO]: ✅ All Exam database seeded successfully! 
2026-03-25 17:42:57 [INFO]: 🔥  Forced seeding of UserRoles Database enabled. 
2026-03-25 17:42:57 [INFO]: ⚠ Clearing old Users... 
2026-03-25 17:42:57 [INFO]: ⚠ Clearing old Roles... 
2026-03-25 17:42:57 [INFO]: ⚡ Seeding UserRoles Database ... 
2026-03-25 17:42:58 [INFO]: 🔥 Roles seeded: 5 successfully! 
2026-03-25 17:42:58 [INFO]: 🔥 Users seeded: 2 successfully! 
2026-03-25 17:42:58 [INFO]: ✅ All UserRole Database seeded successfully! 
2026-03-25 17:45:39 [INFO]: ✅ Connected to MongoDB 
2026-03-25 17:45:39 [INFO]: 🔥  Forced seeding of Exam Database enabled. 
2026-03-25 17:45:39 [INFO]: ⚠ Clearing old Questions... 
2026-03-25 17:45:40 [INFO]: ⚠ Clearing old Topics... 
2026-03-25 17:45:41 [INFO]: ⚠ Clearing old Units... 
2026-03-25 17:45:41 [INFO]: ⚠ Clearing old Subjects... 
2026-03-25 17:45:41 [INFO]: ⚠ Clearing old Exams... 
2026-03-25 17:45:41 [INFO]: ⚠ Clearing old Payments... 
2026-03-25 17:45:41 [INFO]: ⚡ Seeding Exam database... 
2026-03-25 17:45:41 [INFO]: 🔥 Exam seeded: 4 successfully! 
2026-03-25 17:45:41 [INFO]: 🔥 Subject seeded: 4 successfully! 
2026-03-25 17:45:41 [INFO]: 🔥 Unit seeded: 11 successfully! 
2026-03-25 17:45:41 [INFO]: 🔥 Topics seeded: 49 successfully! 
2026-03-25 17:45:41 [INFO]: 📂 Seeding Questions From questiontable_E1_S1_U1.json... 
2026-03-25 17:45:42 [INFO]: ✅ Inserted 460 from questiontable_E1_S1_U1.json 
2026-03-25 17:45:42 [INFO]: 📂 Seeding Questions From questiontable_E1_S1_U2.json... 
2026-03-25 17:45:42 [INFO]: ✅ Inserted 40 from questiontable_E1_S1_U2.json 
2026-03-25 17:45:42 [INFO]: 🔥 Total Questions seeded: 500 
2026-03-25 17:45:42 [INFO]: ✅ All Exam database seeded successfully! 
2026-03-25 17:45:42 [INFO]: 🔥  Forced seeding of UserRoles Database enabled. 
2026-03-25 17:45:42 [INFO]: ⚠ Clearing old Users... 
2026-03-25 17:45:42 [INFO]: ⚠ Clearing old Roles... 
2026-03-25 17:45:42 [INFO]: ⚡ Seeding UserRoles Database ... 
2026-03-25 17:45:42 [INFO]: 🔥 Roles seeded: 5 successfully! 
2026-03-25 17:45:42 [INFO]: 🔥 Users seeded: 2 successfully! 
2026-03-25 17:45:42 [INFO]: ✅ All UserRole Database seeded successfully! 
2026-03-25 17:47:15 [INFO]: ✅ Connected to MongoDB 
2026-03-25 17:47:15 [INFO]: 🔥  Forced seeding of Exam Database enabled. 
2026-03-25 17:47:15 [INFO]: ⚠ Clearing old Questions... 
2026-03-25 17:47:16 [INFO]: ⚠ Clearing old Topics... 
2026-03-25 17:47:16 [INFO]: ⚠ Clearing old Units... 
2026-03-25 17:47:16 [INFO]: ⚠ Clearing old Subjects... 
2026-03-25 17:47:16 [INFO]: ⚠ Clearing old Exams... 
2026-03-25 17:47:16 [INFO]: ⚠ Clearing old Payments... 
2026-03-25 17:47:16 [INFO]: ⚡ Seeding Exam database... 
2026-03-25 17:47:16 [INFO]: 🔥 Exam seeded: 4 successfully! 
2026-03-25 17:47:16 [INFO]: 🔥 Subject seeded: 4 successfully! 
2026-03-25 17:47:17 [INFO]: 🔥 Unit seeded: 11 successfully! 
2026-03-25 17:47:17 [INFO]: 🔥 Topics seeded: 49 successfully! 
2026-03-25 17:47:17 [INFO]: 📂 Seeding Questions From questiontable_E1_S1_U1.json... 
2026-03-25 17:47:17 [INFO]: ✅ Inserted 460 from questiontable_E1_S1_U1.json 
2026-03-25 17:47:17 [INFO]: 📂 Seeding Questions From questiontable_E1_S1_U2.json... 
2026-03-25 17:47:18 [INFO]: ✅ Inserted 40 from questiontable_E1_S1_U2.json 
2026-03-25 17:47:18 [INFO]: 🔥 Total Questions seeded: 500 
2026-03-25 17:47:18 [INFO]: ✅ All Exam database seeded successfully! 
2026-03-25 17:47:18 [INFO]: 🔥  Forced seeding of UserRoles Database enabled. 
2026-03-25 17:47:18 [INFO]: ⚠ Clearing old Users... 
2026-03-25 17:47:18 [INFO]: ⚠ Clearing old Roles... 
2026-03-25 17:47:18 [INFO]: ⚡ Seeding UserRoles Database ... 
2026-03-25 17:47:18 [INFO]: 🔥 Roles seeded: 5 successfully! 
2026-03-25 17:47:18 [INFO]: 🔥 Users seeded: 2 successfully! 
2026-03-25 17:47:18 [INFO]: ✅ All UserRole Database seeded successfully! 
2026-03-25 17:48:30 [INFO]: ✅ Connected to MongoDB 
2026-03-25 17:48:30 [INFO]: 🔥  Forced seeding of Exam Database enabled. 
2026-03-25 17:48:30 [INFO]: ⚠ Clearing old Questions... 
2026-03-25 17:48:30 [INFO]: ⚠ Clearing old Topics... 
2026-03-25 17:48:31 [INFO]: ⚠ Clearing old Units... 
2026-03-25 17:48:32 [INFO]: ⚠ Clearing old Subjects... 
2026-03-25 17:48:32 [INFO]: ⚠ Clearing old Exams... 
2026-03-25 17:48:32 [INFO]: ⚠ Clearing old Payments... 
2026-03-25 17:48:32 [INFO]: ⚡ Seeding Exam database... 
2026-03-25 17:48:32 [INFO]: 🔥 Exam seeded: 4 successfully! 
2026-03-25 17:48:32 [INFO]: 🔥 Subject seeded: 4 successfully! 
2026-03-25 17:48:32 [INFO]: 🔥 Unit seeded: 11 successfully! 
2026-03-25 17:48:32 [INFO]: 🔥 Topics seeded: 49 successfully! 
2026-03-25 17:48:32 [INFO]: 📂 Seeding Questions From questiontable_E1_S1_U1.json... 
2026-03-25 17:48:32 [INFO]: ✅ Inserted 460 from questiontable_E1_S1_U1.json 
2026-03-25 17:48:32 [INFO]: 📂 Seeding Questions From questiontable_E1_S1_U2.json... 
2026-03-25 17:48:33 [INFO]: ✅ Inserted 40 from questiontable_E1_S1_U2.json 
2026-03-25 17:48:33 [INFO]: 🔥 Total Questions seeded: 500 
2026-03-25 17:48:33 [INFO]: ✅ All Exam database seeded successfully! 
2026-03-25 17:48:33 [INFO]: 🔥  Forced seeding of UserRoles Database enabled. 
2026-03-25 17:48:33 [INFO]: ⚠ Clearing old Users... 
2026-03-25 17:48:33 [INFO]: ⚠ Clearing old Roles... 
2026-03-25 17:48:33 [INFO]: ⚡ Seeding UserRoles Database ... 
2026-03-25 17:48:33 [INFO]: 🔥 Roles seeded: 5 successfully! 
2026-03-25 17:48:33 [INFO]: 🔥 Users seeded: 2 successfully! 
2026-03-25 17:48:33 [INFO]: ✅ All UserRole Database seeded successfully! 
2026-03-25 17:51:05 [INFO]: ✅ Connected to MongoDB 
2026-03-25 17:51:05 [INFO]: 🔥  Forced seeding of Exam Database enabled. 
2026-03-25 17:51:05 [INFO]: ⚠ Clearing old Questions... 
2026-03-25 17:51:05 [INFO]: ⚠ Clearing old Topics... 
2026-03-25 17:51:07 [INFO]: ⚠ Clearing old Units... 
2026-03-25 17:51:07 [INFO]: ⚠ Clearing old Subjects... 
2026-03-25 17:51:07 [INFO]: ⚠ Clearing old Exams... 
2026-03-25 17:51:07 [INFO]: ⚠ Clearing old Payments... 
2026-03-25 17:51:07 [INFO]: ⚡ Seeding Exam database... 
2026-03-25 17:51:07 [INFO]: 🔥 Exam seeded: 4 successfully! 
2026-03-25 17:51:07 [INFO]: 🔥 Subject seeded: 4 successfully! 
2026-03-25 17:51:07 [INFO]: 🔥 Unit seeded: 11 successfully! 
2026-03-25 17:51:07 [INFO]: 🔥 Topics seeded: 49 successfully! 
2026-03-25 17:51:07 [INFO]: 📂 Seeding Questions From questiontable_E1_S1_U1.json... 
2026-03-25 17:51:07 [INFO]: ✅ Inserted 460 from questiontable_E1_S1_U1.json 
2026-03-25 17:51:07 [INFO]: 📂 Seeding Questions From questiontable_E1_S1_U2.json... 
2026-03-25 17:51:07 [INFO]: ✅ Inserted 40 from questiontable_E1_S1_U2.json 
2026-03-25 17:51:07 [INFO]: 🔥 Total Questions seeded: 500 
2026-03-25 17:51:07 [INFO]: ✅ All Exam database seeded successfully! 
2026-03-25 17:51:07 [INFO]: 🔥  Forced seeding of UserRoles Database enabled. 
2026-03-25 17:51:07 [INFO]: ⚠ Clearing old Users... 
2026-03-25 17:51:07 [INFO]: ⚠ Clearing old Roles... 
2026-03-25 17:51:07 [INFO]: ⚡ Seeding UserRoles Database ... 
2026-03-25 17:51:08 [INFO]: 🔥 Roles seeded: 5 successfully! 
2026-03-25 17:51:08 [INFO]: 🔥 Users seeded: 2 successfully! 
2026-03-25 17:51:08 [INFO]: ✅ All UserRole Database seeded successfully! 
2026-03-25 17:51:57 [INFO]: 🚀 Server running on port 3000 
2026-03-25 17:51:58 [INFO]: ✅ Connected to MongoDB 
2026-03-25 17:51:58 [INFO]: 🔥  Forced seeding of Exam Database enabled. 
2026-03-25 17:51:58 [INFO]: ⚠ Clearing old Questions... 
2026-03-25 17:51:58 [INFO]: ⚠ Clearing old Topics... 
2026-03-25 17:51:58 [INFO]: ⚠ Clearing old Units... 
2026-03-25 17:51:58 [INFO]: ⚠ Clearing old Subjects... 
2026-03-25 17:51:58 [INFO]: ⚠ Clearing old Exams... 
2026-03-25 17:51:58 [INFO]: ⚠ Clearing old Payments... 
2026-03-25 17:51:58 [INFO]: ⚡ Seeding Exam database... 
2026-03-25 17:51:58 [INFO]: 🔥 Exam seeded: 4 successfully! 
2026-03-25 17:51:58 [INFO]: 🔥 Subject seeded: 4 successfully! 
2026-03-25 17:51:59 [INFO]: GET / ::1 
2026-03-25 17:52:00 [INFO]: 🔥 Unit seeded: 11 successfully! 
2026-03-25 17:52:00 [INFO]: GET /css/desktopStyle.css ::1 
2026-03-25 17:52:00 [INFO]: GET /images/biobrain-logo.png ::1 
2026-03-25 17:52:00 [INFO]: GET /js/navibar.js ::1 
2026-03-25 17:52:00 [INFO]: 🔥 Topics seeded: 49 successfully! 
2026-03-25 17:52:00 [INFO]: 📂 Seeding Questions From questiontable_E1_S1_U1.json... 
2026-03-25 17:52:00 [INFO]: GET /images/molucule-structure.png ::1 
2026-03-25 17:52:00 [INFO]: GET /images/dna-pattern.png ::1 
2026-03-25 17:52:00 [INFO]: ✅ Inserted 460 from questiontable_E1_S1_U1.json 
2026-03-25 17:52:00 [INFO]: 📂 Seeding Questions From questiontable_E1_S1_U2.json... 
2026-03-25 17:52:00 [INFO]: ✅ Inserted 40 from questiontable_E1_S1_U2.json 
2026-03-25 17:52:00 [INFO]: 🔥 Total Questions seeded: 500 
2026-03-25 17:52:00 [INFO]: ✅ All Exam database seeded successfully! 
2026-03-25 17:52:00 [INFO]: 🔥  Forced seeding of UserRoles Database enabled. 
2026-03-25 17:52:00 [INFO]: ⚠ Clearing old Users... 
2026-03-25 17:52:00 [INFO]: GET /favicon.ico ::1 
2026-03-25 17:52:00 [INFO]: ⚠ Clearing old Roles... 
2026-03-25 17:52:00 [INFO]: ⚡ Seeding UserRoles Database ... 
2026-03-25 17:52:01 [INFO]: 🔥 Roles seeded: 5 successfully! 
2026-03-25 17:52:01 [INFO]: 🔥 Users seeded: 2 successfully! 
2026-03-25 17:52:01 [INFO]: ✅ All UserRole Database seeded successfully! 
2026-03-25 17:52:04 [INFO]: GET /login ::1 
2026-03-25 17:52:04 [INFO]: GET /css/desktopStyle.css ::1 
2026-03-25 17:52:04 [INFO]: GET /images/biobrain-logo.png ::1 
2026-03-25 17:52:04 [INFO]: GET /js/navibar.js ::1 
2026-03-25 17:52:12 [INFO]: POST /login ::1 
2026-03-25 17:52:13 [INFO]: GET / ::1 
2026-03-25 17:52:13 [INFO]: GET /css/desktopStyle.css ::1 
2026-03-25 17:52:13 [INFO]: GET /images/biobrain-logo.png ::1 
2026-03-25 17:52:13 [INFO]: GET /js/navibar.js ::1 
2026-03-25 17:52:22 [INFO]: GET /mocktest/init/E4/S1 ::1 
2026-03-25 17:52:22 [INFO]: GET /css/desktopStyle.css ::1 
2026-03-25 17:52:22 [INFO]: GET /images/biobrain-logo.png ::1 
2026-03-25 17:52:22 [INFO]: GET /js/navibar.js ::1 
2026-03-25 17:52:22 [INFO]: GET /units/E4/S1 ::1 
2026-03-25 17:52:25 [INFO]: GET /topics/E4/S1/U1 ::1 
2026-03-25 17:52:27 [INFO]: POST /mocktest/createorder ::1 
2026-03-25 17:52:28 [INFO]: GET /css/desktopStyle.css ::1 
2026-03-25 17:52:32 [INFO]: POST /mocktest/submit ::1 
2026-03-25 17:52:32 [ERROR]: ValidationError: Result validation failed: user: Path `user` is required.
    at model.validate (D:\Projects\BioBrainMdb\node_modules\mongoose\lib\document.js:2864:36)
    at process.processTicksAndRejections (node:internal/process/task_queues:103:5)
    at async model.$__save (D:\Projects\BioBrainMdb\node_modules\mongoose\lib\model.js:390:7)
    at async model.save (D:\Projects\BioBrainMdb\node_modules\mongoose\lib\model.js:664:5)
    at async SaveResult (D:\Projects\BioBrainMdb\services\mocktestService.js:326:23)
    at async exports.submit (D:\Projects\BioBrainMdb\services\mocktestService.js:230:31)
    at async exports.submit (D:\Projects\BioBrainMdb\controllers\mocktestController.js:25:25) {"errors":{"user":{"name":"ValidatorError","message":"Path `user` is required.","properties":{"message":"Path `user` is required.","type":"required","path":"user"},"kind":"required","path":"user"}},"_message":"Result validation failed"}
2026-03-25 17:56:25 [INFO]: 🚀 Server running on port 3000 
2026-03-25 17:56:26 [INFO]: ✅ Connected to MongoDB 
2026-03-25 17:56:26 [INFO]: 🔥  Forced seeding of Exam Database enabled. 
2026-03-25 17:56:26 [INFO]: ⚠ Clearing old Questions... 
2026-03-25 17:56:26 [INFO]: ⚠ Clearing old Topics... 
2026-03-25 17:56:27 [INFO]: ⚠ Clearing old Units... 
2026-03-25 17:56:27 [INFO]: ⚠ Clearing old Subjects... 
2026-03-25 17:56:27 [INFO]: ⚠ Clearing old Exams... 
2026-03-25 17:56:27 [INFO]: ⚠ Clearing old Payments... 
2026-03-25 17:56:27 [INFO]: ⚡ Seeding Exam database... 
2026-03-25 17:56:27 [INFO]: 🔥 Exam seeded: 4 successfully! 
2026-03-25 17:56:28 [INFO]: 🔥 Subject seeded: 4 successfully! 
2026-03-25 17:56:28 [INFO]: 🔥 Unit seeded: 11 successfully! 
2026-03-25 17:56:28 [INFO]: 🔥 Topics seeded: 49 successfully! 
2026-03-25 17:56:28 [INFO]: 📂 Seeding Questions From questiontable_E1_S1_U1.json... 
2026-03-25 17:56:28 [INFO]: GET / ::1 
2026-03-25 17:56:28 [INFO]: ✅ Inserted 460 from questiontable_E1_S1_U1.json 
2026-03-25 17:56:28 [INFO]: 📂 Seeding Questions From questiontable_E1_S1_U2.json... 
2026-03-25 17:56:29 [INFO]: ✅ Inserted 40 from questiontable_E1_S1_U2.json 
2026-03-25 17:56:29 [INFO]: 🔥 Total Questions seeded: 500 
2026-03-25 17:56:29 [INFO]: ✅ All Exam database seeded successfully! 
2026-03-25 17:56:29 [INFO]: 🔥  Forced seeding of UserRoles Database enabled. 
2026-03-25 17:56:29 [INFO]: ⚠ Clearing old Users... 
2026-03-25 17:56:29 [INFO]: GET /css/desktopStyle.css ::1 
2026-03-25 17:56:29 [INFO]: GET /images/biobrain-logo.png ::1 
2026-03-25 17:56:29 [INFO]: GET /js/navibar.js ::1 
2026-03-25 17:56:29 [INFO]: ⚠ Clearing old Roles... 
2026-03-25 17:56:29 [INFO]: GET /images/dna-pattern.png ::1 
2026-03-25 17:56:29 [INFO]: GET /images/molucule-structure.png ::1 
2026-03-25 17:56:29 [INFO]: ⚡ Seeding UserRoles Database ... 
2026-03-25 17:56:29 [INFO]: 🔥 Roles seeded: 5 successfully! 
2026-03-25 17:56:29 [INFO]: 🔥 Users seeded: 2 successfully! 
2026-03-25 17:56:29 [INFO]: ✅ All UserRole Database seeded successfully! 
2026-03-25 17:56:30 [INFO]: GET /mocktest/init/E4/S1 ::1 
2026-03-25 17:56:30 [INFO]: GET /css/desktopStyle.css ::1 
2026-03-25 17:56:30 [INFO]: GET /images/biobrain-logo.png ::1 
2026-03-25 17:56:30 [INFO]: GET /js/navibar.js ::1 
2026-03-25 17:56:30 [INFO]: GET /units/E4/S1 ::1 
2026-03-25 17:56:32 [INFO]: GET /topics/E4/S1/U1 ::1 
2026-03-25 17:56:34 [INFO]: POST /mocktest/createorder ::1 
2026-03-25 17:56:34 [INFO]: GET /css/desktopStyle.css ::1 
2026-03-25 17:56:38 [INFO]: POST /mocktest/submit ::1 
2026-03-25 17:56:40 [INFO]: POST /aiassistant/explainanswer ::1 
2026-03-25 17:57:46 [INFO]: POST /aiassistant/explainanswer ::1 
2026-03-25 18:00:38 [INFO]: GET / ::1 
2026-03-25 18:00:38 [INFO]: GET /css/desktopStyle.css ::1 
2026-03-25 18:00:38 [INFO]: GET /images/biobrain-logo.png ::1 
2026-03-25 18:00:38 [INFO]: GET /js/navibar.js ::1 
2026-03-25 18:00:38 [INFO]: GET /images/dna-pattern.png ::1 
2026-03-25 18:00:38 [INFO]: GET /images/molucule-structure.png ::1 
2026-03-25 18:00:40 [INFO]: GET /mocktest/init/E4/S1 ::1 
2026-03-25 18:00:40 [INFO]: GET /css/desktopStyle.css ::1 
2026-03-25 18:00:40 [INFO]: GET /images/biobrain-logo.png ::1 
2026-03-25 18:00:40 [INFO]: GET /js/navibar.js ::1 
2026-03-25 18:00:40 [INFO]: GET /units/E4/S1 ::1 
2026-03-25 18:00:42 [INFO]: GET /topics/E4/S1/U1 ::1 
2026-03-25 18:00:44 [INFO]: POST /mocktest/createorder ::1 
2026-03-25 18:00:44 [INFO]: GET /css/desktopStyle.css ::1 
2026-03-25 18:00:52 [INFO]: POST /mocktest/submit ::1 
2026-03-25 18:00:56 [INFO]: POST /aiassistant/explainanswer ::1 
2026-03-25 18:05:45 [INFO]: GET /keep-session-alive ::1 
2026-03-25 18:09:58 [INFO]: 🚀 Server running on port 3000 
2026-03-25 18:09:58 [INFO]: ✅ Connected to MongoDB 
2026-03-25 18:09:58 [INFO]: 🔥  Forced seeding of Exam Database enabled. 
2026-03-25 18:09:58 [INFO]: ⚠ Clearing old Questions... 
2026-03-25 18:09:59 [INFO]: ⚠ Clearing old Topics... 
2026-03-25 18:10:00 [INFO]: ⚠ Clearing old Units... 
2026-03-25 18:10:00 [INFO]: ⚠ Clearing old Subjects... 
2026-03-25 18:10:00 [INFO]: ⚠ Clearing old Exams... 
2026-03-25 18:10:00 [INFO]: ⚠ Clearing old Payments... 
2026-03-25 18:10:00 [INFO]: ⚡ Seeding Exam database... 
2026-03-25 18:10:00 [INFO]: 🔥 Exam seeded: 4 successfully! 
2026-03-25 18:10:03 [INFO]: 🔥 Subject seeded: 4 successfully! 
2026-03-25 18:10:03 [INFO]: 🔥 Unit seeded: 11 successfully! 
2026-03-25 18:10:03 [INFO]: GET / ::1 
2026-03-25 18:10:03 [INFO]: GET /css/desktopStyle.css ::1 
2026-03-25 18:10:03 [INFO]: GET /images/biobrain-logo.png ::1 
2026-03-25 18:10:03 [INFO]: GET /js/navibar.js ::1 
2026-03-25 18:10:03 [INFO]: GET /images/dna-pattern.png ::1 
2026-03-25 18:10:03 [INFO]: GET /images/molucule-structure.png ::1 
2026-03-25 18:10:04 [INFO]: 🔥 Topics seeded: 49 successfully! 
2026-03-25 18:10:04 [INFO]: 📂 Seeding Questions From questiontable_E1_S1_U1.json... 
2026-03-25 18:10:05 [INFO]: GET /mocktest/init/E4/S1 ::1 
2026-03-25 18:10:05 [INFO]: ✅ Inserted 460 from questiontable_E1_S1_U1.json 
2026-03-25 18:10:05 [INFO]: 📂 Seeding Questions From questiontable_E1_S1_U2.json... 
2026-03-25 18:10:05 [INFO]: ✅ Inserted 40 from questiontable_E1_S1_U2.json 
2026-03-25 18:10:05 [INFO]: 🔥 Total Questions seeded: 500 
2026-03-25 18:10:05 [INFO]: ✅ All Exam database seeded successfully! 
2026-03-25 18:10:05 [INFO]: 🔥  Forced seeding of UserRoles Database enabled. 
2026-03-25 18:10:05 [INFO]: ⚠ Clearing old Users... 
2026-03-25 18:10:05 [INFO]: ⚠ Clearing old Roles... 
2026-03-25 18:10:05 [INFO]: ⚡ Seeding UserRoles Database ... 
2026-03-25 18:10:05 [INFO]: GET /css/desktopStyle.css ::1 
2026-03-25 18:10:05 [INFO]: GET /images/biobrain-logo.png ::1 
2026-03-25 18:10:05 [INFO]: GET /js/navibar.js ::1 
2026-03-25 18:10:05 [INFO]: 🔥 Roles seeded: 5 successfully! 
2026-03-25 18:10:05 [INFO]: 🔥 Users seeded: 2 successfully! 
2026-03-25 18:10:05 [INFO]: ✅ All UserRole Database seeded successfully! 
2026-03-25 18:10:05 [INFO]: GET /units/E4/S1 ::1 
2026-03-25 18:10:07 [INFO]: GET /topics/E4/S1/U1 ::1 
2026-03-25 18:10:09 [INFO]: POST /mocktest/createorder ::1 
2026-03-25 18:10:09 [INFO]: GET /css/desktopStyle.css ::1 
2026-03-25 18:10:14 [INFO]: POST /mocktest/submit ::1 
2026-03-25 18:10:19 [INFO]: POST /api/analysis/quiz ::1 
2026-03-25 18:10:21 [INFO]: POST /api/analysis/user ::1 
2026-03-25 18:11:39 [INFO]: POST /aiassistant/explainanswer ::1 
2026-03-25 18:12:48 [INFO]: 🚀 Server running on port 3000 
2026-03-25 18:12:49 [INFO]: ✅ Connected to MongoDB 
2026-03-25 18:12:49 [INFO]: 🔥  Forced seeding of Exam Database enabled. 
2026-03-25 18:12:49 [INFO]: ⚠ Clearing old Questions... 
2026-03-25 18:12:49 [INFO]: ⚠ Clearing old Topics... 
2026-03-25 18:12:49 [INFO]: ⚠ Clearing old Units... 
2026-03-25 18:12:50 [INFO]: ⚠ Clearing old Subjects... 
2026-03-25 18:12:50 [INFO]: ⚠ Clearing old Exams... 
2026-03-25 18:12:50 [INFO]: ⚠ Clearing old Payments... 
2026-03-25 18:12:50 [INFO]: ⚡ Seeding Exam database... 
2026-03-25 18:12:50 [INFO]: 🔥 Exam seeded: 4 successfully! 
2026-03-25 18:12:50 [INFO]: 🔥 Subject seeded: 4 successfully! 
2026-03-25 18:12:50 [INFO]: 🔥 Unit seeded: 11 successfully! 
2026-03-25 18:12:50 [INFO]: 🔥 Topics seeded: 49 successfully! 
2026-03-25 18:12:50 [INFO]: 📂 Seeding Questions From questiontable_E1_S1_U1.json... 
2026-03-25 18:12:50 [INFO]: ✅ Inserted 460 from questiontable_E1_S1_U1.json 
2026-03-25 18:12:50 [INFO]: 📂 Seeding Questions From questiontable_E1_S1_U2.json... 
2026-03-25 18:12:51 [INFO]: ✅ Inserted 40 from questiontable_E1_S1_U2.json 
2026-03-25 18:12:51 [INFO]: 🔥 Total Questions seeded: 500 
2026-03-25 18:12:51 [INFO]: ✅ All Exam database seeded successfully! 
2026-03-25 18:12:51 [INFO]: 🔥  Forced seeding of UserRoles Database enabled. 
2026-03-25 18:12:51 [INFO]: ⚠ Clearing old Users... 
2026-03-25 18:12:51 [INFO]: ⚠ Clearing old Roles... 
2026-03-25 18:12:51 [INFO]: ⚡ Seeding UserRoles Database ... 
2026-03-25 18:12:51 [INFO]: 🔥 Roles seeded: 5 successfully! 
2026-03-25 18:12:51 [INFO]: 🔥 Users seeded: 2 successfully! 
2026-03-25 18:12:51 [INFO]: ✅ All UserRole Database seeded successfully! 
2026-03-25 18:13:13 [INFO]: GET / ::1 
2026-03-25 18:13:13 [INFO]: GET /css/desktopStyle.css ::1 
2026-03-25 18:13:13 [INFO]: GET /images/biobrain-logo.png ::1 
2026-03-25 18:13:13 [INFO]: GET /js/navibar.js ::1 
2026-03-25 18:13:13 [INFO]: GET /images/dna-pattern.png ::1 
2026-03-25 18:13:13 [INFO]: GET /images/molucule-structure.png ::1 
2026-03-25 18:13:15 [INFO]: GET /mocktest/init/E4/S1 ::1 
2026-03-25 18:13:15 [INFO]: GET /css/desktopStyle.css ::1 
2026-03-25 18:13:15 [INFO]: GET /images/biobrain-logo.png ::1 
2026-03-25 18:13:15 [INFO]: GET /js/navibar.js ::1 
2026-03-25 18:13:15 [INFO]: GET /units/E4/S1 ::1 
2026-03-25 18:13:17 [INFO]: GET /topics/E4/S1/U1 ::1 
2026-03-25 18:13:19 [INFO]: POST /mocktest/createorder ::1 
2026-03-25 18:13:19 [INFO]: GET /css/desktopStyle.css ::1 
2026-03-25 18:13:24 [INFO]: POST /mocktest/submit ::1 
2026-03-25 18:13:29 [INFO]: POST /api/analysis/quiz ::1 
2026-03-25 18:15:22 [INFO]: 🚀 Server running on port 3000 
2026-03-25 18:15:22 [INFO]: ✅ Connected to MongoDB 
2026-03-25 18:15:22 [INFO]: 🔥  Forced seeding of Exam Database enabled. 
2026-03-25 18:15:22 [INFO]: ⚠ Clearing old Questions... 
2026-03-25 18:15:22 [INFO]: ⚠ Clearing old Topics... 
2026-03-25 18:15:23 [INFO]: ⚠ Clearing old Units... 
2026-03-25 18:15:23 [INFO]: ⚠ Clearing old Subjects... 
2026-03-25 18:15:23 [INFO]: ⚠ Clearing old Exams... 
2026-03-25 18:15:23 [INFO]: ⚠ Clearing old Payments... 
2026-03-25 18:15:23 [INFO]: ⚡ Seeding Exam database... 
2026-03-25 18:15:23 [INFO]: 🔥 Exam seeded: 4 successfully! 
2026-03-25 18:15:23 [INFO]: 🔥 Subject seeded: 4 successfully! 
2026-03-25 18:15:24 [INFO]: 🔥 Unit seeded: 11 successfully! 
2026-03-25 18:15:24 [INFO]: 🔥 Topics seeded: 49 successfully! 
2026-03-25 18:15:24 [INFO]: 📂 Seeding Questions From questiontable_E1_S1_U1.json... 
2026-03-25 18:15:24 [INFO]: ✅ Inserted 460 from questiontable_E1_S1_U1.json 
2026-03-25 18:15:24 [INFO]: 📂 Seeding Questions From questiontable_E1_S1_U2.json... 
2026-03-25 18:15:24 [INFO]: ✅ Inserted 40 from questiontable_E1_S1_U2.json 
2026-03-25 18:15:24 [INFO]: 🔥 Total Questions seeded: 500 
2026-03-25 18:15:24 [INFO]: ✅ All Exam database seeded successfully! 
2026-03-25 18:15:24 [INFO]: 🔥  Forced seeding of UserRoles Database enabled. 
2026-03-25 18:15:24 [INFO]: ⚠ Clearing old Users... 
2026-03-25 18:15:24 [INFO]: ⚠ Clearing old Roles... 
2026-03-25 18:15:24 [INFO]: ⚡ Seeding UserRoles Database ... 
2026-03-25 18:15:24 [INFO]: 🔥 Roles seeded: 5 successfully! 
2026-03-25 18:15:24 [INFO]: 🔥 Users seeded: 2 successfully! 
2026-03-25 18:15:24 [INFO]: ✅ All UserRole Database seeded successfully! 
2026-03-25 18:15:25 [INFO]: GET / ::1 
2026-03-25 18:15:25 [INFO]: GET /css/desktopStyle.css ::1 
2026-03-25 18:15:25 [INFO]: GET /images/biobrain-logo.png ::1 
2026-03-25 18:15:25 [INFO]: GET /js/navibar.js ::1 
2026-03-25 18:15:25 [INFO]: GET /images/dna-pattern.png ::1 
2026-03-25 18:15:25 [INFO]: GET /images/molucule-structure.png ::1 
2026-03-25 18:15:26 [INFO]: GET /mocktest/init/E4/S1 ::1 
2026-03-25 18:15:27 [INFO]: GET /css/desktopStyle.css ::1 
2026-03-25 18:15:27 [INFO]: GET /images/biobrain-logo.png ::1 
2026-03-25 18:15:27 [INFO]: GET /js/navibar.js ::1 
2026-03-25 18:15:27 [INFO]: GET /units/E4/S1 ::1 
2026-03-25 18:15:29 [INFO]: GET /topics/E4/S1/U10 ::1 
2026-03-25 18:15:30 [INFO]: GET /topics/E4/S1/U1 ::1 
2026-03-25 18:15:32 [INFO]: POST /mocktest/createorder ::1 
2026-03-25 18:15:32 [INFO]: GET /css/desktopStyle.css ::1 
2026-03-25 18:15:36 [INFO]: POST /mocktest/submit ::1 
2026-03-25 18:15:38 [INFO]: POST /aiassistant/singlequizsummary ::1 
2026-03-25 18:15:38 [ERROR]: StrictPopulateError: Cannot populate path `user` because it is not in your schema. Set the `strictPopulate` option to false to override.
    at getModelsMapForPopulate (D:\Projects\BioBrainMdb\node_modules\mongoose\lib\helpers\populate\getModelsMapForPopulate.js:55:12)
    at _populatePath (D:\Projects\BioBrainMdb\node_modules\mongoose\lib\model.js:4417:21)
    at model.populate (D:\Projects\BioBrainMdb\node_modules\mongoose\lib\model.js:4384:21)
    at model.Query._find (D:\Projects\BioBrainMdb\node_modules\mongoose\lib\query.js:2470:20)
    at process.processTicksAndRejections (node:internal/process/task_queues:103:5)
    at async model.Query.exec (D:\Projects\BioBrainMdb\node_modules\mongoose\lib\query.js:4726:63)
    at async exports.aiSingleQuizSummary (D:\Projects\BioBrainMdb\controllers\aiAssistanceController.js:40:18) {"path":"user"}
2026-03-25 18:17:09 [INFO]: 🚀 Server running on port 3000 
2026-03-25 18:17:09 [INFO]: ✅ Connected to MongoDB 
2026-03-25 18:17:09 [INFO]: 🔥  Forced seeding of Exam Database enabled. 
2026-03-25 18:17:09 [INFO]: ⚠ Clearing old Questions... 
2026-03-25 18:17:10 [INFO]: ⚠ Clearing old Topics... 
2026-03-25 18:17:10 [INFO]: ⚠ Clearing old Units... 
2026-03-25 18:17:10 [INFO]: ⚠ Clearing old Subjects... 
2026-03-25 18:17:10 [INFO]: ⚠ Clearing old Exams... 
2026-03-25 18:17:10 [INFO]: ⚠ Clearing old Payments... 
2026-03-25 18:17:10 [INFO]: ⚡ Seeding Exam database... 
2026-03-25 18:17:10 [INFO]: 🔥 Exam seeded: 4 successfully! 
2026-03-25 18:17:11 [INFO]: 🔥 Subject seeded: 4 successfully! 
2026-03-25 18:17:11 [INFO]: 🔥 Unit seeded: 11 successfully! 
2026-03-25 18:17:11 [INFO]: 🔥 Topics seeded: 49 successfully! 
2026-03-25 18:17:11 [INFO]: 📂 Seeding Questions From questiontable_E1_S1_U1.json... 
2026-03-25 18:17:11 [INFO]: GET / ::1 
2026-03-25 18:17:11 [INFO]: GET /css/desktopStyle.css ::1 
2026-03-25 18:17:11 [INFO]: GET /images/biobrain-logo.png ::1 
2026-03-25 18:17:11 [INFO]: GET /js/navibar.js ::1 
2026-03-25 18:17:11 [INFO]: ✅ Inserted 460 from questiontable_E1_S1_U1.json 
2026-03-25 18:17:11 [INFO]: 📂 Seeding Questions From questiontable_E1_S1_U2.json... 
2026-03-25 18:17:11 [INFO]: GET /images/dna-pattern.png ::1 
2026-03-25 18:17:11 [INFO]: GET /images/molucule-structure.png ::1 
2026-03-25 18:17:12 [INFO]: ✅ Inserted 40 from questiontable_E1_S1_U2.json 
2026-03-25 18:17:12 [INFO]: 🔥 Total Questions seeded: 500 
2026-03-25 18:17:12 [INFO]: ✅ All Exam database seeded successfully! 
2026-03-25 18:17:12 [INFO]: 🔥  Forced seeding of UserRoles Database enabled. 
2026-03-25 18:17:12 [INFO]: ⚠ Clearing old Users... 
2026-03-25 18:17:12 [INFO]: ⚠ Clearing old Roles... 
2026-03-25 18:17:12 [INFO]: ⚡ Seeding UserRoles Database ... 
2026-03-25 18:17:12 [INFO]: 🔥 Roles seeded: 5 successfully! 
2026-03-25 18:17:12 [INFO]: 🔥 Users seeded: 2 successfully! 
2026-03-25 18:17:12 [INFO]: ✅ All UserRole Database seeded successfully! 
2026-03-25 18:17:33 [INFO]: GET /mocktest/init/E4/S1 ::1 
2026-03-25 18:17:33 [INFO]: GET /css/desktopStyle.css ::1 
2026-03-25 18:17:33 [INFO]: GET /images/biobrain-logo.png ::1 
2026-03-25 18:17:33 [INFO]: GET /js/navibar.js ::1 
2026-03-25 18:17:34 [INFO]: GET /units/E4/S1 ::1 
2026-03-25 18:17:35 [INFO]: GET /topics/E4/S1/U1 ::1 
2026-03-25 18:17:37 [INFO]: POST /mocktest/createorder ::1 
2026-03-25 18:17:37 [INFO]: GET /css/desktopStyle.css ::1 
2026-03-25 18:17:47 [INFO]: POST /mocktest/submit ::1 
2026-03-25 18:17:49 [INFO]: POST /aiassistant/singlequizsummary ::1 
2026-03-25 18:17:49 [ERROR]: TypeError: Cannot read properties of undefined (reading 'map')
    at exports.generateSingleQuizSummary (D:\Projects\BioBrainMdb\services\ai\aiSingleQuizSummaryService.js:6:44)
    at exports.aiSingleQuizSummary (D:\Projects\BioBrainMdb\controllers\aiAssistanceController.js:45:62)
    at process.processTicksAndRejections (node:internal/process/task_queues:103:5) 
2026-03-25 18:22:38 [INFO]: GET /keep-session-alive ::1 
2026-03-25 18:23:46 [INFO]: 🚀 Server running on port 3000 
2026-03-25 18:23:47 [INFO]: ✅ Connected to MongoDB 
2026-03-25 18:23:47 [INFO]: 🔥  Forced seeding of Exam Database enabled. 
2026-03-25 18:23:47 [INFO]: ⚠ Clearing old Questions... 
2026-03-25 18:23:47 [INFO]: ⚠ Clearing old Topics... 
2026-03-25 18:23:47 [INFO]: ⚠ Clearing old Units... 
2026-03-25 18:23:47 [INFO]: ⚠ Clearing old Subjects... 
2026-03-25 18:23:47 [INFO]: ⚠ Clearing old Exams... 
2026-03-25 18:23:47 [INFO]: ⚠ Clearing old Payments... 
2026-03-25 18:23:47 [INFO]: ⚡ Seeding Exam database... 
2026-03-25 18:23:48 [INFO]: 🔥 Exam seeded: 4 successfully! 
2026-03-25 18:23:48 [INFO]: 🔥 Subject seeded: 4 successfully! 
2026-03-25 18:23:49 [INFO]: 🔥 Unit seeded: 11 successfully! 
2026-03-25 18:23:49 [INFO]: 🔥 Topics seeded: 49 successfully! 
2026-03-25 18:23:49 [INFO]: 📂 Seeding Questions From questiontable_E1_S1_U1.json... 
2026-03-25 18:23:49 [INFO]: ✅ Inserted 460 from questiontable_E1_S1_U1.json 
2026-03-25 18:23:49 [INFO]: 📂 Seeding Questions From questiontable_E1_S1_U2.json... 
2026-03-25 18:23:49 [INFO]: ✅ Inserted 40 from questiontable_E1_S1_U2.json 
2026-03-25 18:23:49 [INFO]: 🔥 Total Questions seeded: 500 
2026-03-25 18:23:49 [INFO]: ✅ All Exam database seeded successfully! 
2026-03-25 18:23:49 [INFO]: 🔥  Forced seeding of UserRoles Database enabled. 
2026-03-25 18:23:49 [INFO]: ⚠ Clearing old Users... 
2026-03-25 18:23:49 [INFO]: ⚠ Clearing old Roles... 
2026-03-25 18:23:49 [INFO]: ⚡ Seeding UserRoles Database ... 
2026-03-25 18:23:49 [INFO]: 🔥 Roles seeded: 5 successfully! 
2026-03-25 18:23:49 [INFO]: 🔥 Users seeded: 2 successfully! 
2026-03-25 18:23:49 [INFO]: ✅ All UserRole Database seeded successfully! 
2026-03-25 18:23:51 [INFO]: GET / ::1 
2026-03-25 18:23:51 [INFO]: GET /css/desktopStyle.css ::1 
2026-03-25 18:23:51 [INFO]: GET /images/biobrain-logo.png ::1 
2026-03-25 18:23:51 [INFO]: GET /js/navibar.js ::1 
2026-03-25 18:23:51 [INFO]: GET /images/dna-pattern.png ::1 
2026-03-25 18:23:51 [INFO]: GET /images/molucule-structure.png ::1 
2026-03-25 18:23:52 [INFO]: GET /mocktest/init/E4/S1 ::1 
2026-03-25 18:23:53 [INFO]: GET /css/desktopStyle.css ::1 
2026-03-25 18:23:53 [INFO]: GET /images/biobrain-logo.png ::1 
2026-03-25 18:23:53 [INFO]: GET /js/navibar.js ::1 
2026-03-25 18:23:53 [INFO]: GET /units/E4/S1 ::1 
2026-03-25 18:23:55 [INFO]: GET /topics/E4/S1/U1 ::1 
2026-03-25 18:23:56 [INFO]: POST /mocktest/createorder ::1 
2026-03-25 18:23:56 [INFO]: GET /css/desktopStyle.css ::1 
2026-03-25 18:24:03 [INFO]: POST /mocktest/submit ::1 
2026-03-25 18:24:05 [INFO]: POST /aiassistant/singlequizsummary ::1 
2026-03-25 18:24:35 [INFO]: POST /aiassistant/singlequizsummary ::1 
2026-03-25 18:24:52 [INFO]: GET /.well-known/appspecific/com.chrome.devtools.json ::1 
2026-03-25 18:25:00 [INFO]: POST /aiassistant/singlequizsummary ::1 
2026-03-25 18:28:57 [INFO]: GET /keep-session-alive ::1 
2026-03-25 18:33:16 [INFO]: 🚀 Server running on port 3000 
2026-03-25 18:33:17 [INFO]: ✅ Connected to MongoDB 
2026-03-25 18:33:17 [INFO]: 🔥  Forced seeding of Exam Database enabled. 
2026-03-25 18:33:17 [INFO]: ⚠ Clearing old Questions... 
2026-03-25 18:33:17 [INFO]: ⚠ Clearing old Topics... 
2026-03-25 18:33:17 [INFO]: ⚠ Clearing old Units... 
2026-03-25 18:33:17 [INFO]: ⚠ Clearing old Subjects... 
2026-03-25 18:33:17 [INFO]: ⚠ Clearing old Exams... 
2026-03-25 18:33:18 [INFO]: ⚠ Clearing old Payments... 
2026-03-25 18:33:18 [INFO]: ⚡ Seeding Exam database... 
2026-03-25 18:33:18 [INFO]: 🔥 Exam seeded: 4 successfully! 
2026-03-25 18:33:18 [INFO]: 🔥 Subject seeded: 4 successfully! 
2026-03-25 18:33:19 [INFO]: 🔥 Unit seeded: 11 successfully! 
2026-03-25 18:33:19 [INFO]: 🔥 Topics seeded: 49 successfully! 
2026-03-25 18:33:19 [INFO]: 📂 Seeding Questions From questiontable_E1_S1_U1.json... 
2026-03-25 18:33:19 [INFO]: ✅ Inserted 460 from questiontable_E1_S1_U1.json 
2026-03-25 18:33:19 [INFO]: 📂 Seeding Questions From questiontable_E1_S1_U2.json... 
2026-03-25 18:33:19 [INFO]: ✅ Inserted 40 from questiontable_E1_S1_U2.json 
2026-03-25 18:33:19 [INFO]: 🔥 Total Questions seeded: 500 
2026-03-25 18:33:19 [INFO]: ✅ All Exam database seeded successfully! 
2026-03-25 18:33:19 [INFO]: 🔥  Forced seeding of UserRoles Database enabled. 
2026-03-25 18:33:19 [INFO]: ⚠ Clearing old Users... 
2026-03-25 18:33:19 [INFO]: ⚠ Clearing old Roles... 
2026-03-25 18:33:19 [INFO]: ⚡ Seeding UserRoles Database ... 
2026-03-25 18:33:19 [INFO]: 🔥 Roles seeded: 5 successfully! 
2026-03-25 18:33:19 [INFO]: 🔥 Users seeded: 2 successfully! 
2026-03-25 18:33:19 [INFO]: ✅ All UserRole Database seeded successfully! 
2026-03-25 18:33:20 [INFO]: GET / ::1 
2026-03-25 18:33:20 [INFO]: GET /css/desktopStyle.css ::1 
2026-03-25 18:33:20 [INFO]: GET /images/biobrain-logo.png ::1 
2026-03-25 18:33:20 [INFO]: GET /js/navibar.js ::1 
2026-03-25 18:33:20 [INFO]: GET /images/dna-pattern.png ::1 
2026-03-25 18:33:20 [INFO]: GET /images/molucule-structure.png ::1 
2026-03-25 18:33:22 [INFO]: GET /mocktest/init/E4/S1 ::1 
2026-03-25 18:33:22 [INFO]: GET /css/desktopStyle.css ::1 
2026-03-25 18:33:22 [INFO]: GET /images/biobrain-logo.png ::1 
2026-03-25 18:33:22 [INFO]: GET /js/navibar.js ::1 
2026-03-25 18:33:22 [INFO]: GET /units/E4/S1 ::1 
2026-03-25 18:33:40 [INFO]: GET /topics/E4/S1/U1 ::1 
2026-03-25 18:33:42 [INFO]: POST /mocktest/createorder ::1 
2026-03-25 18:33:43 [INFO]: GET /css/desktopStyle.css ::1 
2026-03-25 18:33:50 [INFO]: POST /mocktest/submit ::1 
2026-03-25 18:33:51 [INFO]: POST /aiassistant/singlequizsummary ::1 
2026-03-25 18:34:48 [INFO]: POST /aiassistant/allquizsummary ::1 
2026-03-25 18:36:17 [INFO]: POST /aiassistant/allquizsummary ::1 
2026-03-25 18:36:21 [INFO]: GET /.well-known/appspecific/com.chrome.devtools.json ::1 
2026-03-25 18:36:25 [INFO]: POST /aiassistant/allquizsummary ::1 
2026-03-25 18:36:41 [INFO]: POST /aiassistant/allquizsummary ::1 
2026-03-25 18:37:19 [INFO]: POST /aiassistant/singlequizsummary ::1 
2026-03-25 18:38:43 [INFO]: GET /keep-session-alive ::1 
2026-03-25 18:43:43 [INFO]: GET /keep-session-alive ::1 
2026-03-25 18:44:40 [INFO]: 🚀 Server running on port 3000 
2026-03-25 18:44:41 [INFO]: ✅ Connected to MongoDB 
2026-03-25 18:44:41 [INFO]: 🔥  Forced seeding of Exam Database enabled. 
2026-03-25 18:44:41 [INFO]: ⚠ Clearing old Questions... 
2026-03-25 18:44:41 [INFO]: ⚠ Clearing old Topics... 
2026-03-25 18:44:41 [INFO]: ⚠ Clearing old Units... 
2026-03-25 18:44:41 [INFO]: ⚠ Clearing old Subjects... 
2026-03-25 18:44:41 [INFO]: ⚠ Clearing old Exams... 
2026-03-25 18:44:41 [INFO]: ⚠ Clearing old Payments... 
2026-03-25 18:44:41 [INFO]: ⚡ Seeding Exam database... 
2026-03-25 18:44:41 [INFO]: 🔥 Exam seeded: 4 successfully! 
2026-03-25 18:44:41 [INFO]: 🔥 Subject seeded: 4 successfully! 
2026-03-25 18:44:42 [INFO]: 🔥 Unit seeded: 11 successfully! 
2026-03-25 18:44:43 [INFO]: 🔥 Topics seeded: 49 successfully! 
2026-03-25 18:44:43 [INFO]: 📂 Seeding Questions From questiontable_E1_S1_U1.json... 
2026-03-25 18:44:43 [INFO]: ✅ Inserted 460 from questiontable_E1_S1_U1.json 
2026-03-25 18:44:43 [INFO]: 📂 Seeding Questions From questiontable_E1_S1_U2.json... 
2026-03-25 18:44:43 [INFO]: ✅ Inserted 40 from questiontable_E1_S1_U2.json 
2026-03-25 18:44:43 [INFO]: 🔥 Total Questions seeded: 500 
2026-03-25 18:44:43 [INFO]: ✅ All Exam database seeded successfully! 
2026-03-25 18:44:43 [INFO]: 🔥  Forced seeding of UserRoles Database enabled. 
2026-03-25 18:44:43 [INFO]: ⚠ Clearing old Users... 
2026-03-25 18:44:43 [INFO]: ⚠ Clearing old Roles... 
2026-03-25 18:44:43 [INFO]: ⚡ Seeding UserRoles Database ... 
2026-03-25 18:44:43 [INFO]: 🔥 Roles seeded: 5 successfully! 
2026-03-25 18:44:43 [INFO]: 🔥 Users seeded: 2 successfully! 
2026-03-25 18:44:43 [INFO]: ✅ All UserRole Database seeded successfully! 
2026-03-25 18:44:44 [INFO]: GET / ::1 
2026-03-25 18:44:45 [INFO]: GET /css/desktopStyle.css ::1 
2026-03-25 18:44:45 [INFO]: GET /images/biobrain-logo.png ::1 
2026-03-25 18:44:45 [INFO]: GET /js/navibar.js ::1 
2026-03-25 18:44:45 [INFO]: GET /images/dna-pattern.png ::1 
2026-03-25 18:44:45 [INFO]: GET /images/molucule-structure.png ::1 
2026-03-25 18:44:47 [INFO]: GET /mocktest/init/E4/S1 ::1 
2026-03-25 18:44:47 [INFO]: GET /css/desktopStyle.css ::1 
2026-03-25 18:44:47 [INFO]: GET /images/biobrain-logo.png ::1 
2026-03-25 18:44:47 [INFO]: GET /js/navibar.js ::1 
2026-03-25 18:44:47 [INFO]: GET /units/E4/S1 ::1 
2026-03-25 18:45:03 [INFO]: GET /topics/E4/S1/U1 ::1 
2026-03-25 18:45:05 [INFO]: POST /mocktest/createorder ::1 
2026-03-25 18:45:06 [INFO]: GET /css/desktopStyle.css ::1 
2026-03-25 18:45:12 [INFO]: POST /mocktest/submit ::1 
2026-03-25 18:45:14 [INFO]: POST /aiassistant/allquizsummary ::1 
2026-03-25 18:46:54 [INFO]: POST /aiassistant/singlequizsummary ::1 
2026-03-25 18:47:40 [INFO]: POST /aiassistant/allquizsummary ::1 
2026-03-25 18:50:06 [INFO]: GET /keep-session-alive ::1 
2026-03-25 18:51:01 [INFO]: 🚀 Server running on port 3000 
2026-03-25 18:51:02 [INFO]: ✅ Connected to MongoDB 
2026-03-25 18:51:02 [INFO]: 🔥  Forced seeding of Exam Database enabled. 
2026-03-25 18:51:02 [INFO]: ⚠ Clearing old Questions... 
2026-03-25 18:51:02 [INFO]: ⚠ Clearing old Topics... 
2026-03-25 18:51:02 [INFO]: ⚠ Clearing old Units... 
2026-03-25 18:51:02 [INFO]: ⚠ Clearing old Subjects... 
2026-03-25 18:51:02 [INFO]: ⚠ Clearing old Exams... 
2026-03-25 18:51:02 [INFO]: ⚠ Clearing old Payments... 
2026-03-25 18:51:02 [INFO]: ⚡ Seeding Exam database... 
2026-03-25 18:51:03 [INFO]: 🔥 Exam seeded: 4 successfully! 
2026-03-25 18:51:03 [INFO]: 🔥 Subject seeded: 4 successfully! 
2026-03-25 18:51:04 [INFO]: 🔥 Unit seeded: 11 successfully! 
2026-03-25 18:51:04 [INFO]: 🔥 Topics seeded: 49 successfully! 
2026-03-25 18:51:04 [INFO]: 📂 Seeding Questions From questiontable_E1_S1_U1.json... 
2026-03-25 18:51:04 [INFO]: ✅ Inserted 460 from questiontable_E1_S1_U1.json 
2026-03-25 18:51:04 [INFO]: 📂 Seeding Questions From questiontable_E1_S1_U2.json... 
2026-03-25 18:51:04 [INFO]: ✅ Inserted 40 from questiontable_E1_S1_U2.json 
2026-03-25 18:51:04 [INFO]: 🔥 Total Questions seeded: 500 
2026-03-25 18:51:04 [INFO]: ✅ All Exam database seeded successfully! 
2026-03-25 18:51:04 [INFO]: 🔥  Forced seeding of UserRoles Database enabled. 
2026-03-25 18:51:04 [INFO]: ⚠ Clearing old Users... 
2026-03-25 18:51:04 [INFO]: ⚠ Clearing old Roles... 
2026-03-25 18:51:04 [INFO]: ⚡ Seeding UserRoles Database ... 
2026-03-25 18:51:04 [INFO]: 🔥 Roles seeded: 5 successfully! 
2026-03-25 18:51:04 [INFO]: 🔥 Users seeded: 2 successfully! 
2026-03-25 18:51:04 [INFO]: ✅ All UserRole Database seeded successfully! 
2026-03-25 18:51:06 [INFO]: GET / ::1 
2026-03-25 18:51:06 [INFO]: GET /css/desktopStyle.css ::1 
2026-03-25 18:51:06 [INFO]: GET /images/biobrain-logo.png ::1 
2026-03-25 18:51:06 [INFO]: GET /js/navibar.js ::1 
2026-03-25 18:51:06 [INFO]: GET /images/dna-pattern.png ::1 
2026-03-25 18:51:06 [INFO]: GET /images/molucule-structure.png ::1 
2026-03-25 18:51:07 [INFO]: GET /mocktest/init/E4/S1 ::1 
2026-03-25 18:51:07 [INFO]: GET /css/desktopStyle.css ::1 
2026-03-25 18:51:07 [INFO]: GET /images/biobrain-logo.png ::1 
2026-03-25 18:51:07 [INFO]: GET /js/navibar.js ::1 
2026-03-25 18:51:08 [INFO]: GET /units/E4/S1 ::1 
2026-03-25 18:51:09 [INFO]: GET /topics/E4/S1/U1 ::1 
2026-03-25 18:51:11 [INFO]: POST /mocktest/createorder ::1 
2026-03-25 18:51:11 [INFO]: GET /css/desktopStyle.css ::1 
2026-03-25 18:51:18 [INFO]: POST /mocktest/submit ::1 
2026-03-25 18:51:19 [INFO]: POST /aiassistant/singlequizsummary ::1 
2026-03-25 18:51:33 [INFO]: POST /aiassistant/allquizsummary ::1 
2026-03-25 18:52:10 [INFO]: POST /aiassistant/explainanswer ::1 
2026-03-25 18:52:17 [INFO]: POST /aiassistant/explainanswer ::1 
2026-03-25 18:52:17 [INFO]: GET /login ::1 
2026-03-25 18:52:19 [INFO]: POST /aiassistant/explainanswer ::1 
2026-03-25 18:52:19 [INFO]: GET /login ::1 
2026-03-25 18:52:58 [INFO]: POST /aiassistant/allquizsummary ::1 
2026-03-25 18:52:58 [INFO]: GET /login ::1 
2026-03-25 18:53:00 [INFO]: POST /aiassistant/singlequizsummary ::1 
2026-03-25 18:53:00 [INFO]: GET /login ::1 
2026-03-25 18:53:43 [INFO]: 🚀 Server running on port 3000 
2026-03-25 18:53:43 [INFO]: ✅ Connected to MongoDB 
2026-03-25 18:53:43 [INFO]: 🔥  Forced seeding of Exam Database enabled. 
2026-03-25 18:53:43 [INFO]: ⚠ Clearing old Questions... 
2026-03-25 18:53:44 [INFO]: ⚠ Clearing old Topics... 
2026-03-25 18:53:44 [INFO]: ⚠ Clearing old Units... 
2026-03-25 18:53:44 [INFO]: ⚠ Clearing old Subjects... 
2026-03-25 18:53:44 [INFO]: ⚠ Clearing old Exams... 
2026-03-25 18:53:44 [INFO]: ⚠ Clearing old Payments... 
2026-03-25 18:53:44 [INFO]: ⚡ Seeding Exam database... 
2026-03-25 18:53:44 [INFO]: 🔥 Exam seeded: 4 successfully! 
2026-03-25 18:53:45 [INFO]: 🔥 Subject seeded: 4 successfully! 
2026-03-25 18:53:45 [INFO]: 🔥 Unit seeded: 11 successfully! 
2026-03-25 18:53:45 [INFO]: 🔥 Topics seeded: 49 successfully! 
2026-03-25 18:53:45 [INFO]: 📂 Seeding Questions From questiontable_E1_S1_U1.json... 
2026-03-25 18:53:46 [INFO]: ✅ Inserted 460 from questiontable_E1_S1_U1.json 
2026-03-25 18:53:46 [INFO]: 📂 Seeding Questions From questiontable_E1_S1_U2.json... 
2026-03-25 18:53:46 [INFO]: ✅ Inserted 40 from questiontable_E1_S1_U2.json 
2026-03-25 18:53:46 [INFO]: 🔥 Total Questions seeded: 500 
2026-03-25 18:53:46 [INFO]: ✅ All Exam database seeded successfully! 
2026-03-25 18:53:46 [INFO]: 🔥  Forced seeding of UserRoles Database enabled. 
2026-03-25 18:53:46 [INFO]: ⚠ Clearing old Users... 
2026-03-25 18:53:46 [INFO]: ⚠ Clearing old Roles... 
2026-03-25 18:53:46 [INFO]: ⚡ Seeding UserRoles Database ... 
2026-03-25 18:53:46 [INFO]: 🔥 Roles seeded: 5 successfully! 
2026-03-25 18:53:46 [INFO]: 🔥 Users seeded: 2 successfully! 
2026-03-25 18:53:46 [INFO]: ✅ All UserRole Database seeded successfully! 
2026-03-25 18:53:48 [INFO]: GET / ::1 
2026-03-25 18:53:49 [INFO]: GET /css/desktopStyle.css ::1 
2026-03-25 18:53:49 [INFO]: GET /images/biobrain-logo.png ::1 
2026-03-25 18:53:49 [INFO]: GET /js/navibar.js ::1 
2026-03-25 18:53:49 [INFO]: GET /images/dna-pattern.png ::1 
2026-03-25 18:53:49 [INFO]: GET /images/molucule-structure.png ::1 
2026-03-25 18:53:50 [INFO]: GET /mocktest/init/E4/S1 ::1 
2026-03-25 18:53:50 [INFO]: GET /login ::1 
2026-03-25 18:53:50 [INFO]: GET /css/desktopStyle.css ::1 
2026-03-25 18:53:50 [INFO]: GET /images/biobrain-logo.png ::1 
2026-03-25 18:53:50 [INFO]: GET /js/navibar.js ::1 
2026-03-25 18:54:00 [INFO]: POST /login ::1 
2026-03-25 18:54:00 [INFO]: GET /mocktest/init/E4/S1 ::1 
2026-03-25 18:54:01 [INFO]: GET /css/desktopStyle.css ::1 
2026-03-25 18:54:01 [INFO]: GET /images/biobrain-logo.png ::1 
2026-03-25 18:54:01 [INFO]: GET /js/navibar.js ::1 
2026-03-25 18:54:01 [INFO]: GET /units/E4/S1 ::1 
2026-03-25 18:54:05 [INFO]: GET /topics/E4/S1/U1 ::1 
2026-03-25 18:54:06 [INFO]: POST /mocktest/createorder ::1 
2026-03-25 18:54:06 [INFO]: GET /css/desktopStyle.css ::1 
2026-03-25 18:54:12 [INFO]: POST /mocktest/submit ::1 
2026-03-25 18:54:14 [INFO]: POST /aiassistant/singlequizsummary ::1 
2026-03-25 18:54:29 [INFO]: POST /aiassistant/explainanswer ::1 
2026-03-25 18:54:37 [INFO]: POST /aiassistant/explainanswer ::1 
2026-03-25 18:54:39 [INFO]: POST /aiassistant/explainanswer ::1 
2026-03-25 18:54:42 [INFO]: POST /aiassistant/explainanswer ::1 
2026-03-25 18:54:47 [INFO]: POST /aiassistant/explainanswer ::1 
2026-03-25 18:54:53 [INFO]: POST /aiassistant/explainanswer ::1 
2026-03-25 18:56:08 [INFO]: 🚀 Server running on port 3000 
2026-03-25 18:56:08 [INFO]: ✅ Connected to MongoDB 
2026-03-25 18:56:08 [INFO]: 🔥  Forced seeding of Exam Database enabled. 
2026-03-25 18:56:08 [INFO]: ⚠ Clearing old Questions... 
2026-03-25 18:56:09 [INFO]: ⚠ Clearing old Topics... 
2026-03-25 18:56:09 [INFO]: ⚠ Clearing old Units... 
2026-03-25 18:56:09 [INFO]: ⚠ Clearing old Subjects... 
2026-03-25 18:56:09 [INFO]: ⚠ Clearing old Exams... 
2026-03-25 18:56:09 [INFO]: ⚠ Clearing old Payments... 
2026-03-25 18:56:09 [INFO]: ⚡ Seeding Exam database... 
2026-03-25 18:56:09 [INFO]: 🔥 Exam seeded: 4 successfully! 
2026-03-25 18:56:09 [INFO]: 🔥 Subject seeded: 4 successfully! 
2026-03-25 18:56:09 [INFO]: GET / ::1 
2026-03-25 18:56:10 [INFO]: 🔥 Unit seeded: 11 successfully! 
2026-03-25 18:56:10 [INFO]: GET /css/desktopStyle.css ::1 
2026-03-25 18:56:10 [INFO]: GET /images/biobrain-logo.png ::1 
2026-03-25 18:56:10 [INFO]: GET /js/navibar.js ::1 
2026-03-25 18:56:10 [INFO]: 🔥 Topics seeded: 49 successfully! 
2026-03-25 18:56:10 [INFO]: 📂 Seeding Questions From questiontable_E1_S1_U1.json... 
2026-03-25 18:56:11 [INFO]: GET /images/dna-pattern.png ::1 
2026-03-25 18:56:11 [INFO]: GET /images/molucule-structure.png ::1 
2026-03-25 18:56:11 [INFO]: ✅ Inserted 460 from questiontable_E1_S1_U1.json 
2026-03-25 18:56:11 [INFO]: 📂 Seeding Questions From questiontable_E1_S1_U2.json... 
2026-03-25 18:56:11 [INFO]: ✅ Inserted 40 from questiontable_E1_S1_U2.json 
2026-03-25 18:56:11 [INFO]: 🔥 Total Questions seeded: 500 
2026-03-25 18:56:11 [INFO]: ✅ All Exam database seeded successfully! 
2026-03-25 18:56:11 [INFO]: 🔥  Forced seeding of UserRoles Database enabled. 
2026-03-25 18:56:11 [INFO]: ⚠ Clearing old Users... 
2026-03-25 18:56:11 [INFO]: ⚠ Clearing old Roles... 
2026-03-25 18:56:11 [INFO]: ⚡ Seeding UserRoles Database ... 
2026-03-25 18:56:11 [INFO]: 🔥 Roles seeded: 5 successfully! 
2026-03-25 18:56:11 [INFO]: 🔥 Users seeded: 2 successfully! 
2026-03-25 18:56:11 [INFO]: ✅ All UserRole Database seeded successfully! 
2026-03-25 18:56:12 [INFO]: GET /mocktest/init/E4/S1 ::1 
2026-03-25 18:56:12 [INFO]: GET /css/desktopStyle.css ::1 
2026-03-25 18:56:12 [INFO]: GET /images/biobrain-logo.png ::1 
2026-03-25 18:56:12 [INFO]: GET /js/navibar.js ::1 
2026-03-25 18:56:12 [INFO]: GET /units/E4/S1 ::1 
2026-03-25 18:56:14 [INFO]: GET /topics/E4/S1/U1 ::1 
2026-03-25 18:56:16 [INFO]: POST /mocktest/createorder ::1 
2026-03-25 18:56:16 [INFO]: GET /css/desktopStyle.css ::1 
2026-03-25 18:56:21 [INFO]: POST /mocktest/submit ::1 
2026-03-25 18:57:13 [INFO]: 🚀 Server running on port 3000 
2026-03-25 18:57:13 [INFO]: ✅ Connected to MongoDB 
2026-03-25 18:57:13 [INFO]: 🔥  Forced seeding of Exam Database enabled. 
2026-03-25 18:57:13 [INFO]: ⚠ Clearing old Questions... 
2026-03-25 18:57:14 [INFO]: ⚠ Clearing old Topics... 
2026-03-25 18:57:15 [INFO]: GET / ::1 
2026-03-25 18:57:15 [INFO]: ⚠ Clearing old Units... 
2026-03-25 18:57:15 [INFO]: GET /css/desktopStyle.css ::1 
2026-03-25 18:57:15 [INFO]: GET /images/biobrain-logo.png ::1 
2026-03-25 18:57:15 [INFO]: GET /js/navibar.js ::1 
2026-03-25 18:57:15 [INFO]: GET /images/dna-pattern.png ::1 
2026-03-25 18:57:15 [INFO]: GET /images/molucule-structure.png ::1 
2026-03-25 18:57:15 [INFO]: ⚠ Clearing old Subjects... 
2026-03-25 18:57:15 [INFO]: ⚠ Clearing old Exams... 
2026-03-25 18:57:15 [INFO]: ⚠ Clearing old Payments... 
2026-03-25 18:57:15 [INFO]: ⚡ Seeding Exam database... 
2026-03-25 18:57:15 [INFO]: 🔥 Exam seeded: 4 successfully! 
2026-03-25 18:57:15 [INFO]: 🔥 Subject seeded: 4 successfully! 
2026-03-25 18:57:15 [INFO]: 🔥 Unit seeded: 11 successfully! 
2026-03-25 18:57:16 [INFO]: 🔥 Topics seeded: 49 successfully! 
2026-03-25 18:57:16 [INFO]: 📂 Seeding Questions From questiontable_E1_S1_U1.json... 
2026-03-25 18:57:16 [INFO]: ✅ Inserted 460 from questiontable_E1_S1_U1.json 
2026-03-25 18:57:16 [INFO]: 📂 Seeding Questions From questiontable_E1_S1_U2.json... 
2026-03-25 18:57:16 [INFO]: ✅ Inserted 40 from questiontable_E1_S1_U2.json 
2026-03-25 18:57:16 [INFO]: 🔥 Total Questions seeded: 500 
2026-03-25 18:57:16 [INFO]: ✅ All Exam database seeded successfully! 
2026-03-25 18:57:16 [INFO]: 🔥  Forced seeding of UserRoles Database enabled. 
2026-03-25 18:57:16 [INFO]: ⚠ Clearing old Users... 
2026-03-25 18:57:16 [INFO]: ⚠ Clearing old Roles... 
2026-03-25 18:57:16 [INFO]: ⚡ Seeding UserRoles Database ... 
2026-03-25 18:57:16 [INFO]: 🔥 Roles seeded: 5 successfully! 
2026-03-25 18:57:16 [INFO]: 🔥 Users seeded: 2 successfully! 
2026-03-25 18:57:16 [INFO]: ✅ All UserRole Database seeded successfully! 
2026-03-25 18:57:16 [INFO]: GET /mocktest/init/E4/S1 ::1 
2026-03-25 18:57:17 [INFO]: GET /css/desktopStyle.css ::1 
2026-03-25 18:57:17 [INFO]: GET /images/biobrain-logo.png ::1 
2026-03-25 18:57:17 [INFO]: GET /js/navibar.js ::1 
2026-03-25 18:57:17 [INFO]: GET /units/E4/S1 ::1 
2026-03-25 18:57:19 [INFO]: GET /topics/E4/S1/U1 ::1 
2026-03-25 18:57:20 [INFO]: POST /mocktest/createorder ::1 
2026-03-25 18:57:21 [INFO]: GET /css/desktopStyle.css ::1 
2026-03-25 18:57:27 [INFO]: POST /mocktest/submit ::1 
2026-03-25 18:57:29 [INFO]: POST /aiassistant/explainanswer ::1 
2026-03-25 18:57:31 [INFO]: POST /aiassistant/explainanswer ::1 
2026-03-25 18:57:35 [INFO]: POST /aiassistant/singlequizsummary ::1 
2026-03-25 18:57:37 [INFO]: POST /aiassistant/allquizsummary ::1 
2026-03-25 18:57:43 [INFO]: POST /aiassistant/singlequizsummary ::1 
2026-03-25 18:57:44 [INFO]: POST /aiassistant/explainanswer ::1 
2026-03-25 18:59:10 [INFO]: 🚀 Server running on port 3000 
2026-03-25 18:59:10 [INFO]: ✅ Connected to MongoDB 
2026-03-25 18:59:10 [INFO]: 🔥  Forced seeding of Exam Database enabled. 
2026-03-25 18:59:10 [INFO]: ⚠ Clearing old Questions... 
2026-03-25 18:59:11 [INFO]: ⚠ Clearing old Topics... 
2026-03-25 18:59:11 [INFO]: ⚠ Clearing old Units... 
2026-03-25 18:59:11 [INFO]: ⚠ Clearing old Subjects... 
2026-03-25 18:59:11 [INFO]: ⚠ Clearing old Exams... 
2026-03-25 18:59:11 [INFO]: ⚠ Clearing old Payments... 
2026-03-25 18:59:11 [INFO]: ⚡ Seeding Exam database... 
2026-03-25 18:59:11 [INFO]: 🔥 Exam seeded: 4 successfully! 
2026-03-25 18:59:11 [INFO]: 🔥 Subject seeded: 4 successfully! 
2026-03-25 18:59:12 [INFO]: 🔥 Unit seeded: 11 successfully! 
2026-03-25 18:59:12 [INFO]: GET / ::1 
2026-03-25 18:59:12 [INFO]: 🔥 Topics seeded: 49 successfully! 
2026-03-25 18:59:12 [INFO]: 📂 Seeding Questions From questiontable_E1_S1_U1.json... 
2026-03-25 18:59:12 [INFO]: GET /css/desktopStyle.css ::1 
2026-03-25 18:59:12 [INFO]: GET /images/biobrain-logo.png ::1 
2026-03-25 18:59:12 [INFO]: GET /js/navibar.js ::1 
2026-03-25 18:59:12 [INFO]: GET /images/dna-pattern.png ::1 
2026-03-25 18:59:12 [INFO]: GET /images/molucule-structure.png ::1 
2026-03-25 18:59:12 [INFO]: ✅ Inserted 460 from questiontable_E1_S1_U1.json 
2026-03-25 18:59:12 [INFO]: 📂 Seeding Questions From questiontable_E1_S1_U2.json... 
2026-03-25 18:59:13 [INFO]: ✅ Inserted 40 from questiontable_E1_S1_U2.json 
2026-03-25 18:59:13 [INFO]: 🔥 Total Questions seeded: 500 
2026-03-25 18:59:13 [INFO]: ✅ All Exam database seeded successfully! 
2026-03-25 18:59:13 [INFO]: 🔥  Forced seeding of UserRoles Database enabled. 
2026-03-25 18:59:13 [INFO]: ⚠ Clearing old Users... 
2026-03-25 18:59:13 [INFO]: ⚠ Clearing old Roles... 
2026-03-25 18:59:13 [INFO]: ⚡ Seeding UserRoles Database ... 
2026-03-25 18:59:13 [INFO]: 🔥 Roles seeded: 5 successfully! 
2026-03-25 18:59:13 [INFO]: 🔥 Users seeded: 2 successfully! 
2026-03-25 18:59:13 [INFO]: ✅ All UserRole Database seeded successfully! 
2026-03-25 18:59:14 [INFO]: GET /mocktest/init/E4/S1 ::1 
2026-03-25 18:59:14 [INFO]: GET /css/desktopStyle.css ::1 
2026-03-25 18:59:14 [INFO]: GET /images/biobrain-logo.png ::1 
2026-03-25 18:59:14 [INFO]: GET /js/navibar.js ::1 
2026-03-25 18:59:14 [INFO]: GET /units/E4/S1 ::1 
2026-03-25 18:59:16 [INFO]: GET /topics/E4/S1/U1 ::1 
2026-03-25 18:59:18 [INFO]: POST /mocktest/createorder ::1 
2026-03-25 18:59:18 [INFO]: GET /css/desktopStyle.css ::1 
2026-03-25 18:59:24 [INFO]: POST /mocktest/submit ::1 
2026-03-25 18:59:26 [INFO]: POST /aiassistant/singlequizsummary ::1 
2026-03-25 18:59:43 [INFO]: POST /aiassistant/explainanswer ::1 
2026-03-25 18:59:46 [INFO]: POST /aiassistant/singlequizsummary ::1 
2026-03-25 19:01:10 [INFO]: 🚀 Server running on port 3000 
2026-03-25 19:01:11 [INFO]: ✅ Connected to MongoDB 
2026-03-25 19:01:11 [INFO]: 🔥  Forced seeding of Exam Database enabled. 
2026-03-25 19:01:11 [INFO]: ⚠ Clearing old Questions... 
2026-03-25 19:01:11 [INFO]: ⚠ Clearing old Topics... 
2026-03-25 19:01:11 [INFO]: ⚠ Clearing old Units... 
2026-03-25 19:01:11 [INFO]: ⚠ Clearing old Subjects... 
2026-03-25 19:01:12 [INFO]: ⚠ Clearing old Exams... 
2026-03-25 19:01:13 [INFO]: ⚠ Clearing old Payments... 
2026-03-25 19:01:13 [INFO]: ⚡ Seeding Exam database... 
2026-03-25 19:01:13 [INFO]: 🔥 Exam seeded: 4 successfully! 
2026-03-25 19:01:13 [INFO]: 🔥 Subject seeded: 4 successfully! 
2026-03-25 19:01:13 [INFO]: 🔥 Unit seeded: 11 successfully! 
2026-03-25 19:01:13 [INFO]: 🔥 Topics seeded: 49 successfully! 
2026-03-25 19:01:13 [INFO]: 📂 Seeding Questions From questiontable_E1_S1_U1.json... 
2026-03-25 19:01:13 [INFO]: ✅ Inserted 460 from questiontable_E1_S1_U1.json 
2026-03-25 19:01:13 [INFO]: 📂 Seeding Questions From questiontable_E1_S1_U2.json... 
2026-03-25 19:01:13 [INFO]: GET / ::1 
2026-03-25 19:01:13 [INFO]: ✅ Inserted 40 from questiontable_E1_S1_U2.json 
2026-03-25 19:01:13 [INFO]: 🔥 Total Questions seeded: 500 
2026-03-25 19:01:13 [INFO]: ✅ All Exam database seeded successfully! 
2026-03-25 19:01:13 [INFO]: 🔥  Forced seeding of UserRoles Database enabled. 
2026-03-25 19:01:13 [INFO]: ⚠ Clearing old Users... 
2026-03-25 19:01:14 [INFO]: ⚠ Clearing old Roles... 
2026-03-25 19:01:14 [INFO]: GET /css/desktopStyle.css ::1 
2026-03-25 19:01:14 [INFO]: GET /images/biobrain-logo.png ::1 
2026-03-25 19:01:14 [INFO]: GET /js/navibar.js ::1 
2026-03-25 19:01:14 [INFO]: ⚡ Seeding UserRoles Database ... 
2026-03-25 19:01:14 [INFO]: GET /images/dna-pattern.png ::1 
2026-03-25 19:01:14 [INFO]: GET /images/molucule-structure.png ::1 
2026-03-25 19:01:14 [INFO]: 🔥 Roles seeded: 5 successfully! 
2026-03-25 19:01:14 [INFO]: 🔥 Users seeded: 2 successfully! 
2026-03-25 19:01:14 [INFO]: ✅ All UserRole Database seeded successfully! 
2026-03-25 19:01:15 [INFO]: GET /mocktest/init/E4/S1 ::1 
2026-03-25 19:01:15 [INFO]: GET /css/desktopStyle.css ::1 
2026-03-25 19:01:15 [INFO]: GET /js/navibar.js ::1 
2026-03-25 19:01:15 [INFO]: GET /images/biobrain-logo.png ::1 
2026-03-25 19:01:15 [INFO]: GET /units/E4/S1 ::1 
2026-03-25 19:01:18 [INFO]: GET /topics/E4/S1/U1 ::1 
2026-03-25 19:01:20 [INFO]: POST /mocktest/createorder ::1 
2026-03-25 19:01:20 [INFO]: GET /css/desktopStyle.css ::1 
2026-03-25 19:01:29 [INFO]: POST /mocktest/submit ::1 
2026-03-25 19:01:32 [INFO]: POST /aiassistant/singlequizsummary ::1 
2026-03-25 19:02:38 [INFO]: POST /aiassistant/allquizsummary ::1 
2026-03-25 19:03:42 [INFO]: GET / ::1 
2026-03-25 19:03:42 [INFO]: GET /css/desktopStyle.css ::1 
2026-03-25 19:03:42 [INFO]: GET /images/biobrain-logo.png ::1 
2026-03-25 19:03:42 [INFO]: GET /js/navibar.js ::1 
2026-03-25 19:03:42 [INFO]: GET /images/dna-pattern.png ::1 
2026-03-25 19:03:42 [INFO]: GET /images/molucule-structure.png ::1 
2026-03-25 19:03:44 [INFO]: GET /mocktest/init/E4/S1 ::1 
2026-03-25 19:03:45 [INFO]: GET /css/desktopStyle.css ::1 
2026-03-25 19:03:45 [INFO]: GET /images/biobrain-logo.png ::1 
2026-03-25 19:03:45 [INFO]: GET /js/navibar.js ::1 
2026-03-25 19:03:45 [INFO]: GET /images/molucule-structure.png ::1 
2026-03-25 19:03:45 [INFO]: GET /units/E4/S1 ::1 
2026-03-25 19:03:49 [INFO]: GET /topics/E4/S1/U1 ::1 
2026-03-25 19:03:51 [INFO]: POST /mocktest/createorder ::1 
2026-03-25 19:03:52 [INFO]: GET /css/desktopStyle.css ::1 
2026-03-25 19:04:28 [INFO]: POST /mocktest/submit ::1 
2026-03-25 19:04:36 [INFO]: POST /aiassistant/singlequizsummary ::1 
2026-03-25 19:05:03 [INFO]: POST /aiassistant/allquizsummary ::1 
2026-03-25 19:05:21 [INFO]: POST /aiassistant/explainanswer ::1 
2026-03-25 19:05:35 [INFO]: GET /mocktest/result/pdf/69c3e464f2eea4c2b0f7711f ::1 
2026-03-25 19:07:07 [INFO]: GET / ::1 
2026-03-25 19:07:07 [INFO]: GET /css/desktopStyle.css ::1 
2026-03-25 19:07:07 [INFO]: GET /images/biobrain-logo.png ::1 
2026-03-25 19:07:07 [INFO]: GET /js/navibar.js ::1 
2026-03-25 19:07:07 [INFO]: GET /images/dna-pattern.png ::1 
2026-03-25 19:07:07 [INFO]: GET /images/molucule-structure.png ::1 
2026-03-25 19:07:09 [INFO]: GET /logout ::1 
2026-03-25 19:07:10 [INFO]: GET / ::1 
2026-03-25 19:07:10 [INFO]: GET /css/desktopStyle.css ::1 
2026-03-25 19:07:10 [INFO]: GET /images/biobrain-logo.png ::1 
2026-03-25 19:07:10 [INFO]: GET /js/navibar.js ::1 
2026-03-25 19:07:11 [INFO]: GET /login ::1 
2026-03-25 19:07:11 [INFO]: GET /css/desktopStyle.css ::1 
2026-03-25 19:07:11 [INFO]: GET /images/biobrain-logo.png ::1 
2026-03-25 19:07:11 [INFO]: GET /js/navibar.js ::1 
2026-03-25 19:07:28 [INFO]: POST /login ::1 
2026-03-25 19:07:28 [INFO]: GET / ::1 
2026-03-25 19:07:28 [INFO]: GET /css/desktopStyle.css ::1 
2026-03-25 19:07:28 [INFO]: GET /images/biobrain-logo.png ::1 
2026-03-25 19:07:28 [INFO]: GET /js/navibar.js ::1 
2026-03-25 19:07:30 [INFO]: GET /mocktest/init/E4/S1 ::1 
2026-03-25 19:07:30 [INFO]: GET /css/desktopStyle.css ::1 
2026-03-25 19:07:30 [INFO]: GET /images/biobrain-logo.png ::1 
2026-03-25 19:07:30 [INFO]: GET /js/navibar.js ::1 
2026-03-25 19:07:30 [INFO]: GET /units/E4/S1 ::1 
2026-03-25 19:07:33 [INFO]: GET /topics/E4/S1/U1 ::1 
2026-03-25 19:07:35 [INFO]: POST /mocktest/createorder ::1 
2026-03-25 19:07:35 [INFO]: GET /css/desktopStyle.css ::1 
2026-03-25 19:07:42 [INFO]: POST /mocktest/submit ::1 
2026-03-25 19:08:03 [INFO]: GET / ::1 
2026-03-25 19:08:03 [INFO]: GET /css/desktopStyle.css ::1 
2026-03-25 19:08:03 [INFO]: GET /images/biobrain-logo.png ::1 
2026-03-25 19:08:03 [INFO]: GET /js/navibar.js ::1 
2026-03-25 19:08:04 [INFO]: GET /admin ::1 
2026-03-25 19:08:05 [INFO]: GET /css/adminStyle.css ::1 
2026-03-25 19:08:05 [INFO]: GET /js/admin.js ::1 
2026-03-25 19:08:06 [INFO]: GET /admin/userroles ::1 
2026-03-25 19:08:07 [INFO]: GET /css/adminStyle.css ::1 
2026-03-25 19:08:13 [INFO]: POST /admin/users/add-role ::1 
2026-03-25 19:08:15 [INFO]: GET / ::1 
2026-03-25 19:08:15 [INFO]: GET /css/desktopStyle.css ::1 
2026-03-25 19:08:15 [INFO]: GET /images/biobrain-logo.png ::1 
2026-03-25 19:08:15 [INFO]: GET /js/navibar.js ::1 
2026-03-25 19:08:17 [INFO]: GET /mocktest/init/E4/S1 ::1 
2026-03-25 19:08:17 [INFO]: GET /css/desktopStyle.css ::1 
2026-03-25 19:08:17 [INFO]: GET /images/biobrain-logo.png ::1 
2026-03-25 19:08:17 [INFO]: GET /js/navibar.js ::1 
2026-03-25 19:08:17 [INFO]: GET /units/E4/S1 ::1 
2026-03-25 19:08:19 [INFO]: GET /topics/E4/S1/U1 ::1 
2026-03-25 19:08:21 [INFO]: POST /mocktest/createorder ::1 
2026-03-25 19:08:21 [INFO]: GET /css/desktopStyle.css ::1 
2026-03-25 19:08:25 [INFO]: POST /mocktest/submit ::1 
2026-03-25 19:08:30 [INFO]: GET / ::1 
2026-03-25 19:08:30 [INFO]: GET /css/desktopStyle.css ::1 
2026-03-25 19:08:30 [INFO]: GET /images/biobrain-logo.png ::1 
2026-03-25 19:08:30 [INFO]: GET /js/navibar.js ::1 
2026-03-25 19:08:39 [INFO]: GET /logout ::1 
2026-03-25 19:08:39 [INFO]: GET / ::1 
2026-03-25 19:08:39 [INFO]: GET /css/desktopStyle.css ::1 
2026-03-25 19:08:39 [INFO]: GET /images/biobrain-logo.png ::1 
2026-03-25 19:08:39 [INFO]: GET /js/navibar.js ::1 
2026-03-25 19:08:41 [INFO]: GET /login ::1 
2026-03-25 19:08:41 [INFO]: GET /css/desktopStyle.css ::1 
2026-03-25 19:08:41 [INFO]: GET /images/biobrain-logo.png ::1 
2026-03-25 19:08:41 [INFO]: GET /js/navibar.js ::1 
2026-03-25 19:08:55 [INFO]: POST /login ::1 
2026-03-25 19:08:55 [INFO]: GET / ::1 
2026-03-25 19:08:55 [INFO]: GET /css/desktopStyle.css ::1 
2026-03-25 19:08:55 [INFO]: GET /images/biobrain-logo.png ::1 
2026-03-25 19:08:55 [INFO]: GET /js/navibar.js ::1 
2026-03-25 19:08:57 [INFO]: GET /mocktest/init/E4/S1 ::1 
2026-03-25 19:08:57 [INFO]: GET /css/desktopStyle.css ::1 
2026-03-25 19:08:57 [INFO]: GET /images/biobrain-logo.png ::1 
2026-03-25 19:08:57 [INFO]: GET /js/navibar.js ::1 
2026-03-25 19:08:58 [INFO]: GET /units/E4/S1 ::1 
2026-03-25 19:09:00 [INFO]: GET /topics/E4/S1/U1 ::1 
2026-03-25 19:09:01 [INFO]: POST /mocktest/createorder ::1 
2026-03-25 19:09:02 [INFO]: GET /css/desktopStyle.css ::1 
2026-03-25 19:09:08 [INFO]: POST /mocktest/submit ::1 
2026-03-25 20:44:06 [INFO]: 🚀 Server running on port 3000 
2026-03-25 20:44:06 [INFO]: ✅ Connected to MongoDB 
2026-03-25 20:44:06 [INFO]: 🔥  Forced seeding of Exam Database enabled. 
2026-03-25 20:44:06 [INFO]: ⚠ Clearing old Questions... 
2026-03-25 20:44:06 [INFO]: ⚠ Clearing old Topics... 
2026-03-25 20:44:07 [INFO]: ⚠ Clearing old Units... 
2026-03-25 20:44:07 [INFO]: GET / ::1 
2026-03-25 20:44:07 [INFO]: GET /css/desktopStyle.css ::1 
2026-03-25 20:44:07 [INFO]: GET /images/biobrain-logo.png ::1 
2026-03-25 20:44:07 [INFO]: GET /js/navibar.js ::1 
2026-03-25 20:44:07 [INFO]: GET /images/dna-pattern.png ::1 
2026-03-25 20:44:07 [INFO]: GET /images/molucule-structure.png ::1 
2026-03-25 20:44:07 [INFO]: GET /favicon.ico ::1 
2026-03-25 20:44:08 [INFO]: ⚠ Clearing old Subjects... 
2026-03-25 20:44:08 [INFO]: ⚠ Clearing old Exams... 
2026-03-25 20:44:08 [INFO]: ⚠ Clearing old Payments... 
2026-03-25 20:44:08 [INFO]: ⚡ Seeding Exam database... 
2026-03-25 20:44:08 [INFO]: 🔥 Exam seeded: 4 successfully! 
2026-03-25 20:44:08 [INFO]: 🔥 Subject seeded: 4 successfully! 
2026-03-25 20:44:08 [INFO]: 🔥 Unit seeded: 11 successfully! 
2026-03-25 20:44:08 [INFO]: 🔥 Topics seeded: 49 successfully! 
2026-03-25 20:44:08 [INFO]: 📂 Seeding Questions From questiontable_E1_S1_U1.json... 
2026-03-25 20:44:09 [INFO]: ✅ Inserted 460 from questiontable_E1_S1_U1.json 
2026-03-25 20:44:09 [INFO]: 📂 Seeding Questions From questiontable_E1_S1_U2.json... 
2026-03-25 20:44:09 [INFO]: ✅ Inserted 40 from questiontable_E1_S1_U2.json 
2026-03-25 20:44:09 [INFO]: 🔥 Total Questions seeded: 500 
2026-03-25 20:44:09 [INFO]: ✅ All Exam database seeded successfully! 
2026-03-25 20:44:09 [INFO]: 🔥  Forced seeding of UserRoles Database enabled. 
2026-03-25 20:44:09 [INFO]: ⚠ Clearing old Users... 
2026-03-25 20:44:09 [INFO]: ⚠ Clearing old Roles... 
2026-03-25 20:44:09 [INFO]: ⚡ Seeding UserRoles Database ... 
2026-03-25 20:44:09 [INFO]: 🔥 Roles seeded: 5 successfully! 
2026-03-25 20:44:09 [INFO]: 🔥 Users seeded: 2 successfully! 
2026-03-25 20:44:09 [INFO]: ✅ All UserRole Database seeded successfully! 
2026-03-25 20:44:14 [INFO]: GET /admin ::1 
2026-03-25 20:44:14 [INFO]: GET /login ::1 
2026-03-25 20:44:14 [INFO]: GET /css/desktopStyle.css ::1 
2026-03-25 20:44:14 [INFO]: GET /images/biobrain-logo.png ::1 
2026-03-25 20:44:14 [INFO]: GET /js/navibar.js ::1 
2026-03-25 20:44:30 [INFO]: POST /login ::1 
2026-03-25 20:44:30 [INFO]: GET /admin ::1 
2026-03-25 20:44:32 [INFO]: GET /login ::1 
2026-03-25 20:44:37 [INFO]: GET / ::1 
2026-03-25 20:44:37 [INFO]: GET /css/desktopStyle.css ::1 
2026-03-25 20:44:37 [INFO]: GET /images/biobrain-logo.png ::1 
2026-03-25 20:44:37 [INFO]: GET /js/navibar.js ::1 
2026-03-25 20:44:39 [INFO]: GET /mocktest/init/E4/S1 ::1 
2026-03-25 20:44:39 [INFO]: GET /css/desktopStyle.css ::1 
2026-03-25 20:44:39 [INFO]: GET /images/biobrain-logo.png ::1 
2026-03-25 20:44:39 [INFO]: GET /js/navibar.js ::1 
2026-03-25 20:44:39 [INFO]: GET /units/E4/S1 ::1 
2026-03-25 20:46:32 [INFO]: GET /topics/E4/S1/U1 ::1 
2026-03-25 20:46:34 [INFO]: POST /mocktest/createorder ::1 
2026-03-25 20:46:35 [INFO]: GET /css/desktopStyle.css ::1 
2026-03-25 20:46:40 [INFO]: POST /mocktest/submit ::1 
2026-03-25 20:46:42 [INFO]: POST /aiassistant/explainanswer ::1 
2026-03-25 20:50:20 [INFO]: GET / ::1 
2026-03-25 20:50:20 [INFO]: GET /css/desktopStyle.css ::1 
2026-03-25 20:50:20 [INFO]: GET /images/biobrain-logo.png ::1 
2026-03-25 20:50:20 [INFO]: GET /js/navibar.js ::1 
2026-03-25 20:50:20 [INFO]: GET /images/dna-pattern.png ::1 
2026-03-25 20:50:20 [INFO]: GET /images/molucule-structure.png ::1 
2026-03-25 20:50:23 [INFO]: GET /mocktest/init/E4/S1 ::1 
2026-03-25 20:50:23 [INFO]: GET /css/desktopStyle.css ::1 
2026-03-25 20:50:23 [INFO]: GET /images/biobrain-logo.png ::1 
2026-03-25 20:50:23 [INFO]: GET /js/navibar.js ::1 
2026-03-25 20:50:23 [INFO]: GET /images/molucule-structure.png ::1 
2026-03-25 20:50:23 [INFO]: GET /units/E4/S1 ::1 
2026-03-25 20:50:25 [INFO]: GET /topics/E4/S1/U1 ::1 
2026-03-25 20:50:27 [INFO]: POST /mocktest/createorder ::1 
2026-03-25 20:50:27 [INFO]: GET /css/desktopStyle.css ::1 
2026-03-25 20:50:34 [INFO]: POST /mocktest/submit ::1 
2026-03-25 20:51:10 [INFO]: GET / ::1 
2026-03-25 20:51:10 [INFO]: GET /css/desktopStyle.css ::1 
2026-03-25 20:51:10 [INFO]: GET /images/biobrain-logo.png ::1 
2026-03-25 20:51:10 [INFO]: GET /js/navibar.js ::1 
2026-03-25 20:51:10 [INFO]: GET /images/dna-pattern.png ::1 
2026-03-25 20:51:11 [INFO]: GET /mocktest/init/E4/S1 ::1 
2026-03-25 20:51:12 [INFO]: GET /css/desktopStyle.css ::1 
2026-03-25 20:51:12 [INFO]: GET /images/biobrain-logo.png ::1 
2026-03-25 20:51:12 [INFO]: GET /js/navibar.js ::1 
2026-03-25 20:51:12 [INFO]: GET /units/E4/S1 ::1 
2026-03-25 20:51:19 [INFO]: GET /topics/E4/S1/U1 ::1 
2026-03-25 20:51:22 [INFO]: POST /mocktest/createorder ::1 
2026-03-25 20:51:22 [INFO]: GET /css/desktopStyle.css ::1 
2026-03-25 20:56:15 [INFO]: GET /disclaimer ::1 
2026-03-25 20:56:16 [INFO]: GET /css/desktopStyle.css ::1 
2026-03-25 20:56:16 [INFO]: GET /images/biobrain-logo.png ::1 
2026-03-25 20:56:16 [INFO]: GET /js/navibar.js ::1 
2026-03-25 20:56:18 [INFO]: GET / ::1 
2026-03-25 20:56:18 [INFO]: GET /css/desktopStyle.css ::1 
2026-03-25 20:56:18 [INFO]: GET /images/biobrain-logo.png ::1 
2026-03-25 20:56:18 [INFO]: GET /js/navibar.js ::1 
2026-03-25 20:56:18 [INFO]: GET /images/dna-pattern.png ::1 
2026-03-25 20:56:18 [INFO]: GET /images/molucule-structure.png ::1 
