2026-03-29 00:46:10 [ERROR]: Error: Resend Error: {"statusCode":401,"name":"validation_error","message":"API key is invalid"}
    at Mailer.send (D:\Projects\BioBrain\services\Mailer.js:28:29)
    at process.processTicksAndRejections (node:internal/process/task_queues:103:5)
    at async exports.emailResultPdf (D:\Projects\BioBrain\services\pdfResultService.js:454:26)
    at async exports.emailResultPdf (D:\Projects\BioBrain\controllers\pdfResultController.js:12:4) 
2026-03-29 00:46:10 [ERROR]: ReferenceError: error is not defined
    at Mailer.send (D:\Projects\BioBrain\services\Mailer.js:30:17)
    at process.processTicksAndRejections (node:internal/process/task_queues:103:5)
    at async exports.emailResultPdf (D:\Projects\BioBrain\services\pdfResultService.js:454:26)
    at async exports.emailResultPdf (D:\Projects\BioBrain\controllers\pdfResultController.js:12:4) 
2026-03-29 00:46:10 [ERROR]: ReferenceError: error is not defined
    at Mailer.send (D:\Projects\BioBrain\services\Mailer.js:30:17)
    at process.processTicksAndRejections (node:internal/process/task_queues:103:5)
    at async exports.emailResultPdf (D:\Projects\BioBrain\services\pdfResultService.js:454:26)
    at async exports.emailResultPdf (D:\Projects\BioBrain\controllers\pdfResultController.js:12:4) 
2026-03-29 00:46:25 [ERROR]: Error: Resend Error: {"statusCode":401,"name":"validation_error","message":"API key is invalid"}
    at Mailer.send (D:\Projects\BioBrain\services\Mailer.js:28:29)
    at process.processTicksAndRejections (node:internal/process/task_queues:103:5)
    at async exports.emailResultPdf (D:\Projects\BioBrain\services\pdfResultService.js:454:26)
    at async exports.emailResultPdf (D:\Projects\BioBrain\controllers\pdfResultController.js:12:4) 
2026-03-29 00:46:25 [ERROR]: ReferenceError: error is not defined
    at Mailer.send (D:\Projects\BioBrain\services\Mailer.js:30:17)
    at process.processTicksAndRejections (node:internal/process/task_queues:103:5)
    at async exports.emailResultPdf (D:\Projects\BioBrain\services\pdfResultService.js:454:26)
    at async exports.emailResultPdf (D:\Projects\BioBrain\controllers\pdfResultController.js:12:4) 
2026-03-29 00:46:25 [ERROR]: ReferenceError: error is not defined
    at Mailer.send (D:\Projects\BioBrain\services\Mailer.js:30:17)
    at process.processTicksAndRejections (node:internal/process/task_queues:103:5)
    at async exports.emailResultPdf (D:\Projects\BioBrain\services\pdfResultService.js:454:26)
    at async exports.emailResultPdf (D:\Projects\BioBrain\controllers\pdfResultController.js:12:4) 
2026-03-29 09:44:21 [ERROR]: ReferenceError: D:\Projects\BioBrain\views\pages\desktop\quizresults.ejs:257
    255|       </a>-->
    256| 
 >> 257|        <a href="javascript:void(0)"  onclick="downloadPdfReport('<%= r._id %>')" title="Download PDF">    
    258|                                                 <i class="fa-solid fa-file-pdf"></i>
    259|                                             </a>
    260| 

r is not defined
    at eval ("D:\\Projects\\BioBrain\\views\\pages\\desktop\\quizresults.ejs":18:26)
    at quizresults (D:\Projects\BioBrain\node_modules\ejs\lib\ejs.js:703:17)
    at tryHandleCache (D:\Projects\BioBrain\node_modules\ejs\lib\ejs.js:274:36)
    at exports.renderFile [as engine] (D:\Projects\BioBrain\node_modules\ejs\lib\ejs.js:491:10)
    at View.render (D:\Projects\BioBrain\node_modules\express\lib\view.js:139:8)
    at tryRender (D:\Projects\BioBrain\node_modules\express\lib\application.js:627:10)
    at app.render (D:\Projects\BioBrain\node_modules\express\lib\application.js:574:3)
    at ServerResponse.render (D:\Projects\BioBrain\node_modules\express\lib\response.js:923:7)
    at exports.submit (D:\Projects\BioBrain\controllers\mocktestController.js:29:16)
    at process.processTicksAndRejections (node:internal/process/task_queues:103:5) {"user":"Guest","ip":"127.0.0.1","body":{"examSession":{"examcode":"E4","subjectcode":"S1","unitcode":"U1","topiccode":"T1","difficulty":"easy","userid":"69c8a6e5380c3c53075c90b5","username":"vamsi","useremail":null,"isuserpremium":false,"userroles":[],"exampapercode":"E4_S1_U1_T1","examname":"GATE","subjectname":"Zoology","unitname":"Animal Diversity","topicname":"Distribution,Systematics And Classification Of Animals","examstartedat":"2026-03-29T04:14:14.852Z","examendedat":null,"duration":0,"attempted":0,"right":0,"wrong":0,"skipped":0,"positivemarks":0,"negativemarks":0,"finalscore":0,"percentage":0,"accuracy":0,"tabswitchcount":0,"device":"Windows 10 / Chrome 146.0.0.0","ipaddress":"127.0.0.1","topicstats":[],"unitstats":[],"questions":[{"_id":"69c8a6e4380c3c53075c8f5f","qno":170,"examcode":"E4","subjectcode":"S1","unitcode":"U1","topiccode":"T1","question":"Which type of classification uses evolutionary relationships only","opt1":"Artificial classification","opt2":"Phylogenetic classification","opt3":"Morphological classification","opt4":"Ecological classification","answer":2,"difficulty_level":"easy","marks":1,"exam":"69c8a6e4380c3c53075c8e71","subject":"69c8a6e4380c3c53075c8e76","unit":"69c8a6e4380c3c53075c8e78","topic":"69c8a6e4380c3c53075c8e84","__v":0,"createdAt":"2026-03-29T04:13:25.076Z","updatedAt":"2026-03-29T04:13:25.076Z"},{"_id":"69c8a6e4380c3c53075c8ebd","qno":8,"examcode":"E4","subjectcode":"S1","unitcode":"U1","topiccode":"T1","question":"Homologous structures indicate","opt1":"Same function only","opt2":"Common ancestry","opt3":"Different ancestry","opt4":"Same habitat","answer":2,"difficulty_level":"easy","marks":1,"exam":"69c8a6e4380c3c53075c8e71","subject":"69c8a6e4380c3c53075c8e76","unit":"69c8a6e4380c3c53075c8e78","topic":"69c8a6e4380c3c53075c8e84","__v":0,"createdAt":"2026-03-29T04:13:25.063Z","updatedAt":"2026-03-29T04:13:25.063Z"},{"_id":"69c8a6e4380c3c53075c8f03","qno":78,"examcode":"E4","subjectcode":"S1","unitcode":"U1","topiccode":"T1","question":"Which zoogeographical region includes India","opt1":"Ethiopian","opt2":"Oriental","opt3":"Nearctic","opt4":"Neotropical","answer":2,"difficulty_level":"easy","marks":1,"exam":"69c8a6e4380c3c53075c8e71","subject":"69c8a6e4380c3c53075c8e76","unit":"69c8a6e4380c3c53075c8e78","topic":"69c8a6e4380c3c53075c8e84","__v":0,"createdAt":"2026-03-29T04:13:25.070Z","updatedAt":"2026-03-29T04:13:25.070Z"},{"_id":"69c8a6e4380c3c53075c8f11","qno":92,"examcode":"E4","subjectcode":"S1","unitcode":"U1","topiccode":"T1","question":"Which branch deals with evolutionary relationships and variation","opt1":"Alpha taxonomy","opt2":"Beta taxonomy","opt3":"Gamma taxonomy","opt4":"Classical taxonomy","answer":3,"difficulty_level":"easy","marks":1,"exam":"69c8a6e4380c3c53075c8e71","subject":"69c8a6e4380c3c53075c8e76","unit":"69c8a6e4380c3c53075c8e78","topic":"69c8a6e4380c3c53075c8e84","__v":0,"createdAt":"2026-03-29T04:13:25.071Z","updatedAt":"2026-03-29T04:13:25.071Z"},{"_id":"69c8a6e4380c3c53075c8f65","qno":176,"examcode":"E4","subjectcode":"S1","unitcode":"U1","topiccode":"T1","question":"Endemic species are best defined as species that","opt1":"Occur in all continents","opt2":"Are restricted to a particular geographic area","opt3":"Migrate seasonally","opt4":"Have high genetic variation","answer":2,"difficulty_level":"easy","marks":1,"exam":"69c8a6e4380c3c53075c8e71","subject":"69c8a6e4380c3c53075c8e76","unit":"69c8a6e4380c3c53075c8e78","topic":"69c8a6e4380c3c53075c8e84","__v":0,"createdAt":"2026-03-29T04:13:25.076Z","updatedAt":"2026-03-29T04:13:25.076Z"},{"_id":"69c8a6e4380c3c53075c8f68","qno":179,"examcode":"E4","subjectcode":"S1","unitcode":"U1","topiccode":"T1","question":"Island biogeography theory was proposed by","opt1":"Darwin and Wallace","opt2":"MacArthur and Wilson","opt3":"Linnaeus and Lamarck","opt4":"Simpson and Mayr","answer":2,"difficulty_level":"easy","marks":1,"exam":"69c8a6e4380c3c53075c8e71","subject":"69c8a6e4380c3c53075c8e76","unit":"69c8a6e4380c3c53075c8e78","topic":"69c8a6e4380c3c53075c8e84","__v":0,"createdAt":"2026-03-29T04:13:25.077Z","updatedAt":"2026-03-29T04:13:25.077Z"},{"_id":"69c8a6e4380c3c53075c8f54","qno":159,"examcode":"E4","subjectcode":"S1","unitcode":"U1","topiccode":"T1","question":"Which rank contains most diversity","opt1":"Species","opt2":"Genus","opt3":"Family","opt4":"Kingdom","answer":4,"difficulty_level":"easy","marks":1,"exam":"69c8a6e4380c3c53075c8e71","subject":"69c8a6e4380c3c53075c8e76","unit":"69c8a6e4380c3c53075c8e78","topic":"69c8a6e4380c3c53075c8e84","__v":0,"createdAt":"2026-03-29T04:13:25.075Z","updatedAt":"2026-03-29T04:13:25.075Z"},{"_id":"69c8a6e4380c3c53075c8ebb","qno":6,"examcode":"E4","subjectcode":"S1","unitcode":"U1","topiccode":"T1","question":"Cladistics classification is mainly based on","opt1":"Primitive characters","opt2":"Derived characters","opt3":"Habitat similarity","opt4":"Body symmetry","answer":2,"difficulty_level":"easy","marks":1,"exam":"69c8a6e4380c3c53075c8e71","subject":"69c8a6e4380c3c53075c8e76","unit":"69c8a6e4380c3c53075c8e78","topic":"69c8a6e4380c3c53075c8e84","__v":0,"createdAt":"2026-03-29T04:13:25.063Z","updatedAt":"2026-03-29T04:13:25.063Z"},{"_id":"69c8a6e4380c3c53075c8f1d","qno":104,"examcode":"E4","subjectcode":"S1","unitcode":"U1","topiccode":"T1","question":"Which approach is most widely used in modern systematics","opt1":"Artificial classification","opt2":"Ecological classification","opt3":"Molecular phylogenetics","opt4":"Habitat classification","answer":3,"difficulty_level":"easy","marks":1,"exam":"69c8a6e4380c3c53075c8e71","subject":"69c8a6e4380c3c53075c8e76","unit":"69c8a6e4380c3c53075c8e78","topic":"69c8a6e4380c3c53075c8e84","__v":0,"createdAt":"2026-03-29T04:13:25.072Z","updatedAt":"2026-03-29T04:13:25.072Z"},{"_id":"69c8a6e4380c3c53075c8f6e","qno":185,"examcode":"E4","subjectcode":"S1","unitcode":"U1","topiccode":"T1","question":"Molecular clock hypothesis assumes that","opt1":"All genes evolve at identical rates","opt2":"Mutations accumulate at relatively constant rates over time","opt3":"Speciation is sudden","opt4":"DNA is conserved","answer":2,"difficulty_level":"easy","marks":1,"exam":"69c8a6e4380c3c53075c8e71","subject":"69c8a6e4380c3c53075c8e76","unit":"69c8a6e4380c3c53075c8e78","topic":"69c8a6e4380c3c53075c8e84","__v":0,"createdAt":"2026-03-29T04:13:25.077Z","updatedAt":"2026-03-29T04:13:25.077Z"}],"questionscount":"10","answers":{"69c8a6e4380c3c53075c8f5f":4,"69c8a6e4380c3c53075c8ebd":4,"69c8a6e4380c3c53075c8f03":4,"69c8a6e4380c3c53075c8f11":4,"69c8a6e4380c3c53075c8f65":4,"69c8a6e4380c3c53075c8f68":4},"attemptnumber":1,"resultid":null,"startedat":"2026-03-29T04:14:15.074Z"},"answers":{"69c8a6e4380c3c53075c8f5f":4,"69c8a6e4380c3c53075c8ebd":4,"69c8a6e4380c3c53075c8f03":4,"69c8a6e4380c3c53075c8f11":4,"69c8a6e4380c3c53075c8f65":4,"69c8a6e4380c3c53075c8f68":4},"questions":[{"_id":"69c8a6e4380c3c53075c8f5f","qno":170,"examcode":"E4","subjectcode":"S1","unitcode":"U1","topiccode":"T1","question":"Which type of classification uses evolutionary relationships only","opt1":"Artificial classification","opt2":"Phylogenetic classification","opt3":"Morphological classification","opt4":"Ecological classification","answer":2,"difficulty_level":"easy","marks":1,"exam":"69c8a6e4380c3c53075c8e71","subject":"69c8a6e4380c3c53075c8e76","unit":"69c8a6e4380c3c53075c8e78","topic":"69c8a6e4380c3c53075c8e84","__v":0,"createdAt":"2026-03-29T04:13:25.076Z","updatedAt":"2026-03-29T04:13:25.076Z"},{"_id":"69c8a6e4380c3c53075c8ebd","qno":8,"examcode":"E4","subjectcode":"S1","unitcode":"U1","topiccode":"T1","question":"Homologous structures indicate","opt1":"Same function only","opt2":"Common ancestry","opt3":"Different ancestry","opt4":"Same habitat","answer":2,"difficulty_level":"easy","marks":1,"exam":"69c8a6e4380c3c53075c8e71","subject":"69c8a6e4380c3c53075c8e76","unit":"69c8a6e4380c3c53075c8e78","topic":"69c8a6e4380c3c53075c8e84","__v":0,"createdAt":"2026-03-29T04:13:25.063Z","updatedAt":"2026-03-29T04:13:25.063Z"},{"_id":"69c8a6e4380c3c53075c8f03","qno":78,"examcode":"E4","subjectcode":"S1","unitcode":"U1","topiccode":"T1","question":"Which zoogeographical region includes India","opt1":"Ethiopian","opt2":"Oriental","opt3":"Nearctic","opt4":"Neotropical","answer":2,"difficulty_level":"easy","marks":1,"exam":"69c8a6e4380c3c53075c8e71","subject":"69c8a6e4380c3c53075c8e76","unit":"69c8a6e4380c3c53075c8e78","topic":"69c8a6e4380c3c53075c8e84","__v":0,"createdAt":"2026-03-29T04:13:25.070Z","updatedAt":"2026-03-29T04:13:25.070Z"},{"_id":"69c8a6e4380c3c53075c8f11","qno":92,"examcode":"E4","subjectcode":"S1","unitcode":"U1","topiccode":"T1","question":"Which branch deals with evolutionary relationships and variation","opt1":"Alpha taxonomy","opt2":"Beta taxonomy","opt3":"Gamma taxonomy","opt4":"Classical taxonomy","answer":3,"difficulty_level":"easy","marks":1,"exam":"69c8a6e4380c3c53075c8e71","subject":"69c8a6e4380c3c53075c8e76","unit":"69c8a6e4380c3c53075c8e78","topic":"69c8a6e4380c3c53075c8e84","__v":0,"createdAt":"2026-03-29T04:13:25.071Z","updatedAt":"2026-03-29T04:13:25.071Z"},{"_id":"69c8a6e4380c3c53075c8f65","qno":176,"examcode":"E4","subjectcode":"S1","unitcode":"U1","topiccode":"T1","question":"Endemic species are best defined as species that","opt1":"Occur in all continents","opt2":"Are restricted to a particular geographic area","opt3":"Migrate seasonally","opt4":"Have high genetic variation","answer":2,"difficulty_level":"easy","marks":1,"exam":"69c8a6e4380c3c53075c8e71","subject":"69c8a6e4380c3c53075c8e76","unit":"69c8a6e4380c3c53075c8e78","topic":"69c8a6e4380c3c53075c8e84","__v":0,"createdAt":"2026-03-29T04:13:25.076Z","updatedAt":"2026-03-29T04:13:25.076Z"},{"_id":"69c8a6e4380c3c53075c8f68","qno":179,"examcode":"E4","subjectcode":"S1","unitcode":"U1","topiccode":"T1","question":"Island biogeography theory was proposed by","opt1":"Darwin and Wallace","opt2":"MacArthur and Wilson","opt3":"Linnaeus and Lamarck","opt4":"Simpson and Mayr","answer":2,"difficulty_level":"easy","marks":1,"exam":"69c8a6e4380c3c53075c8e71","subject":"69c8a6e4380c3c53075c8e76","unit":"69c8a6e4380c3c53075c8e78","topic":"69c8a6e4380c3c53075c8e84","__v":0,"createdAt":"2026-03-29T04:13:25.077Z","updatedAt":"2026-03-29T04:13:25.077Z"},{"_id":"69c8a6e4380c3c53075c8f54","qno":159,"examcode":"E4","subjectcode":"S1","unitcode":"U1","topiccode":"T1","question":"Which rank contains most diversity","opt1":"Species","opt2":"Genus","opt3":"Family","opt4":"Kingdom","answer":4,"difficulty_level":"easy","marks":1,"exam":"69c8a6e4380c3c53075c8e71","subject":"69c8a6e4380c3c53075c8e76","unit":"69c8a6e4380c3c53075c8e78","topic":"69c8a6e4380c3c53075c8e84","__v":0,"createdAt":"2026-03-29T04:13:25.075Z","updatedAt":"2026-03-29T04:13:25.075Z"},{"_id":"69c8a6e4380c3c53075c8ebb","qno":6,"examcode":"E4","subjectcode":"S1","unitcode":"U1","topiccode":"T1","question":"Cladistics classification is mainly based on","opt1":"Primitive characters","opt2":"Derived characters","opt3":"Habitat similarity","opt4":"Body symmetry","answer":2,"difficulty_level":"easy","marks":1,"exam":"69c8a6e4380c3c53075c8e71","subject":"69c8a6e4380c3c53075c8e76","unit":"69c8a6e4380c3c53075c8e78","topic":"69c8a6e4380c3c53075c8e84","__v":0,"createdAt":"2026-03-29T04:13:25.063Z","updatedAt":"2026-03-29T04:13:25.063Z"},{"_id":"69c8a6e4380c3c53075c8f1d","qno":104,"examcode":"E4","subjectcode":"S1","unitcode":"U1","topiccode":"T1","question":"Which approach is most widely used in modern systematics","opt1":"Artificial classification","opt2":"Ecological classification","opt3":"Molecular phylogenetics","opt4":"Habitat classification","answer":3,"difficulty_level":"easy","marks":1,"exam":"69c8a6e4380c3c53075c8e71","subject":"69c8a6e4380c3c53075c8e76","unit":"69c8a6e4380c3c53075c8e78","topic":"69c8a6e4380c3c53075c8e84","__v":0,"createdAt":"2026-03-29T04:13:25.072Z","updatedAt":"2026-03-29T04:13:25.072Z"},{"_id":"69c8a6e4380c3c53075c8f6e","qno":185,"examcode":"E4","subjectcode":"S1","unitcode":"U1","topiccode":"T1","question":"Molecular clock hypothesis assumes that","opt1":"All genes evolve at identical rates","opt2":"Mutations accumulate at relatively constant rates over time","opt3":"Speciation is sudden","opt4":"DNA is conserved","answer":2,"difficulty_level":"easy","marks":1,"exam":"69c8a6e4380c3c53075c8e71","subject":"69c8a6e4380c3c53075c8e76","unit":"69c8a6e4380c3c53075c8e78","topic":"69c8a6e4380c3c53075c8e84","__v":0,"createdAt":"2026-03-29T04:13:25.077Z","updatedAt":"2026-03-29T04:13:25.077Z"}],"examcode":"E4","subjectcode":"S1","unitcode":"U1","topiccode":"T1","difficulty":"easy"}}
2026-03-29 13:13:00 [ERROR]: TypeError: next is not a function
    at model.<anonymous> (D:\Projects\BioBrain\models\User.js:44:3)
    at async Kareem.execPre (D:\Projects\BioBrain\node_modules\kareem\index.js:70:24)
    at async model.$__save (D:\Projects\BioBrain\node_modules\mongoose\lib\model.js:394:5)
    at async model.save (D:\Projects\BioBrain\node_modules\mongoose\lib\model.js:664:5)
    at async exports.register (D:\Projects\BioBrain\controllers\authenticationController.js:314:9) {"error":"next is not a function"}
2026-03-29 13:14:12 [ERROR]: Verification Email Send Failure {"error":"authenticationEmailService.sendVerificationEmail is not a function","userId":"69c8d84c2f8a791fa9324445"}
2026-03-29 13:49:08 [ERROR]: Error: Resend Error: {"statusCode":422,"name":"validation_error","message":"Invalid `from` field. The email address needs to follow the `email@example.com` or `Name <email@example.com>` format."}
    at Mailer.send (D:\Projects\BioBrain\services\Mailer.js:32:31)
    at process.processTicksAndRejections (node:internal/process/task_queues:103:5)
    at async exports.sendVerificationEmail (D:\Projects\BioBrain\services\authenticationEmailService.js:148:16)
    at async exports.register (D:\Projects\BioBrain\controllers\authenticationController.js:321:17) 
2026-03-29 13:49:08 [ERROR]: Error: Resend Error: {"statusCode":422,"name":"validation_error","message":"Invalid `from` field. The email address needs to follow the `email@example.com` or `Name <email@example.com>` format."}
    at Mailer.send (D:\Projects\BioBrain\services\Mailer.js:32:31)
    at process.processTicksAndRejections (node:internal/process/task_queues:103:5)
    at async exports.sendVerificationEmail (D:\Projects\BioBrain\services\authenticationEmailService.js:148:16)
    at async exports.register (D:\Projects\BioBrain\controllers\authenticationController.js:321:17) 
2026-03-29 13:49:08 [ERROR]: Error: Resend Error: {"statusCode":422,"name":"validation_error","message":"Invalid `from` field. The email address needs to follow the `email@example.com` or `Name <email@example.com>` format."}
    at Mailer.send (D:\Projects\BioBrain\services\Mailer.js:32:31)
    at process.processTicksAndRejections (node:internal/process/task_queues:103:5)
    at async exports.sendVerificationEmail (D:\Projects\BioBrain\services\authenticationEmailService.js:148:16)
    at async exports.register (D:\Projects\BioBrain\controllers\authenticationController.js:321:17) 
2026-03-29 13:49:08 [ERROR]: Verification Email Send Failure {"error":"Resend Error: {\"statusCode\":422,\"name\":\"validation_error\",\"message\":\"Invalid `from` field. The email address needs to follow the `email@example.com` or `Name <email@example.com>` format.\"}","userId":"69c8e07a9e47f70f16916352"}
2026-03-29 13:53:16 [ERROR]: TypeError: next is not a function
    at model.<anonymous> (D:\Projects\BioBrain\models\User.js:40:44)
    at Kareem.execPre (D:\Projects\BioBrain\node_modules\kareem\index.js:68:39)
    at process.processTicksAndRejections (node:internal/process/task_queues:103:5) {"error":"next is not a function"}
2026-03-29 14:30:19 [ERROR]: Error: Failed to lookup view "pages/desktop/error" in views directory "D:\Projects\BioBrain\views"
    at app.render (D:\Projects\BioBrain\node_modules\express\lib\application.js:562:17)
    at ServerResponse.render (D:\Projects\BioBrain\node_modules\express\lib\response.js:923:7)
    at exports.verifyEmail (D:\Projects\BioBrain\controllers\authenticationController.js:253:36)
    at process.processTicksAndRejections (node:internal/process/task_queues:103:5) {"user":"Guest","ip":"127.0.0.1"}
2026-03-29 14:30:35 [ERROR]: Error: Failed to lookup view "pages/desktop/error" in views directory "D:\Projects\BioBrain\views"
    at app.render (D:\Projects\BioBrain\node_modules\express\lib\application.js:562:17)
    at ServerResponse.render (D:\Projects\BioBrain\node_modules\express\lib\response.js:923:7)
    at exports.verifyEmail (D:\Projects\BioBrain\controllers\authenticationController.js:253:36)
    at process.processTicksAndRejections (node:internal/process/task_queues:103:5) {"user":"Guest","ip":"127.0.0.1"}
2026-03-29 14:36:59 [ERROR]: Error: Failed to lookup view "pages/desktop/error" in views directory "D:\Projects\BioBrain\views"
    at app.render (D:\Projects\BioBrain\node_modules\express\lib\application.js:562:17)
    at ServerResponse.render (D:\Projects\BioBrain\node_modules\express\lib\response.js:923:7)
    at exports.verifyEmail (D:\Projects\BioBrain\controllers\authenticationController.js:253:36)
    at process.processTicksAndRejections (node:internal/process/task_queues:103:5) {"user":"Guest","ip":"127.0.0.1"}
