2026-03-25 15:27:39 [ERROR]: TypeError: Cannot read properties of undefined (reading '_id')
    at D:\Projects\BioBrainMdb\utils\autoSeeder.js:169:92
    at Array.find (<anonymous>)
    at D:\Projects\BioBrainMdb\utils\autoSeeder.js:169:32
    at Array.map (<anonymous>)
    at autoSeedExamDb (D:\Projects\BioBrainMdb\utils\autoSeeder.js:164:47)
    at process.processTicksAndRejections (node:internal/process/task_queues:103:5)
    at async autoSeed (D:\Projects\BioBrainMdb\utils\autoSeeder.js:34:7)
    at async D:\Projects\BioBrainMdb\server.js:74:5 
2026-03-25 15:28:50 [ERROR]: TypeError: Cannot read properties of undefined (reading '_id')
    at D:\Projects\BioBrainMdb\utils\autoSeeder.js:169:92
    at Array.find (<anonymous>)
    at D:\Projects\BioBrainMdb\utils\autoSeeder.js:169:32
    at Array.map (<anonymous>)
    at autoSeedExamDb (D:\Projects\BioBrainMdb\utils\autoSeeder.js:164:47)
    at process.processTicksAndRejections (node:internal/process/task_queues:103:5)
    at async autoSeed (D:\Projects\BioBrainMdb\utils\autoSeeder.js:34:7)
    at async D:\Projects\BioBrainMdb\server.js:74:5 
2026-03-25 17:52:32 [ERROR]: ValidationError: Result validation failed: user: Path `user` is required.
    at model.validate (D:\Projects\BioBrainMdb\node_modules\mongoose\lib\document.js:2864:36)
    at process.processTicksAndRejections (node:internal/process/task_queues:103:5)
    at async model.$__save (D:\Projects\BioBrainMdb\node_modules\mongoose\lib\model.js:390:7)
    at async model.save (D:\Projects\BioBrainMdb\node_modules\mongoose\lib\model.js:664:5)
    at async SaveResult (D:\Projects\BioBrainMdb\services\mocktestService.js:326:23)
    at async exports.submit (D:\Projects\BioBrainMdb\services\mocktestService.js:230:31)
    at async exports.submit (D:\Projects\BioBrainMdb\controllers\mocktestController.js:25:25) {"errors":{"user":{"name":"ValidatorError","message":"Path `user` is required.","properties":{"message":"Path `user` is required.","type":"required","path":"user"},"kind":"required","path":"user"}},"_message":"Result validation failed"}
2026-03-25 18:15:38 [ERROR]: StrictPopulateError: Cannot populate path `user` because it is not in your schema. Set the `strictPopulate` option to false to override.
    at getModelsMapForPopulate (D:\Projects\BioBrainMdb\node_modules\mongoose\lib\helpers\populate\getModelsMapForPopulate.js:55:12)
    at _populatePath (D:\Projects\BioBrainMdb\node_modules\mongoose\lib\model.js:4417:21)
    at model.populate (D:\Projects\BioBrainMdb\node_modules\mongoose\lib\model.js:4384:21)
    at model.Query._find (D:\Projects\BioBrainMdb\node_modules\mongoose\lib\query.js:2470:20)
    at process.processTicksAndRejections (node:internal/process/task_queues:103:5)
    at async model.Query.exec (D:\Projects\BioBrainMdb\node_modules\mongoose\lib\query.js:4726:63)
    at async exports.aiSingleQuizSummary (D:\Projects\BioBrainMdb\controllers\aiAssistanceController.js:40:18) {"path":"user"}
2026-03-25 18:17:49 [ERROR]: TypeError: Cannot read properties of undefined (reading 'map')
    at exports.generateSingleQuizSummary (D:\Projects\BioBrainMdb\services\ai\aiSingleQuizSummaryService.js:6:44)
    at exports.aiSingleQuizSummary (D:\Projects\BioBrainMdb\controllers\aiAssistanceController.js:45:62)
    at process.processTicksAndRejections (node:internal/process/task_queues:103:5) 
