2026-03-28 13:36:17 [ERROR]: Email sending failed: {"0":"P","1":"R","2":"O","3":"C","4":"E","5":"S","6":"S","7":" ","8":"i","9":"s","10":" ","11":"n","12":"o","13":"t","14":" ","15":"d","16":"e","17":"f","18":"i","19":"n","20":"e","21":"d"}
2026-03-28 13:36:17 [ERROR]: Email failed: {"0":"P","1":"R","2":"O","3":"C","4":"E","5":"S","6":"S","7":" ","8":"i","9":"s","10":" ","11":"n","12":"o","13":"t","14":" ","15":"d","16":"e","17":"f","18":"i","19":"n","20":"e","21":"d"}
2026-03-28 13:38:31 [ERROR]: Email sending failed: {"0":"P","1":"R","2":"O","3":"C","4":"E","5":"S","6":"S","7":" ","8":"i","9":"s","10":" ","11":"n","12":"o","13":"t","14":" ","15":"d","16":"e","17":"f","18":"i","19":"n","20":"e","21":"d"}
2026-03-28 13:38:31 [ERROR]: Email failed: {"0":"P","1":"R","2":"O","3":"C","4":"E","5":"S","6":"S","7":" ","8":"i","9":"s","10":" ","11":"n","12":"o","13":"t","14":" ","15":"d","16":"e","17":"f","18":"i","19":"n","20":"e","21":"d"}
2026-03-28 13:39:21 [ERROR]: Email sending failed: {"0":"P","1":"R","2":"O","3":"C","4":"E","5":"S","6":"S","7":" ","8":"i","9":"s","10":" ","11":"n","12":"o","13":"t","14":" ","15":"d","16":"e","17":"f","18":"i","19":"n","20":"e","21":"d"}
2026-03-28 13:39:21 [ERROR]: Email failed: {"0":"P","1":"R","2":"O","3":"C","4":"E","5":"S","6":"S","7":" ","8":"i","9":"s","10":" ","11":"n","12":"o","13":"t","14":" ","15":"d","16":"e","17":"f","18":"i","19":"n","20":"e","21":"d"}
2026-03-28 13:43:37 [ERROR]: Email sending failed: {"0":"P","1":"R","2":"O","3":"C","4":"E","5":"S","6":"S","7":" ","8":"i","9":"s","10":" ","11":"n","12":"o","13":"t","14":" ","15":"d","16":"e","17":"f","18":"i","19":"n","20":"e","21":"d"}
2026-03-28 13:43:37 [ERROR]: Email failed: {"0":"P","1":"R","2":"O","3":"C","4":"E","5":"S","6":"S","7":" ","8":"i","9":"s","10":" ","11":"n","12":"o","13":"t","14":" ","15":"d","16":"e","17":"f","18":"i","19":"n","20":"e","21":"d"}
2026-03-28 14:19:25 [ERROR]: Email failed: {"0":"r","1":"e","2":"s","3":"e","4":"n","5":"d","6":" ","7":"i","8":"s","9":" ","10":"n","11":"o","12":"t","13":" ","14":"d","15":"e","16":"f","17":"i","18":"n","19":"e","20":"d"}
2026-03-28 21:27:09 [ERROR]: Email failed: {"0":"s","1":"e","2":"n","3":"d","4":"F","5":"o","6":"r","7":"g","8":"o","9":"t","10":"P","11":"a","12":"s","13":"s","14":"w","15":"o","16":"r","17":"d","18":"E","19":"m","20":"a","21":"i","22":"l","23":" ","24":"i","25":"s","26":" ","27":"n","28":"o","29":"t","30":" ","31":"a","32":" ","33":"f","34":"u","35":"n","36":"c","37":"t","38":"i","39":"o","40":"n"}
2026-03-28 21:27:27 [ERROR]: Email failed: {"0":"s","1":"e","2":"n","3":"d","4":"F","5":"o","6":"r","7":"g","8":"o","9":"t","10":"P","11":"a","12":"s","13":"s","14":"w","15":"o","16":"r","17":"d","18":"E","19":"m","20":"a","21":"i","22":"l","23":" ","24":"i","25":"s","26":" ","27":"n","28":"o","29":"t","30":" ","31":"a","32":" ","33":"f","34":"u","35":"n","36":"c","37":"t","38":"i","39":"o","40":"n"}
2026-03-28 23:17:04 [ERROR]: MongoServerSelectionError: getaddrinfo ENOTFOUND ac-ltfhnjm-shard-00-00.nls3ybl.mongodb.net
    at Topology.selectServer (D:\Projects\BioBrain\node_modules\mongodb\lib\sdam\topology.js:347:38)
    at async tryOperation (D:\Projects\BioBrain\node_modules\mongodb\lib\operations\execute_operation.js:199:22)
    at async executeOperation (D:\Projects\BioBrain\node_modules\mongodb\lib\operations\execute_operation.js:80:16)
    at async FindCursor._initialize (D:\Projects\BioBrain\node_modules\mongodb\lib\cursor\find_cursor.js:62:26)
    at async FindCursor.cursorInit (D:\Projects\BioBrain\node_modules\mongodb\lib\cursor\abstract_cursor.js:620:27)
    at async FindCursor.fetchBatch (D:\Projects\BioBrain\node_modules\mongodb\lib\cursor\abstract_cursor.js:654:13)
    at async FindCursor.next (D:\Projects\BioBrain\node_modules\mongodb\lib\cursor\abstract_cursor.js:326:17)
    at async Collection.findOne (D:\Projects\BioBrain\node_modules\mongodb\lib\collection.js:313:24)
    at async D:\Projects\BioBrain\node_modules\connect-mongo\dist\index.cjs:306:24 {"user":"Guest","ip":"127.0.0.1"}
