2026-03-26 11:52:44 [ERROR]: ReferenceError: mongoURI is not defined
    at Object.<anonymous> (D:\Projects\BioBrainMdb\server.js:125:42)
    at Module._compile (node:internal/modules/cjs/loader:1804:14)
    at Object..js (node:internal/modules/cjs/loader:1936:10)
    at Module.load (node:internal/modules/cjs/loader:1525:32)
    at Module._load (node:internal/modules/cjs/loader:1327:12)
    at TracingChannel.traceSync (node:diagnostics_channel:328:14)
    at wrapModuleLoad (node:internal/modules/cjs/loader:245:24)
    at Module.executeUserEntryPoint [as runMain] (node:internal/modules/run_main:154:5)
    at node:internal/main/run_main_module:33:47 {"error":{},"exception":true,"date":"Thu Mar 26 2026 11:52:44 GMT+0530 (India Standard Time)","process":{"pid":13372,"uid":null,"gid":null,"cwd":"D:\\Projects\\BioBrainMdb","execPath":"C:\\Program Files\\nodejs\\node.exe","version":"v24.13.1","argv":["C:\\Program Files\\nodejs\\node.exe","D:\\Projects\\BioBrainMdb\\server.js"],"memoryUsage":{"rss":83398656,"heapTotal":56721408,"heapUsed":23100552,"external":20793840,"arrayBuffers":18265192}},"os":{"loadavg":[0,0,0],"uptime":398242.89},"trace":[{"column":42,"file":"D:\\Projects\\BioBrainMdb\\server.js","function":null,"line":125,"method":null,"native":false},{"column":14,"file":"node:internal/modules/cjs/loader","function":"Module._compile","line":1804,"method":"_compile","native":false},{"column":10,"file":"node:internal/modules/cjs/loader","function":"Object..js","line":1936,"method":".js","native":false},{"column":32,"file":"node:internal/modules/cjs/loader","function":"Module.load","line":1525,"method":"load","native":false},{"column":12,"file":"node:internal/modules/cjs/loader","function":"Module._load","line":1327,"method":"_load","native":false},{"column":14,"file":"node:diagnostics_channel","function":"TracingChannel.traceSync","line":328,"method":"traceSync","native":false},{"column":24,"file":"node:internal/modules/cjs/loader","function":"wrapModuleLoad","line":245,"method":null,"native":false},{"column":5,"file":"node:internal/modules/run_main","function":"Module.executeUserEntryPoint [as runMain]","line":154,"method":"executeUserEntryPoint [as runMain]","native":false},{"column":47,"file":"node:internal/main/run_main_module","function":null,"line":33,"method":null,"native":false}]}
2026-03-26 11:54:36 [ERROR]: ReferenceError: mongoURI is not defined
    at Object.<anonymous> (D:\Projects\BioBrainMdb\server.js:125:42)
    at Module._compile (node:internal/modules/cjs/loader:1804:14)
    at Object..js (node:internal/modules/cjs/loader:1936:10)
    at Module.load (node:internal/modules/cjs/loader:1525:32)
    at Module._load (node:internal/modules/cjs/loader:1327:12)
    at TracingChannel.traceSync (node:diagnostics_channel:328:14)
    at wrapModuleLoad (node:internal/modules/cjs/loader:245:24)
    at Module.executeUserEntryPoint [as runMain] (node:internal/modules/run_main:154:5)
    at node:internal/main/run_main_module:33:47 {"error":{},"exception":true,"date":"Thu Mar 26 2026 11:54:36 GMT+0530 (India Standard Time)","process":{"pid":8604,"uid":null,"gid":null,"cwd":"D:\\Projects\\BioBrainMdb","execPath":"C:\\Program Files\\nodejs\\node.exe","version":"v24.13.1","argv":["C:\\Program Files\\nodejs\\node.exe","D:\\Projects\\BioBrainMdb\\server.js"],"memoryUsage":{"rss":83202048,"heapTotal":38371328,"heapUsed":24822936,"external":20793840,"arrayBuffers":18265192}},"os":{"loadavg":[0,0,0],"uptime":398354.937},"trace":[{"column":42,"file":"D:\\Projects\\BioBrainMdb\\server.js","function":null,"line":125,"method":null,"native":false},{"column":14,"file":"node:internal/modules/cjs/loader","function":"Module._compile","line":1804,"method":"_compile","native":false},{"column":10,"file":"node:internal/modules/cjs/loader","function":"Object..js","line":1936,"method":".js","native":false},{"column":32,"file":"node:internal/modules/cjs/loader","function":"Module.load","line":1525,"method":"load","native":false},{"column":12,"file":"node:internal/modules/cjs/loader","function":"Module._load","line":1327,"method":"_load","native":false},{"column":14,"file":"node:diagnostics_channel","function":"TracingChannel.traceSync","line":328,"method":"traceSync","native":false},{"column":24,"file":"node:internal/modules/cjs/loader","function":"wrapModuleLoad","line":245,"method":null,"native":false},{"column":5,"file":"node:internal/modules/run_main","function":"Module.executeUserEntryPoint [as runMain]","line":154,"method":"executeUserEntryPoint [as runMain]","native":false},{"column":47,"file":"node:internal/main/run_main_module","function":null,"line":33,"method":null,"native":false}]}
2026-03-26 11:58:27 [ERROR]: ReferenceError: mongoURI is not defined
    at Object.<anonymous> (D:\Projects\BioBrainMdb\server.js:125:42)
    at Module._compile (node:internal/modules/cjs/loader:1804:14)
    at Object..js (node:internal/modules/cjs/loader:1936:10)
    at Module.load (node:internal/modules/cjs/loader:1525:32)
    at Module._load (node:internal/modules/cjs/loader:1327:12)
    at TracingChannel.traceSync (node:diagnostics_channel:328:14)
    at wrapModuleLoad (node:internal/modules/cjs/loader:245:24)
    at Module.executeUserEntryPoint [as runMain] (node:internal/modules/run_main:154:5)
    at node:internal/main/run_main_module:33:47 {"error":{},"exception":true,"date":"Thu Mar 26 2026 11:58:27 GMT+0530 (India Standard Time)","process":{"pid":6352,"uid":null,"gid":null,"cwd":"D:\\Projects\\BioBrainMdb","execPath":"C:\\Program Files\\nodejs\\node.exe","version":"v24.13.1","argv":["C:\\Program Files\\nodejs\\node.exe","D:\\Projects\\BioBrainMdb\\server.js"],"memoryUsage":{"rss":83509248,"heapTotal":54886400,"heapUsed":25289968,"external":20793840,"arrayBuffers":18265192}},"os":{"loadavg":[0,0,0],"uptime":398586.765},"trace":[{"column":42,"file":"D:\\Projects\\BioBrainMdb\\server.js","function":null,"line":125,"method":null,"native":false},{"column":14,"file":"node:internal/modules/cjs/loader","function":"Module._compile","line":1804,"method":"_compile","native":false},{"column":10,"file":"node:internal/modules/cjs/loader","function":"Object..js","line":1936,"method":".js","native":false},{"column":32,"file":"node:internal/modules/cjs/loader","function":"Module.load","line":1525,"method":"load","native":false},{"column":12,"file":"node:internal/modules/cjs/loader","function":"Module._load","line":1327,"method":"_load","native":false},{"column":14,"file":"node:diagnostics_channel","function":"TracingChannel.traceSync","line":328,"method":"traceSync","native":false},{"column":24,"file":"node:internal/modules/cjs/loader","function":"wrapModuleLoad","line":245,"method":null,"native":false},{"column":5,"file":"node:internal/modules/run_main","function":"Module.executeUserEntryPoint [as runMain]","line":154,"method":"executeUserEntryPoint [as runMain]","native":false},{"column":47,"file":"node:internal/main/run_main_module","function":null,"line":33,"method":null,"native":false}]}
2026-03-26 12:05:08 [ERROR]: ReferenceError: mongoURI is not defined
    at Object.<anonymous> (D:\Projects\BioBrainMdb\server.js:130:42)
    at Module._compile (node:internal/modules/cjs/loader:1804:14)
    at Object..js (node:internal/modules/cjs/loader:1936:10)
    at Module.load (node:internal/modules/cjs/loader:1525:32)
    at Module._load (node:internal/modules/cjs/loader:1327:12)
    at TracingChannel.traceSync (node:diagnostics_channel:328:14)
    at wrapModuleLoad (node:internal/modules/cjs/loader:245:24)
    at Module.executeUserEntryPoint [as runMain] (node:internal/modules/run_main:154:5)
    at node:internal/main/run_main_module:33:47 {"error":{},"exception":true,"date":"Thu Mar 26 2026 12:05:08 GMT+0530 (India Standard Time)","process":{"pid":5732,"uid":null,"gid":null,"cwd":"D:\\Projects\\BioBrainMdb","execPath":"C:\\Program Files\\nodejs\\node.exe","version":"v24.13.1","argv":["C:\\Program Files\\nodejs\\node.exe","D:\\Projects\\BioBrainMdb\\server.js"],"memoryUsage":{"rss":82718720,"heapTotal":38371328,"heapUsed":24391488,"external":20793840,"arrayBuffers":18265192}},"os":{"loadavg":[0,0,0],"uptime":398987.468},"trace":[{"column":42,"file":"D:\\Projects\\BioBrainMdb\\server.js","function":null,"line":130,"method":null,"native":false},{"column":14,"file":"node:internal/modules/cjs/loader","function":"Module._compile","line":1804,"method":"_compile","native":false},{"column":10,"file":"node:internal/modules/cjs/loader","function":"Object..js","line":1936,"method":".js","native":false},{"column":32,"file":"node:internal/modules/cjs/loader","function":"Module.load","line":1525,"method":"load","native":false},{"column":12,"file":"node:internal/modules/cjs/loader","function":"Module._load","line":1327,"method":"_load","native":false},{"column":14,"file":"node:diagnostics_channel","function":"TracingChannel.traceSync","line":328,"method":"traceSync","native":false},{"column":24,"file":"node:internal/modules/cjs/loader","function":"wrapModuleLoad","line":245,"method":null,"native":false},{"column":5,"file":"node:internal/modules/run_main","function":"Module.executeUserEntryPoint [as runMain]","line":154,"method":"executeUserEntryPoint [as runMain]","native":false},{"column":47,"file":"node:internal/main/run_main_module","function":null,"line":33,"method":null,"native":false}]}
2026-03-26 12:06:02 [ERROR]: ReferenceError: mongoURI is not defined
    at Object.<anonymous> (D:\Projects\BioBrainMdb\server.js:131:42)
    at Module._compile (node:internal/modules/cjs/loader:1804:14)
    at Object..js (node:internal/modules/cjs/loader:1936:10)
    at Module.load (node:internal/modules/cjs/loader:1525:32)
    at Module._load (node:internal/modules/cjs/loader:1327:12)
    at TracingChannel.traceSync (node:diagnostics_channel:328:14)
    at wrapModuleLoad (node:internal/modules/cjs/loader:245:24)
    at Module.executeUserEntryPoint [as runMain] (node:internal/modules/run_main:154:5)
    at node:internal/main/run_main_module:33:47 {"error":{},"exception":true,"date":"Thu Mar 26 2026 12:06:02 GMT+0530 (India Standard Time)","process":{"pid":14920,"uid":null,"gid":null,"cwd":"D:\\Projects\\BioBrainMdb","execPath":"C:\\Program Files\\nodejs\\node.exe","version":"v24.13.1","argv":["C:\\Program Files\\nodejs\\node.exe","D:\\Projects\\BioBrainMdb\\server.js"],"memoryUsage":{"rss":83582976,"heapTotal":54886400,"heapUsed":25044296,"external":20793840,"arrayBuffers":18265192}},"os":{"loadavg":[0,0,0],"uptime":399040.859},"trace":[{"column":42,"file":"D:\\Projects\\BioBrainMdb\\server.js","function":null,"line":131,"method":null,"native":false},{"column":14,"file":"node:internal/modules/cjs/loader","function":"Module._compile","line":1804,"method":"_compile","native":false},{"column":10,"file":"node:internal/modules/cjs/loader","function":"Object..js","line":1936,"method":".js","native":false},{"column":32,"file":"node:internal/modules/cjs/loader","function":"Module.load","line":1525,"method":"load","native":false},{"column":12,"file":"node:internal/modules/cjs/loader","function":"Module._load","line":1327,"method":"_load","native":false},{"column":14,"file":"node:diagnostics_channel","function":"TracingChannel.traceSync","line":328,"method":"traceSync","native":false},{"column":24,"file":"node:internal/modules/cjs/loader","function":"wrapModuleLoad","line":245,"method":null,"native":false},{"column":5,"file":"node:internal/modules/run_main","function":"Module.executeUserEntryPoint [as runMain]","line":154,"method":"executeUserEntryPoint [as runMain]","native":false},{"column":47,"file":"node:internal/main/run_main_module","function":null,"line":33,"method":null,"native":false}]}
2026-03-26 12:06:30 [ERROR]: ReferenceError: mongoURI is not defined
    at Object.<anonymous> (D:\Projects\BioBrainMdb\server.js:131:42)
    at Module._compile (node:internal/modules/cjs/loader:1804:14)
    at Object..js (node:internal/modules/cjs/loader:1936:10)
    at Module.load (node:internal/modules/cjs/loader:1525:32)
    at Module._load (node:internal/modules/cjs/loader:1327:12)
    at TracingChannel.traceSync (node:diagnostics_channel:328:14)
    at wrapModuleLoad (node:internal/modules/cjs/loader:245:24)
    at Module.executeUserEntryPoint [as runMain] (node:internal/modules/run_main:154:5)
    at node:internal/main/run_main_module:33:47 {"error":{},"exception":true,"date":"Thu Mar 26 2026 12:06:30 GMT+0530 (India Standard Time)","process":{"pid":11656,"uid":null,"gid":null,"cwd":"D:\\Projects\\BioBrainMdb","execPath":"C:\\Program Files\\nodejs\\node.exe","version":"v24.13.1","argv":["C:\\Program Files\\nodejs\\node.exe","D:\\Projects\\BioBrainMdb\\server.js"],"memoryUsage":{"rss":82558976,"heapTotal":38633472,"heapUsed":24786072,"external":20793840,"arrayBuffers":18265192}},"os":{"loadavg":[0,0,0],"uptime":399069.359},"trace":[{"column":42,"file":"D:\\Projects\\BioBrainMdb\\server.js","function":null,"line":131,"method":null,"native":false},{"column":14,"file":"node:internal/modules/cjs/loader","function":"Module._compile","line":1804,"method":"_compile","native":false},{"column":10,"file":"node:internal/modules/cjs/loader","function":"Object..js","line":1936,"method":".js","native":false},{"column":32,"file":"node:internal/modules/cjs/loader","function":"Module.load","line":1525,"method":"load","native":false},{"column":12,"file":"node:internal/modules/cjs/loader","function":"Module._load","line":1327,"method":"_load","native":false},{"column":14,"file":"node:diagnostics_channel","function":"TracingChannel.traceSync","line":328,"method":"traceSync","native":false},{"column":24,"file":"node:internal/modules/cjs/loader","function":"wrapModuleLoad","line":245,"method":null,"native":false},{"column":5,"file":"node:internal/modules/run_main","function":"Module.executeUserEntryPoint [as runMain]","line":154,"method":"executeUserEntryPoint [as runMain]","native":false},{"column":47,"file":"node:internal/main/run_main_module","function":null,"line":33,"method":null,"native":false}]}
2026-03-26 12:07:13 [ERROR]: ReferenceError: mongoURI is not defined
    at Object.<anonymous> (D:\Projects\BioBrainMdb\server.js:132:42)
    at Module._compile (node:internal/modules/cjs/loader:1804:14)
    at Object..js (node:internal/modules/cjs/loader:1936:10)
    at Module.load (node:internal/modules/cjs/loader:1525:32)
    at Module._load (node:internal/modules/cjs/loader:1327:12)
    at TracingChannel.traceSync (node:diagnostics_channel:328:14)
    at wrapModuleLoad (node:internal/modules/cjs/loader:245:24)
    at Module.executeUserEntryPoint [as runMain] (node:internal/modules/run_main:154:5)
    at node:internal/main/run_main_module:33:47 {"error":{},"exception":true,"date":"Thu Mar 26 2026 12:07:13 GMT+0530 (India Standard Time)","process":{"pid":16196,"uid":null,"gid":null,"cwd":"D:\\Projects\\BioBrainMdb","execPath":"C:\\Program Files\\nodejs\\node.exe","version":"v24.13.1","argv":["C:\\Program Files\\nodejs\\node.exe","D:\\Projects\\BioBrainMdb\\server.js"],"memoryUsage":{"rss":83877888,"heapTotal":57245696,"heapUsed":22321752,"external":20793840,"arrayBuffers":18265192}},"os":{"loadavg":[0,0,0],"uptime":399112.359},"trace":[{"column":42,"file":"D:\\Projects\\BioBrainMdb\\server.js","function":null,"line":132,"method":null,"native":false},{"column":14,"file":"node:internal/modules/cjs/loader","function":"Module._compile","line":1804,"method":"_compile","native":false},{"column":10,"file":"node:internal/modules/cjs/loader","function":"Object..js","line":1936,"method":".js","native":false},{"column":32,"file":"node:internal/modules/cjs/loader","function":"Module.load","line":1525,"method":"load","native":false},{"column":12,"file":"node:internal/modules/cjs/loader","function":"Module._load","line":1327,"method":"_load","native":false},{"column":14,"file":"node:diagnostics_channel","function":"TracingChannel.traceSync","line":328,"method":"traceSync","native":false},{"column":24,"file":"node:internal/modules/cjs/loader","function":"wrapModuleLoad","line":245,"method":null,"native":false},{"column":5,"file":"node:internal/modules/run_main","function":"Module.executeUserEntryPoint [as runMain]","line":154,"method":"executeUserEntryPoint [as runMain]","native":false},{"column":47,"file":"node:internal/main/run_main_module","function":null,"line":33,"method":null,"native":false}]}
2026-03-26 12:19:00 [ERROR]: ReferenceError: mongoURI is not defined
    at Object.<anonymous> (D:\Projects\BioBrainMdb\server.js:131:42)
    at Module._compile (node:internal/modules/cjs/loader:1804:14)
    at Object..js (node:internal/modules/cjs/loader:1936:10)
    at Module.load (node:internal/modules/cjs/loader:1525:32)
    at Module._load (node:internal/modules/cjs/loader:1327:12)
    at TracingChannel.traceSync (node:diagnostics_channel:328:14)
    at wrapModuleLoad (node:internal/modules/cjs/loader:245:24)
    at Module.executeUserEntryPoint [as runMain] (node:internal/modules/run_main:154:5)
    at node:internal/main/run_main_module:33:47 {"error":{},"exception":true,"date":"Thu Mar 26 2026 12:19:00 GMT+0530 (India Standard Time)","process":{"pid":11200,"uid":null,"gid":null,"cwd":"D:\\Projects\\BioBrainMdb","execPath":"C:\\Program Files\\nodejs\\node.exe","version":"v24.13.1","argv":["C:\\Program Files\\nodejs\\node.exe","D:\\Projects\\BioBrainMdb\\server.js"],"memoryUsage":{"rss":83120128,"heapTotal":38371328,"heapUsed":24848720,"external":20793840,"arrayBuffers":18265192}},"os":{"loadavg":[0,0,0],"uptime":399818.89},"trace":[{"column":42,"file":"D:\\Projects\\BioBrainMdb\\server.js","function":null,"line":131,"method":null,"native":false},{"column":14,"file":"node:internal/modules/cjs/loader","function":"Module._compile","line":1804,"method":"_compile","native":false},{"column":10,"file":"node:internal/modules/cjs/loader","function":"Object..js","line":1936,"method":".js","native":false},{"column":32,"file":"node:internal/modules/cjs/loader","function":"Module.load","line":1525,"method":"load","native":false},{"column":12,"file":"node:internal/modules/cjs/loader","function":"Module._load","line":1327,"method":"_load","native":false},{"column":14,"file":"node:diagnostics_channel","function":"TracingChannel.traceSync","line":328,"method":"traceSync","native":false},{"column":24,"file":"node:internal/modules/cjs/loader","function":"wrapModuleLoad","line":245,"method":null,"native":false},{"column":5,"file":"node:internal/modules/run_main","function":"Module.executeUserEntryPoint [as runMain]","line":154,"method":"executeUserEntryPoint [as runMain]","native":false},{"column":47,"file":"node:internal/main/run_main_module","function":null,"line":33,"method":null,"native":false}]}
2026-03-26 12:21:12 [ERROR]: ReferenceError: mongoURI is not defined
    at Object.<anonymous> (D:\Projects\BioBrainMdb\server.js:132:42)
    at Module._compile (node:internal/modules/cjs/loader:1804:14)
    at Object..js (node:internal/modules/cjs/loader:1936:10)
    at Module.load (node:internal/modules/cjs/loader:1525:32)
    at Module._load (node:internal/modules/cjs/loader:1327:12)
    at TracingChannel.traceSync (node:diagnostics_channel:328:14)
    at wrapModuleLoad (node:internal/modules/cjs/loader:245:24)
    at Module.executeUserEntryPoint [as runMain] (node:internal/modules/run_main:154:5)
    at node:internal/main/run_main_module:33:47 {"error":{},"exception":true,"date":"Thu Mar 26 2026 12:21:12 GMT+0530 (India Standard Time)","process":{"pid":7704,"uid":null,"gid":null,"cwd":"D:\\Projects\\BioBrainMdb","execPath":"C:\\Program Files\\nodejs\\node.exe","version":"v24.13.1","argv":["C:\\Program Files\\nodejs\\node.exe","D:\\Projects\\BioBrainMdb\\server.js"],"memoryUsage":{"rss":83009536,"heapTotal":38371328,"heapUsed":24831504,"external":20793840,"arrayBuffers":18265192}},"os":{"loadavg":[0,0,0],"uptime":399950.812},"trace":[{"column":42,"file":"D:\\Projects\\BioBrainMdb\\server.js","function":null,"line":132,"method":null,"native":false},{"column":14,"file":"node:internal/modules/cjs/loader","function":"Module._compile","line":1804,"method":"_compile","native":false},{"column":10,"file":"node:internal/modules/cjs/loader","function":"Object..js","line":1936,"method":".js","native":false},{"column":32,"file":"node:internal/modules/cjs/loader","function":"Module.load","line":1525,"method":"load","native":false},{"column":12,"file":"node:internal/modules/cjs/loader","function":"Module._load","line":1327,"method":"_load","native":false},{"column":14,"file":"node:diagnostics_channel","function":"TracingChannel.traceSync","line":328,"method":"traceSync","native":false},{"column":24,"file":"node:internal/modules/cjs/loader","function":"wrapModuleLoad","line":245,"method":null,"native":false},{"column":5,"file":"node:internal/modules/run_main","function":"Module.executeUserEntryPoint [as runMain]","line":154,"method":"executeUserEntryPoint [as runMain]","native":false},{"column":47,"file":"node:internal/main/run_main_module","function":null,"line":33,"method":null,"native":false}]}
2026-03-26 12:24:31 [ERROR]: ReferenceError: mongoURI is not defined
    at Object.<anonymous> (D:\Projects\BioBrainMdb\server.js:132:42)
    at Module._compile (node:internal/modules/cjs/loader:1804:14)
    at Object..js (node:internal/modules/cjs/loader:1936:10)
    at Module.load (node:internal/modules/cjs/loader:1525:32)
    at Module._load (node:internal/modules/cjs/loader:1327:12)
    at TracingChannel.traceSync (node:diagnostics_channel:328:14)
    at wrapModuleLoad (node:internal/modules/cjs/loader:245:24)
    at Module.executeUserEntryPoint [as runMain] (node:internal/modules/run_main:154:5)
    at node:internal/main/run_main_module:33:47 {"error":{},"exception":true,"date":"Thu Mar 26 2026 12:24:31 GMT+0530 (India Standard Time)","process":{"pid":12864,"uid":null,"gid":null,"cwd":"D:\\Projects\\BioBrainMdb","execPath":"C:\\Program Files\\nodejs\\node.exe","version":"v24.13.1","argv":["C:\\Program Files\\nodejs\\node.exe","D:\\Projects\\BioBrainMdb\\server.js"],"memoryUsage":{"rss":81793024,"heapTotal":56557568,"heapUsed":22538344,"external":20763892,"arrayBuffers":18264868}},"os":{"loadavg":[0,0,0],"uptime":400149.875},"trace":[{"column":42,"file":"D:\\Projects\\BioBrainMdb\\server.js","function":null,"line":132,"method":null,"native":false},{"column":14,"file":"node:internal/modules/cjs/loader","function":"Module._compile","line":1804,"method":"_compile","native":false},{"column":10,"file":"node:internal/modules/cjs/loader","function":"Object..js","line":1936,"method":".js","native":false},{"column":32,"file":"node:internal/modules/cjs/loader","function":"Module.load","line":1525,"method":"load","native":false},{"column":12,"file":"node:internal/modules/cjs/loader","function":"Module._load","line":1327,"method":"_load","native":false},{"column":14,"file":"node:diagnostics_channel","function":"TracingChannel.traceSync","line":328,"method":"traceSync","native":false},{"column":24,"file":"node:internal/modules/cjs/loader","function":"wrapModuleLoad","line":245,"method":null,"native":false},{"column":5,"file":"node:internal/modules/run_main","function":"Module.executeUserEntryPoint [as runMain]","line":154,"method":"executeUserEntryPoint [as runMain]","native":false},{"column":47,"file":"node:internal/main/run_main_module","function":null,"line":33,"method":null,"native":false}]}
2026-03-26 12:24:53 [ERROR]: ReferenceError: mongoURI is not defined
    at Object.<anonymous> (D:\Projects\BioBrainMdb\server.js:132:42)
    at Module._compile (node:internal/modules/cjs/loader:1804:14)
    at Object..js (node:internal/modules/cjs/loader:1936:10)
    at Module.load (node:internal/modules/cjs/loader:1525:32)
    at Module._load (node:internal/modules/cjs/loader:1327:12)
    at TracingChannel.traceSync (node:diagnostics_channel:328:14)
    at wrapModuleLoad (node:internal/modules/cjs/loader:245:24)
    at Module.executeUserEntryPoint [as runMain] (node:internal/modules/run_main:154:5)
    at node:internal/main/run_main_module:33:47 {"error":{},"exception":true,"date":"Thu Mar 26 2026 12:24:53 GMT+0530 (India Standard Time)","process":{"pid":9300,"uid":null,"gid":null,"cwd":"D:\\Projects\\BioBrainMdb","execPath":"C:\\Program Files\\nodejs\\node.exe","version":"v24.13.1","argv":["C:\\Program Files\\nodejs\\node.exe","D:\\Projects\\BioBrainMdb\\server.js"],"memoryUsage":{"rss":81965056,"heapTotal":38207488,"heapUsed":23402784,"external":20763892,"arrayBuffers":18264868}},"os":{"loadavg":[0,0,0],"uptime":400172.218},"trace":[{"column":42,"file":"D:\\Projects\\BioBrainMdb\\server.js","function":null,"line":132,"method":null,"native":false},{"column":14,"file":"node:internal/modules/cjs/loader","function":"Module._compile","line":1804,"method":"_compile","native":false},{"column":10,"file":"node:internal/modules/cjs/loader","function":"Object..js","line":1936,"method":".js","native":false},{"column":32,"file":"node:internal/modules/cjs/loader","function":"Module.load","line":1525,"method":"load","native":false},{"column":12,"file":"node:internal/modules/cjs/loader","function":"Module._load","line":1327,"method":"_load","native":false},{"column":14,"file":"node:diagnostics_channel","function":"TracingChannel.traceSync","line":328,"method":"traceSync","native":false},{"column":24,"file":"node:internal/modules/cjs/loader","function":"wrapModuleLoad","line":245,"method":null,"native":false},{"column":5,"file":"node:internal/modules/run_main","function":"Module.executeUserEntryPoint [as runMain]","line":154,"method":"executeUserEntryPoint [as runMain]","native":false},{"column":47,"file":"node:internal/main/run_main_module","function":null,"line":33,"method":null,"native":false}]}
2026-03-26 12:25:41 [ERROR]: ReferenceError: mongoURI is not defined
    at Object.<anonymous> (D:\Projects\BioBrainMdb\server.js:132:42)
    at Module._compile (node:internal/modules/cjs/loader:1804:14)
    at Object..js (node:internal/modules/cjs/loader:1936:10)
    at Module.load (node:internal/modules/cjs/loader:1525:32)
    at Module._load (node:internal/modules/cjs/loader:1327:12)
    at TracingChannel.traceSync (node:diagnostics_channel:328:14)
    at wrapModuleLoad (node:internal/modules/cjs/loader:245:24)
    at Module.executeUserEntryPoint [as runMain] (node:internal/modules/run_main:154:5)
    at node:internal/main/run_main_module:33:47 {"error":{},"exception":true,"date":"Thu Mar 26 2026 12:25:41 GMT+0530 (India Standard Time)","process":{"pid":15952,"uid":null,"gid":null,"cwd":"D:\\Projects\\BioBrainMdb","execPath":"C:\\Program Files\\nodejs\\node.exe","version":"v24.13.1","argv":["C:\\Program Files\\nodejs\\node.exe","D:\\Projects\\BioBrainMdb\\server.js"],"memoryUsage":{"rss":82759680,"heapTotal":38633472,"heapUsed":24116992,"external":20793872,"arrayBuffers":18265224}},"os":{"loadavg":[0,0,0],"uptime":400220.078},"trace":[{"column":42,"file":"D:\\Projects\\BioBrainMdb\\server.js","function":null,"line":132,"method":null,"native":false},{"column":14,"file":"node:internal/modules/cjs/loader","function":"Module._compile","line":1804,"method":"_compile","native":false},{"column":10,"file":"node:internal/modules/cjs/loader","function":"Object..js","line":1936,"method":".js","native":false},{"column":32,"file":"node:internal/modules/cjs/loader","function":"Module.load","line":1525,"method":"load","native":false},{"column":12,"file":"node:internal/modules/cjs/loader","function":"Module._load","line":1327,"method":"_load","native":false},{"column":14,"file":"node:diagnostics_channel","function":"TracingChannel.traceSync","line":328,"method":"traceSync","native":false},{"column":24,"file":"node:internal/modules/cjs/loader","function":"wrapModuleLoad","line":245,"method":null,"native":false},{"column":5,"file":"node:internal/modules/run_main","function":"Module.executeUserEntryPoint [as runMain]","line":154,"method":"executeUserEntryPoint [as runMain]","native":false},{"column":47,"file":"node:internal/main/run_main_module","function":null,"line":33,"method":null,"native":false}]}
2026-03-26 12:32:58 [ERROR]: ReferenceError: mongoURI is not defined
    at Object.<anonymous> (D:\Projects\BioBrainMdb\server.js:125:42)
    at Module._compile (node:internal/modules/cjs/loader:1804:14)
    at Object..js (node:internal/modules/cjs/loader:1936:10)
    at Module.load (node:internal/modules/cjs/loader:1525:32)
    at Module._load (node:internal/modules/cjs/loader:1327:12)
    at TracingChannel.traceSync (node:diagnostics_channel:328:14)
    at wrapModuleLoad (node:internal/modules/cjs/loader:245:24)
    at Module.executeUserEntryPoint [as runMain] (node:internal/modules/run_main:154:5)
    at node:internal/main/run_main_module:33:47 {"error":{},"exception":true,"date":"Thu Mar 26 2026 12:32:58 GMT+0530 (India Standard Time)","process":{"pid":11516,"uid":null,"gid":null,"cwd":"D:\\Projects\\BioBrainMdb","execPath":"C:\\Program Files\\nodejs\\node.exe","version":"v24.13.1","argv":["C:\\Program Files\\nodejs\\node.exe","D:\\Projects\\BioBrainMdb\\server.js"],"memoryUsage":{"rss":83365888,"heapTotal":55148544,"heapUsed":25154696,"external":20793872,"arrayBuffers":18265224}},"os":{"loadavg":[0,0,0],"uptime":400657.609},"trace":[{"column":42,"file":"D:\\Projects\\BioBrainMdb\\server.js","function":null,"line":125,"method":null,"native":false},{"column":14,"file":"node:internal/modules/cjs/loader","function":"Module._compile","line":1804,"method":"_compile","native":false},{"column":10,"file":"node:internal/modules/cjs/loader","function":"Object..js","line":1936,"method":".js","native":false},{"column":32,"file":"node:internal/modules/cjs/loader","function":"Module.load","line":1525,"method":"load","native":false},{"column":12,"file":"node:internal/modules/cjs/loader","function":"Module._load","line":1327,"method":"_load","native":false},{"column":14,"file":"node:diagnostics_channel","function":"TracingChannel.traceSync","line":328,"method":"traceSync","native":false},{"column":24,"file":"node:internal/modules/cjs/loader","function":"wrapModuleLoad","line":245,"method":null,"native":false},{"column":5,"file":"node:internal/modules/run_main","function":"Module.executeUserEntryPoint [as runMain]","line":154,"method":"executeUserEntryPoint [as runMain]","native":false},{"column":47,"file":"node:internal/main/run_main_module","function":null,"line":33,"method":null,"native":false}]}
2026-03-26 13:28:35 [ERROR]: ReferenceError: mongoURI is not defined
    at Object.<anonymous> (D:\Projects\BioBrainMdb\server.js:134:42)
    at Module._compile (node:internal/modules/cjs/loader:1804:14)
    at Object..js (node:internal/modules/cjs/loader:1936:10)
    at Module.load (node:internal/modules/cjs/loader:1525:32)
    at Module._load (node:internal/modules/cjs/loader:1327:12)
    at TracingChannel.traceSync (node:diagnostics_channel:328:14)
    at wrapModuleLoad (node:internal/modules/cjs/loader:245:24)
    at Module.executeUserEntryPoint [as runMain] (node:internal/modules/run_main:154:5)
    at node:internal/main/run_main_module:33:47 {"error":{},"exception":true,"date":"Thu Mar 26 2026 13:28:35 GMT+0530 (India Standard Time)","process":{"pid":15312,"uid":null,"gid":null,"cwd":"D:\\Projects\\BioBrainMdb","execPath":"C:\\Program Files\\nodejs\\node.exe","version":"v24.13.1","argv":["C:\\Program Files\\nodejs\\node.exe","D:\\Projects\\BioBrainMdb\\server.js"],"memoryUsage":{"rss":83329024,"heapTotal":55148544,"heapUsed":25249720,"external":20793840,"arrayBuffers":18265192}},"os":{"loadavg":[0,0,0],"uptime":403994.031},"trace":[{"column":42,"file":"D:\\Projects\\BioBrainMdb\\server.js","function":null,"line":134,"method":null,"native":false},{"column":14,"file":"node:internal/modules/cjs/loader","function":"Module._compile","line":1804,"method":"_compile","native":false},{"column":10,"file":"node:internal/modules/cjs/loader","function":"Object..js","line":1936,"method":".js","native":false},{"column":32,"file":"node:internal/modules/cjs/loader","function":"Module.load","line":1525,"method":"load","native":false},{"column":12,"file":"node:internal/modules/cjs/loader","function":"Module._load","line":1327,"method":"_load","native":false},{"column":14,"file":"node:diagnostics_channel","function":"TracingChannel.traceSync","line":328,"method":"traceSync","native":false},{"column":24,"file":"node:internal/modules/cjs/loader","function":"wrapModuleLoad","line":245,"method":null,"native":false},{"column":5,"file":"node:internal/modules/run_main","function":"Module.executeUserEntryPoint [as runMain]","line":154,"method":"executeUserEntryPoint [as runMain]","native":false},{"column":47,"file":"node:internal/main/run_main_module","function":null,"line":33,"method":null,"native":false}]}
