2026-03-25 16:56:54 [ERROR]: TypeError: argument handler must be a function
    at Route.<computed> [as post] (D:\Projects\BioBrainMdb\node_modules\router\lib\route.js:228:15)
    at Router.<computed> [as post] (D:\Projects\BioBrainMdb\node_modules\router\index.js:448:19)
    at Object.<anonymous> (D:\Projects\BioBrainMdb\routes\mocktest.js:34:8)
    at Module._compile (node:internal/modules/cjs/loader:1804:14)
    at Object..js (node:internal/modules/cjs/loader:1936:10)
    at Module.load (node:internal/modules/cjs/loader:1525:32)
    at Module._load (node:internal/modules/cjs/loader:1327:12)
    at TracingChannel.traceSync (node:diagnostics_channel:328:14)
    at wrapModuleLoad (node:internal/modules/cjs/loader:245:24)
    at Module.require (node:internal/modules/cjs/loader:1548:12) {"error":{},"exception":true,"date":"Wed Mar 25 2026 16:56:54 GMT+0530 (India Standard Time)","process":{"pid":16828,"uid":null,"gid":null,"cwd":"D:\\Projects\\BioBrainMdb","execPath":"C:\\Program Files\\nodejs\\node.exe","version":"v24.13.1","argv":["C:\\Program Files\\nodejs\\node.exe","D:\\Projects\\BioBrainMdb\\server.js"],"memoryUsage":{"rss":112316416,"heapTotal":69799936,"heapUsed":45217096,"external":22990060,"arrayBuffers":20319910}},"os":{"loadavg":[0,0,0],"uptime":330093.812},"trace":[{"column":15,"file":"D:\\Projects\\BioBrainMdb\\node_modules\\router\\lib\\route.js","function":"Route.<computed> [as post]","line":228,"method":"<computed> [as post]","native":false},{"column":19,"file":"D:\\Projects\\BioBrainMdb\\node_modules\\router\\index.js","function":"Router.<computed> [as post]","line":448,"method":"<computed> [as post]","native":false},{"column":8,"file":"D:\\Projects\\BioBrainMdb\\routes\\mocktest.js","function":null,"line":34,"method":null,"native":false},{"column":14,"file":"node:internal/modules/cjs/loader","function":"Module._compile","line":1804,"method":"_compile","native":false},{"column":10,"file":"node:internal/modules/cjs/loader","function":"Object..js","line":1936,"method":".js","native":false},{"column":32,"file":"node:internal/modules/cjs/loader","function":"Module.load","line":1525,"method":"load","native":false},{"column":12,"file":"node:internal/modules/cjs/loader","function":"Module._load","line":1327,"method":"_load","native":false},{"column":14,"file":"node:diagnostics_channel","function":"TracingChannel.traceSync","line":328,"method":"traceSync","native":false},{"column":24,"file":"node:internal/modules/cjs/loader","function":"wrapModuleLoad","line":245,"method":null,"native":false},{"column":12,"file":"node:internal/modules/cjs/loader","function":"Module.require","line":1548,"method":"require","native":false}]}
2026-03-25 17:42:54 [ERROR]: Error: Cannot find module '../utils/logger'
Require stack:
- D:\Projects\BioBrainMdb\services\ai\aiExplainAnswerService.js
- D:\Projects\BioBrainMdb\controllers\aiAssistanceController.js
- D:\Projects\BioBrainMdb\routes\aiAssistant.js
- D:\Projects\BioBrainMdb\server.js
    at Module._resolveFilename (node:internal/modules/cjs/loader:1448:15)
    at defaultResolveImpl (node:internal/modules/cjs/loader:1059:19)
    at resolveForCJSWithHooks (node:internal/modules/cjs/loader:1064:22)
    at Module._load (node:internal/modules/cjs/loader:1234:25)
    at TracingChannel.traceSync (node:diagnostics_channel:328:14)
    at wrapModuleLoad (node:internal/modules/cjs/loader:245:24)
    at Module.require (node:internal/modules/cjs/loader:1548:12)
    at require (node:internal/modules/helpers:152:16)
    at Object.<anonymous> (D:\Projects\BioBrainMdb\services\ai\aiExplainAnswerService.js:2:16)
    at Module._compile (node:internal/modules/cjs/loader:1804:14) {"error":{"code":"MODULE_NOT_FOUND","requireStack":["D:\\Projects\\BioBrainMdb\\services\\ai\\aiExplainAnswerService.js","D:\\Projects\\BioBrainMdb\\controllers\\aiAssistanceController.js","D:\\Projects\\BioBrainMdb\\routes\\aiAssistant.js","D:\\Projects\\BioBrainMdb\\server.js"]},"exception":true,"date":"Wed Mar 25 2026 17:42:54 GMT+0530 (India Standard Time)","process":{"pid":1364,"uid":null,"gid":null,"cwd":"D:\\Projects\\BioBrainMdb","execPath":"C:\\Program Files\\nodejs\\node.exe","version":"v24.13.1","argv":["C:\\Program Files\\nodejs\\node.exe","D:\\Projects\\BioBrainMdb\\server.js"],"memoryUsage":{"rss":113504256,"heapTotal":67702784,"heapUsed":46421792,"external":22990060,"arrayBuffers":20319910}},"os":{"loadavg":[0,0,0],"uptime":332852.953},"trace":[{"column":15,"file":"node:internal/modules/cjs/loader","function":"Module._resolveFilename","line":1448,"method":"_resolveFilename","native":false},{"column":19,"file":"node:internal/modules/cjs/loader","function":"defaultResolveImpl","line":1059,"method":null,"native":false},{"column":22,"file":"node:internal/modules/cjs/loader","function":"resolveForCJSWithHooks","line":1064,"method":null,"native":false},{"column":25,"file":"node:internal/modules/cjs/loader","function":"Module._load","line":1234,"method":"_load","native":false},{"column":14,"file":"node:diagnostics_channel","function":"TracingChannel.traceSync","line":328,"method":"traceSync","native":false},{"column":24,"file":"node:internal/modules/cjs/loader","function":"wrapModuleLoad","line":245,"method":null,"native":false},{"column":12,"file":"node:internal/modules/cjs/loader","function":"Module.require","line":1548,"method":"require","native":false},{"column":16,"file":"node:internal/modules/helpers","function":"require","line":152,"method":null,"native":false},{"column":16,"file":"D:\\Projects\\BioBrainMdb\\services\\ai\\aiExplainAnswerService.js","function":null,"line":2,"method":null,"native":false},{"column":14,"file":"node:internal/modules/cjs/loader","function":"Module._compile","line":1804,"method":"_compile","native":false}]}
2026-03-25 17:45:39 [ERROR]: Error: Cannot find module '../utils/logger'
Require stack:
- D:\Projects\BioBrainMdb\services\ai\aiExplainAnswerService.js
- D:\Projects\BioBrainMdb\controllers\aiAssistanceController.js
- D:\Projects\BioBrainMdb\routes\aiAssistant.js
- D:\Projects\BioBrainMdb\server.js
    at Module._resolveFilename (node:internal/modules/cjs/loader:1448:15)
    at defaultResolveImpl (node:internal/modules/cjs/loader:1059:19)
    at resolveForCJSWithHooks (node:internal/modules/cjs/loader:1064:22)
    at Module._load (node:internal/modules/cjs/loader:1234:25)
    at TracingChannel.traceSync (node:diagnostics_channel:328:14)
    at wrapModuleLoad (node:internal/modules/cjs/loader:245:24)
    at Module.require (node:internal/modules/cjs/loader:1548:12)
    at require (node:internal/modules/helpers:152:16)
    at Object.<anonymous> (D:\Projects\BioBrainMdb\services\ai\aiExplainAnswerService.js:2:16)
    at Module._compile (node:internal/modules/cjs/loader:1804:14) {"error":{"code":"MODULE_NOT_FOUND","requireStack":["D:\\Projects\\BioBrainMdb\\services\\ai\\aiExplainAnswerService.js","D:\\Projects\\BioBrainMdb\\controllers\\aiAssistanceController.js","D:\\Projects\\BioBrainMdb\\routes\\aiAssistant.js","D:\\Projects\\BioBrainMdb\\server.js"]},"exception":true,"date":"Wed Mar 25 2026 17:45:39 GMT+0530 (India Standard Time)","process":{"pid":10236,"uid":null,"gid":null,"cwd":"D:\\Projects\\BioBrainMdb","execPath":"C:\\Program Files\\nodejs\\node.exe","version":"v24.13.1","argv":["C:\\Program Files\\nodejs\\node.exe","D:\\Projects\\BioBrainMdb\\server.js"],"memoryUsage":{"rss":110354432,"heapTotal":69013504,"heapUsed":42211064,"external":22987076,"arrayBuffers":20316926}},"os":{"loadavg":[0,0,0],"uptime":333017.89},"trace":[{"column":15,"file":"node:internal/modules/cjs/loader","function":"Module._resolveFilename","line":1448,"method":"_resolveFilename","native":false},{"column":19,"file":"node:internal/modules/cjs/loader","function":"defaultResolveImpl","line":1059,"method":null,"native":false},{"column":22,"file":"node:internal/modules/cjs/loader","function":"resolveForCJSWithHooks","line":1064,"method":null,"native":false},{"column":25,"file":"node:internal/modules/cjs/loader","function":"Module._load","line":1234,"method":"_load","native":false},{"column":14,"file":"node:diagnostics_channel","function":"TracingChannel.traceSync","line":328,"method":"traceSync","native":false},{"column":24,"file":"node:internal/modules/cjs/loader","function":"wrapModuleLoad","line":245,"method":null,"native":false},{"column":12,"file":"node:internal/modules/cjs/loader","function":"Module.require","line":1548,"method":"require","native":false},{"column":16,"file":"node:internal/modules/helpers","function":"require","line":152,"method":null,"native":false},{"column":16,"file":"D:\\Projects\\BioBrainMdb\\services\\ai\\aiExplainAnswerService.js","function":null,"line":2,"method":null,"native":false},{"column":14,"file":"node:internal/modules/cjs/loader","function":"Module._compile","line":1804,"method":"_compile","native":false}]}
2026-03-25 17:47:14 [ERROR]: Error: Cannot find module '../models/Result'
Require stack:
- D:\Projects\BioBrainMdb\services\ai\aiAllQuizSummaryService.js
- D:\Projects\BioBrainMdb\controllers\aiAssistanceController.js
- D:\Projects\BioBrainMdb\routes\aiAssistant.js
- D:\Projects\BioBrainMdb\server.js
    at Module._resolveFilename (node:internal/modules/cjs/loader:1448:15)
    at defaultResolveImpl (node:internal/modules/cjs/loader:1059:19)
    at resolveForCJSWithHooks (node:internal/modules/cjs/loader:1064:22)
    at Module._load (node:internal/modules/cjs/loader:1234:25)
    at TracingChannel.traceSync (node:diagnostics_channel:328:14)
    at wrapModuleLoad (node:internal/modules/cjs/loader:245:24)
    at Module.require (node:internal/modules/cjs/loader:1548:12)
    at require (node:internal/modules/helpers:152:16)
    at Object.<anonymous> (D:\Projects\BioBrainMdb\services\ai\aiAllQuizSummaryService.js:2:16)
    at Module._compile (node:internal/modules/cjs/loader:1804:14) {"error":{"code":"MODULE_NOT_FOUND","requireStack":["D:\\Projects\\BioBrainMdb\\services\\ai\\aiAllQuizSummaryService.js","D:\\Projects\\BioBrainMdb\\controllers\\aiAssistanceController.js","D:\\Projects\\BioBrainMdb\\routes\\aiAssistant.js","D:\\Projects\\BioBrainMdb\\server.js"]},"exception":true,"date":"Wed Mar 25 2026 17:47:14 GMT+0530 (India Standard Time)","process":{"pid":5320,"uid":null,"gid":null,"cwd":"D:\\Projects\\BioBrainMdb","execPath":"C:\\Program Files\\nodejs\\node.exe","version":"v24.13.1","argv":["C:\\Program Files\\nodejs\\node.exe","D:\\Projects\\BioBrainMdb\\server.js"],"memoryUsage":{"rss":113266688,"heapTotal":69799936,"heapUsed":46129352,"external":22990060,"arrayBuffers":20319910}},"os":{"loadavg":[0,0,0],"uptime":333113.781},"trace":[{"column":15,"file":"node:internal/modules/cjs/loader","function":"Module._resolveFilename","line":1448,"method":"_resolveFilename","native":false},{"column":19,"file":"node:internal/modules/cjs/loader","function":"defaultResolveImpl","line":1059,"method":null,"native":false},{"column":22,"file":"node:internal/modules/cjs/loader","function":"resolveForCJSWithHooks","line":1064,"method":null,"native":false},{"column":25,"file":"node:internal/modules/cjs/loader","function":"Module._load","line":1234,"method":"_load","native":false},{"column":14,"file":"node:diagnostics_channel","function":"TracingChannel.traceSync","line":328,"method":"traceSync","native":false},{"column":24,"file":"node:internal/modules/cjs/loader","function":"wrapModuleLoad","line":245,"method":null,"native":false},{"column":12,"file":"node:internal/modules/cjs/loader","function":"Module.require","line":1548,"method":"require","native":false},{"column":16,"file":"node:internal/modules/helpers","function":"require","line":152,"method":null,"native":false},{"column":16,"file":"D:\\Projects\\BioBrainMdb\\services\\ai\\aiAllQuizSummaryService.js","function":null,"line":2,"method":null,"native":false},{"column":14,"file":"node:internal/modules/cjs/loader","function":"Module._compile","line":1804,"method":"_compile","native":false}]}
2026-03-25 17:48:29 [ERROR]: TypeError: argument handler must be a function
    at router.use (D:\Projects\BioBrainMdb\node_modules\router\index.js:392:13)
    at app.<anonymous> (D:\Projects\BioBrainMdb\node_modules\express\lib\application.js:222:21)
    at Array.forEach (<anonymous>)
    at app.use (D:\Projects\BioBrainMdb\node_modules\express\lib\application.js:219:7)
    at Object.<anonymous> (D:\Projects\BioBrainMdb\server.js:195:5)
    at Module._compile (node:internal/modules/cjs/loader:1804:14)
    at Object..js (node:internal/modules/cjs/loader:1936:10)
    at Module.load (node:internal/modules/cjs/loader:1525:32)
    at Module._load (node:internal/modules/cjs/loader:1327:12)
    at TracingChannel.traceSync (node:diagnostics_channel:328:14) {"error":{},"exception":true,"date":"Wed Mar 25 2026 17:48:29 GMT+0530 (India Standard Time)","process":{"pid":13640,"uid":null,"gid":null,"cwd":"D:\\Projects\\BioBrainMdb","execPath":"C:\\Program Files\\nodejs\\node.exe","version":"v24.13.1","argv":["C:\\Program Files\\nodejs\\node.exe","D:\\Projects\\BioBrainMdb\\server.js"],"memoryUsage":{"rss":122802176,"heapTotal":109383680,"heapUsed":38344560,"external":22727056,"arrayBuffers":20056906}},"os":{"loadavg":[0,0,0],"uptime":333188.75},"trace":[{"column":13,"file":"D:\\Projects\\BioBrainMdb\\node_modules\\router\\index.js","function":"router.use","line":392,"method":"use","native":false},{"column":21,"file":"D:\\Projects\\BioBrainMdb\\node_modules\\express\\lib\\application.js","function":null,"line":222,"method":null,"native":false},{"column":null,"file":null,"function":"Array.forEach","line":null,"method":"forEach","native":false},{"column":7,"file":"D:\\Projects\\BioBrainMdb\\node_modules\\express\\lib\\application.js","function":"app.use","line":219,"method":"use","native":false},{"column":5,"file":"D:\\Projects\\BioBrainMdb\\server.js","function":null,"line":195,"method":null,"native":false},{"column":14,"file":"node:internal/modules/cjs/loader","function":"Module._compile","line":1804,"method":"_compile","native":false},{"column":10,"file":"node:internal/modules/cjs/loader","function":"Object..js","line":1936,"method":".js","native":false},{"column":32,"file":"node:internal/modules/cjs/loader","function":"Module.load","line":1525,"method":"load","native":false},{"column":12,"file":"node:internal/modules/cjs/loader","function":"Module._load","line":1327,"method":"_load","native":false},{"column":14,"file":"node:diagnostics_channel","function":"TracingChannel.traceSync","line":328,"method":"traceSync","native":false}]}
2026-03-25 17:51:04 [ERROR]: TypeError: argument handler must be a function
    at router.use (D:\Projects\BioBrainMdb\node_modules\router\index.js:392:13)
    at app.<anonymous> (D:\Projects\BioBrainMdb\node_modules\express\lib\application.js:222:21)
    at Array.forEach (<anonymous>)
    at app.use (D:\Projects\BioBrainMdb\node_modules\express\lib\application.js:219:7)
    at Object.<anonymous> (D:\Projects\BioBrainMdb\server.js:195:5)
    at Module._compile (node:internal/modules/cjs/loader:1804:14)
    at Object..js (node:internal/modules/cjs/loader:1936:10)
    at Module.load (node:internal/modules/cjs/loader:1525:32)
    at Module._load (node:internal/modules/cjs/loader:1327:12)
    at TracingChannel.traceSync (node:diagnostics_channel:328:14) {"error":{},"exception":true,"date":"Wed Mar 25 2026 17:51:04 GMT+0530 (India Standard Time)","process":{"pid":14032,"uid":null,"gid":null,"cwd":"D:\\Projects\\BioBrainMdb","execPath":"C:\\Program Files\\nodejs\\node.exe","version":"v24.13.1","argv":["C:\\Program Files\\nodejs\\node.exe","D:\\Projects\\BioBrainMdb\\server.js"],"memoryUsage":{"rss":122466304,"heapTotal":109121536,"heapUsed":38479304,"external":22784187,"arrayBuffers":20114037}},"os":{"loadavg":[0,0,0],"uptime":333343.609},"trace":[{"column":13,"file":"D:\\Projects\\BioBrainMdb\\node_modules\\router\\index.js","function":"router.use","line":392,"method":"use","native":false},{"column":21,"file":"D:\\Projects\\BioBrainMdb\\node_modules\\express\\lib\\application.js","function":null,"line":222,"method":null,"native":false},{"column":null,"file":null,"function":"Array.forEach","line":null,"method":"forEach","native":false},{"column":7,"file":"D:\\Projects\\BioBrainMdb\\node_modules\\express\\lib\\application.js","function":"app.use","line":219,"method":"use","native":false},{"column":5,"file":"D:\\Projects\\BioBrainMdb\\server.js","function":null,"line":195,"method":null,"native":false},{"column":14,"file":"node:internal/modules/cjs/loader","function":"Module._compile","line":1804,"method":"_compile","native":false},{"column":10,"file":"node:internal/modules/cjs/loader","function":"Object..js","line":1936,"method":".js","native":false},{"column":32,"file":"node:internal/modules/cjs/loader","function":"Module.load","line":1525,"method":"load","native":false},{"column":12,"file":"node:internal/modules/cjs/loader","function":"Module._load","line":1327,"method":"_load","native":false},{"column":14,"file":"node:diagnostics_channel","function":"TracingChannel.traceSync","line":328,"method":"traceSync","native":false}]}
